
==< Knight's tour on a 8x8 chessboard starting at (0,0) >==

Execution time: 0.000 s

Path:
[(0,0),(1,2),(2,0),(0,1),(1,3),(0,5),(1,7),(3,6),(5,7),(7,6),(6,4),(7,2),(6,0),(4,1),(6,2),(7,0),(5,1),(3,0),(1,1),(0,3),(1,5),(0,7),(2,6),
(4,7),(6,6),(7,4),(5,5),(6,7),(7,5),(6,3),(7,1),(5,0),(3,1),(1,0),(0,2),(2,1),(4,0),(6,1),(7,3),(5,2),(3,3),(1,4),(0,6),(2,7),(4,6),(5,4),
(4,2),(3,4),(2,2),(4,3),(2,4),(3,2),(5,3),(4,5),(3,7),(1,6),(0,4),(2,5),(4,4),(6,5),(7,7),(5,6),(3,5),(2,3)]

Graphical representation:

	-----------------------------------------
	| ♞ |  3 | 34 | 19 | 56 |  5 | 42 | 21 |
	-----------------------------------------
	| 33 | 18 |  1 |  4 | 41 | 20 | 55 |  6 |
	-----------------------------------------
	|  2 | 35 | 48 | 63 | 50 | 57 | 22 | 43 |
	-----------------------------------------
	| 17 | 32 | 51 | 40 | 47 | 62 |  7 | 54 |
	-----------------------------------------
	| 36 | 13 | 46 | 49 | 58 | 53 | 44 | 23 |
	-----------------------------------------
	| 31 | 16 | 39 | 52 | 45 | 26 | 61 |  8 |
	-----------------------------------------
	| 12 | 37 | 14 | 29 | 10 | 59 | 24 | 27 |
	-----------------------------------------
	| 15 | 30 | 11 | 38 | 25 | 28 |  9 | 60 |
	-----------------------------------------

