
==< Knight's tour on a 105x105 chessboard starting at (6,4) >==

Execution time: 0.060 s

Path:
(6,4),(5,2),(4,0),(2,1),(0,0),(1,2),(2,0),(0,1),(1,3),(0,5),(1,7),(0,9),(1,11),(0,13),(1,15),(0,17)
(1,19),(0,21),(1,23),(0,25),(1,27),(0,29),(1,31),(0,33),(1,35),(0,37),(1,39),(0,41),(1,43),(0,45),(1,47)
(0,49),(1,51),(0,53),(1,55),(0,57),(1,59),(0,61),(1,63),(0,65),(1,67),(0,69),(1,71),(0,73),(1,75),(0,77)
(1,79),(0,81),(1,83),(0,85),(1,87),(0,89),(1,91),(0,93),(1,95),(0,97),(1,99),(0,101),(1,103),(3,104),(5,103)
(7,104),(9,103),(11,104),(13,103),(15,104),(17,103),(19,104),(21,103),(23,104),(25,103),(27,104),(29,103),(31,104),(33,103),(35,104)
(37,103),(39,104),(41,103),(43,104),(45,103),(47,104),(49,103),(51,104),(53,103),(55,104),(57,103),(59,104),(61,103),(63,104),(65,103)
(67,104),(69,103),(71,104),(73,103),(75,104),(77,103),(79,104),(81,103),(83,104),(85,103),(87,104),(89,103),(91,104),(93,103),(95,104)
(97,103),(99,104),(101,103),(103,104),(104,102),(102,103),(104,104),(103,102),(102,104),(104,103),(103,101),(104,99),(103,97),(104,95),(103,93)
(104,91),(103,89),(104,87),(103,85),(104,83),(103,81),(104,79),(103,77),(104,75),(103,73),(104,71),(103,69),(104,67),(103,65),(104,63)
(103,61),(104,59),(103,57),(104,55),(103,53),(104,51),(103,49),(104,47),(103,45),(104,43),(103,41),(104,39),(103,37),(104,35),(103,33)
(104,31),(103,29),(104,27),(103,25),(104,23),(103,21),(104,19),(103,17),(104,15),(103,13),(104,11),(103,9),(104,7),(103,5),(104,3)
(103,1),(101,0),(99,1),(97,0),(95,1),(93,0),(91,1),(89,0),(87,1),(85,0),(83,1),(81,0),(79,1),(77,0),(75,1)
(73,0),(71,1),(69,0),(67,1),(65,0),(63,1),(61,0),(59,1),(57,0),(55,1),(53,0),(51,1),(49,0),(47,1),(45,0)
(43,1),(41,0),(39,1),(37,0),(35,1),(33,0),(31,1),(29,0),(27,1),(25,0),(23,1),(21,0),(19,1),(17,0),(15,1)
(13,0),(11,1),(9,0),(7,1),(5,0),(3,1),(1,0),(0,2),(1,4),(0,6),(2,5),(0,4),(2,3),(1,1),(0,3)
(2,2),(3,0),(4,2),(6,1),(8,0),(10,1),(12,0),(14,1),(16,0),(18,1),(20,0),(22,1),(24,0),(26,1),(28,0)
(30,1),(32,0),(34,1),(36,0),(38,1),(40,0),(42,1),(44,0),(46,1),(48,0),(50,1),(52,0),(54,1),(56,0),(58,1)
(60,0),(62,1),(64,0),(66,1),(68,0),(70,1),(72,0),(74,1),(76,0),(78,1),(80,0),(82,1),(84,0),(86,1),(88,0)
(90,1),(92,0),(94,1),(96,0),(98,1),(100,0),(102,1),(104,0),(103,2),(102,0),(104,1),(103,3),(104,5),(102,4),(101,2)
(99,3),(100,1),(98,0),(97,2),(95,3),(96,1),(94,0),(93,2),(91,3),(92,1),(90,0),(89,2),(87,3),(88,1),(86,0)
(85,2),(83,3),(84,1),(82,0),(81,2),(79,3),(80,1),(78,0),(77,2),(75,3),(76,1),(74,0),(73,2),(71,3),(72,1)
(70,0),(69,2),(67,3),(68,1),(66,0),(65,2),(63,3),(64,1),(62,0),(61,2),(59,3),(60,1),(58,0),(57,2),(55,3)
(56,1),(54,0),(53,2),(51,3),(52,1),(50,0),(49,2),(47,3),(48,1),(46,0),(45,2),(43,3),(44,1),(42,0),(41,2)
(39,3),(40,1),(38,0),(37,2),(35,3),(33,2),(34,0),(36,1),(38,2),(39,0),(40,2),(41,4),(42,2),(43,0),(41,1)
(40,3),(38,4),(39,2),(37,1),(35,0),(36,2),(38,3),(40,4),(42,3),(44,2),(45,4),(46,2),(47,0),(45,1),(43,2)
(41,3),(39,4),(37,3),(35,2),(33,1),(31,0),(32,2),(34,3),(36,4),(38,5),(40,6),(42,5),(44,4),(46,3),(48,2)
(49,4),(50,2),(51,0),(49,1),(47,2),(45,3),(43,4),(41,5),(39,6),(37,5),(36,3),(34,2),(32,1),(30,0),(29,2)
(31,3),(33,4),(35,5),(37,4),(39,5),(37,6),(39,7),(40,5),(42,4),(44,3),(43,5),(41,6),(43,7),(44,5),(46,4)
(48,3),(47,5),(45,6),(47,7),(46,5),(48,4),(50,3),(52,2),(53,4),(54,2),(55,0),(53,1),(51,2),(49,3),(47,4)
(45,5),(43,6),(41,7),(39,8),(38,6),(36,5),(34,4),(32,3),(30,2),(28,1),(26,0),(25,2),(27,3),(29,4),(28,2)
(27,0),(29,1),(31,2),(33,3),(35,4),(33,5),(31,4),(29,3),(27,2),(25,1),(23,0),(24,2),(26,3),(28,4),(30,3)
(32,4),(30,5),(32,6),(34,5),(36,6),(34,7),(36,8),(35,6),(37,7),(38,9),(40,8),(38,7),(37,9),(36,7),(34,6)
(32,5),(30,4),(28,3),(26,2),(24,1),(22,0),(21,2),(23,3),(25,4),(27,5),(29,6),(31,5),(33,6),(31,7),(33,8)
(35,7),(37,8),(35,9),(37,10),(38,8),(40,7),(42,6),(41,8),(39,9),(41,10),(42,8),(44,7),(46,6),(48,5),(50,4)
(52,3),(51,5),(49,6),(51,7),(50,5),(52,4),(54,3),(56,2),(57,4),(58,2),(59,0),(57,1),(55,2),(53,3),(51,4)
(49,5),(47,6),(45,7),(43,8),(44,6),(42,7),(41,9),(39,10),(37,11),(36,9),(34,8),(32,7),(30,6),(28,5),(26,4)
(24,3),(22,2),(20,1),(18,0),(17,2),(19,3),(21,4),(20,2),(19,0),(21,1),(23,2),(25,3),(27,4),(29,5),(31,6)
(33,7),(35,8),(33,9),(35,10),(36,12),(34,11),(36,10),(34,9),(32,8),(30,7),(28,6),(26,5),(24,4),(22,3),(23,5)
(25,6),(27,7),(29,8),(31,9),(33,10),(35,11),(34,13),(33,11),(32,9),(30,8),(28,7),(26,6),(24,5),(22,4),(20,3)
(18,2),(16,1),(14,0),(13,2),(15,3),(17,4),(16,2),(15,0),(17,1),(19,2),(21,3),(23,4),(25,5),(27,6),(29,7)
(31,8),(32,10),(30,9),(28,8),(26,7),(24,6),(22,5),(20,4),(18,3),(19,5),(21,6),(23,7),(25,8),(27,9),(29,10)
(31,11),(33,12),(34,10),(35,12),(33,13),(32,11),(30,10),(28,9),(26,8),(24,7),(22,6),(20,5),(18,4),(16,3),(14,2)
(12,1),(10,0),(9,2),(11,3),(13,4),(12,2),(11,0),(13,1),(15,2),(17,3),(19,4),(21,5),(23,6),(25,7),(27,8)
(29,9),(31,10),(32,12),(30,11),(28,10),(26,9),(24,8),(22,7),(20,6),(18,5),(16,4),(14,3),(15,5),(17,6),(19,7)
(21,8),(23,9),(25,10),(27,11),(29,12),(31,13),(33,14),(34,12),(36,11),(38,10),(40,9),(39,11),(37,12),(35,13),(34,15)
(36,14),(38,13),(40,12),(38,11),(40,10),(42,9),(44,8),(46,7),(48,6),(50,7),(52,6),(54,5),(56,4),(58,3),(60,2)
(61,4),(62,2),(63,0),(61,1),(59,2),(57,3),(55,4),(53,5),(51,6),(49,7),(47,8),(45,9),(43,10),(41,11),(39,12)
(37,13),(35,14),(33,15),(32,13),(30,12),(28,11),(26,10),(24,9),(22,8),(20,7),(18,6),(16,5),(14,4),(12,3),(10,2)
(8,1),(6,0),(4,1),(3,3),(5,4),(7,3),(9,4),(8,2),(7,0),(6,2),(4,3),(5,1),(3,2),(2,4),(1,6)
(0,8),(1,10),(0,12),(1,14),(0,16),(1,18),(0,20),(1,22),(0,24),(1,26),(0,28),(1,30),(0,32),(1,34),(0,36)
(1,38),(0,40),(1,42),(0,44),(1,46),(0,48),(1,50),(0,52),(1,54),(0,56),(1,58),(0,60),(1,62),(0,64),(1,66)
(0,68),(1,70),(0,72),(1,74),(0,76),(1,78),(0,80),(1,82),(0,84),(1,86),(0,88),(1,90),(0,92),(1,94),(0,96)
(1,98),(0,100),(1,102),(0,104),(2,103),(0,102),(1,104),(3,103),(5,104),(4,102),(2,101),(3,99),(1,100),(0,98),(2,97)
(3,95),(1,96),(0,94),(2,93),(3,91),(1,92),(0,90),(2,89),(3,87),(1,88),(0,86),(2,85),(3,83),(1,84),(0,82)
(2,81),(3,79),(1,80),(0,78),(2,77),(3,75),(1,76),(0,74),(2,73),(3,71),(1,72),(0,70),(2,69),(3,67),(1,68)
(0,66),(2,65),(3,63),(1,64),(0,62),(2,61),(3,59),(1,60),(0,58),(2,57),(3,55),(1,56),(0,54),(2,53),(3,51)
(1,52),(0,50),(2,49),(3,47),(1,48),(0,46),(2,45),(3,43),(1,44),(0,42),(2,41),(3,39),(1,40),(0,38),(2,37)
(3,35),(2,33),(0,34),(1,36),(2,38),(0,39),(2,40),(4,41),(2,42),(0,43),(1,41),(3,40),(4,38),(2,39),(1,37)
(0,35),(2,36),(3,38),(4,40),(3,42),(2,44),(4,45),(2,46),(0,47),(1,45),(2,43),(3,41),(4,39),(3,37),(2,35)
(1,33),(0,31),(2,32),(3,34),(4,36),(5,38),(6,40),(5,42),(4,44),(3,46),(2,48),(4,49),(2,50),(0,51),(1,49)
(2,47),(3,45),(4,43),(5,41),(6,39),(5,37),(3,36),(2,34),(1,32),(0,30),(2,29),(3,31),(4,33),(5,35),(4,37)
(5,39),(6,37),(7,39),(5,40),(4,42),(3,44),(5,43),(6,41),(7,43),(5,44),(4,46),(3,48),(5,47),(6,45),(7,47)
(5,46),(4,48),(3,50),(2,52),(4,53),(2,54),(0,55),(1,53),(2,51),(3,49),(4,47),(5,45),(6,43),(7,41),(8,39)
(6,38),(5,36),(4,34),(3,32),(2,30),(1,28),(0,26),(2,25),(3,27),(4,29),(2,28),(0,27),(1,29),(2,31),(3,33)
(4,35),(5,33),(4,31),(3,29),(2,27),(1,25),(0,23),(2,24),(3,26),(4,28),(3,30),(4,32),(5,30),(6,32),(5,34)
(6,36),(7,34),(8,36),(6,35),(7,37),(9,38),(8,40),(7,38),(9,37),(7,36),(6,34),(5,32),(4,30),(3,28),(2,26)
(1,24),(0,22),(2,21),(3,23),(4,25),(5,27),(6,29),(5,31),(6,33),(7,31),(8,33),(7,35),(8,37),(9,35),(10,37)
(8,38),(7,40),(6,42),(8,41),(9,39),(10,41),(8,42),(7,44),(6,46),(5,48),(4,50),(3,52),(5,51),(6,49),(7,51)
(5,50),(4,52),(3,54),(2,56),(4,57),(2,58),(0,59),(1,57),(2,55),(3,53),(4,51),(5,49),(6,47),(7,45),(8,43)
(6,44),(7,42),(9,41),(10,39),(11,37),(9,36),(8,34),(7,32),(6,30),(5,28),(4,26),(3,24),(2,22),(1,20),(0,18)
(2,17),(3,19),(4,21),(2,20),(0,19),(1,21),(2,23),(3,25),(4,27),(5,29),(6,31),(7,33),(8,35),(9,33),(10,35)
(12,36),(11,34),(10,36),(9,34),(8,32),(7,30),(6,28),(5,26),(4,24),(3,22),(5,23),(6,25),(7,27),(8,29),(9,31)
(10,33),(11,35),(13,34),(11,33),(9,32),(8,30),(7,28),(6,26),(5,24),(4,22),(3,20),(2,18),(1,16),(0,14),(2,13)
(3,15),(4,17),(2,16),(0,15),(1,17),(2,19),(3,21),(4,23),(5,25),(6,27),(7,29),(8,31),(10,32),(9,30),(8,28)
(7,26),(6,24),(5,22),(4,20),(3,18),(5,19),(6,21),(7,23),(8,25),(9,27),(10,29),(11,31),(12,33),(10,34),(12,35)
(13,33),(11,32),(10,30),(9,28),(8,26),(7,24),(6,22),(5,20),(4,18),(3,16),(2,14),(1,12),(0,10),(1,8),(2,6)
(0,7),(1,5),(3,4),(5,3),(7,2),(9,1),(8,3),(7,5),(6,3),(4,4),(3,6),(2,8),(4,7),(3,5),(2,7)
(1,9),(0,11),(2,10),(3,8),(4,6),(6,5),(8,4),(10,3),(11,5),(9,6),(10,4),(11,2),(9,3),(7,4),(5,5)
(6,7),(8,6),(10,5),(12,4),(13,6),(11,7),(12,5),(13,3),(11,4),(9,5),(7,6),(5,7),(4,5),(3,7),(2,9)
(4,8),(5,6),(6,8),(4,9),(3,11),(5,10),(3,9),(2,11),(1,13),(3,12),(4,10),(5,8),(6,6),(8,5),(7,7)
(6,9),(8,8),(10,7),(12,6),(14,5),(15,7),(13,8),(14,6),(15,4),(13,5),(11,6),(9,7),(7,8),(5,9),(3,10)
(2,12),(4,11),(3,13),(2,15),(4,14),(5,12),(6,10),(8,9),(7,11),(6,13),(4,12),(3,14),(4,16),(5,14),(6,12)
(4,13),(5,11),(7,10),(9,9),(8,7),(10,6),(9,8),(7,9),(6,11),(5,13),(4,15),(3,17),(5,16),(6,14),(7,12)
(8,10),(10,9),(12,8),(14,7),(16,6),(17,8),(15,9),(16,7),(17,5),(15,6),(13,7),(11,8),(10,10),(8,11),(7,13)
(6,15),(5,17),(4,19),(6,18),(7,16),(5,15),(6,17),(7,15),(8,13),(9,11),(11,10),(10,8),(12,7),(11,9),(9,10)
(8,12),(7,14),(6,16),(5,18),(6,20),(7,18),(8,16),(9,14),(10,12),(12,11),(13,9),(15,8),(17,7),(19,6),(18,8)
(16,9),(14,8),(12,9),(14,10),(16,11),(17,9),(18,7),(16,8),(14,9),(12,10),(10,11),(9,13),(8,15),(7,17),(6,19)
(5,21),(7,20),(8,18),(9,16),(8,14),(9,12),(11,11),(13,10),(12,12),(10,13),(9,15),(8,17),(7,19),(8,21),(9,19)
(10,17),(11,15),(12,13),(10,14),(11,12),(13,11),(15,10),(14,12),(13,14),(11,13),(10,15),(9,17),(8,19),(7,21),(6,23)
(8,22),(9,20),(10,18),(11,16),(12,14),(13,12),(15,11),(17,10),(19,9),(21,10),(20,8),(18,9),(16,10),(14,11),(15,13)
(17,12),(18,10),(19,8),(21,7),(20,9),(19,11),(18,13),(17,11),(15,12),(13,13),(11,14),(10,16),(9,18),(8,20),(7,22)
(8,24),(9,22),(10,20),(11,18),(12,16),(14,15),(16,14),(14,13),(16,12),(18,11),(20,10),(22,9),(23,11),(21,12),(22,10)
(23,8),(21,9),(19,10),(20,12),(22,11),(24,10),(25,12),(23,13),(24,11),(25,9),(23,10),(21,11),(19,12),(17,13),(15,14)
(13,15),(12,17),(11,19),(10,21),(9,23),(10,25),(11,23),(9,24),(7,25),(8,23),(9,21),(10,19),(11,17),(12,15),(14,14)
(16,13),(18,12),(20,11),(19,13),(17,14),(15,15),(13,16),(12,18),(11,20),(10,22),(12,21),(13,19),(14,17),(16,16),(18,15)
(20,14),(22,13),(24,12),(26,11),(27,13),(25,14),(26,12),(27,10),(25,11),(23,12),(21,13),(19,14),(17,15),(15,16),(13,17)
(12,19),(11,21),(10,23),(9,25),(8,27),(10,26),(11,24),(12,22),(13,20),(14,18),(16,17),(14,16),(13,18),(12,20),(11,22)
(10,24),(9,26),(10,28),(11,26),(12,24),(13,22),(14,20),(15,18),(17,17),(16,15),(18,14),(20,13),(22,12),(21,14),(19,15)
(17,16),(15,17),(14,19),(13,21),(12,23),(11,25),(10,27),(9,29),(10,31),(11,29),(12,31),(14,32),(13,30),(12,32),(11,30)
(12,28),(13,26),(11,27),(12,25),(13,23),(14,21),(15,19),(17,18),(18,16),(20,15),(22,14),(24,13),(23,15),(21,16),(19,17)
(18,19),(16,18),(15,20),(14,22),(13,24),(12,26),(11,28),(12,30),(13,28),(14,26),(12,27),(13,25),(14,23),(15,21),(16,19)
(18,18),(19,16),(21,15),(23,14),(25,13),(27,12),(29,11),(31,12),(29,13),(31,14),(32,16),(30,15),(32,14),(30,13),(28,12)
(26,13),(28,14),(26,15),(24,14),(22,15),(20,16),(18,17),(17,19),(16,21),(15,23),(14,25),(13,27),(12,29),(14,28),(15,26)
(14,24),(15,22),(16,20),(17,22),(16,24),(18,23),(17,21),(16,23),(15,25),(14,27),(13,29),(14,31),(15,29),(16,27),(17,25)
(15,24),(16,22),(17,20),(19,21),(20,19),(18,20),(19,18),(21,17),(23,16),(25,15),(27,14),(29,15),(28,13),(26,14),(24,15)
(22,16),(20,17),(19,19),(21,18),(23,17),(25,16),(27,15),(29,14),(28,16),(26,17),(24,16),(22,17),(20,18),(19,20),(18,22)
(17,24),(16,26),(15,28),(14,30),(13,32),(12,34),(11,36),(10,38),(9,40),(11,39),(12,37),(13,35),(14,33),(13,31),(14,29)
(15,27),(16,25),(17,23),(18,21),(20,20),(19,22),(18,24),(17,26),(16,28),(15,30),(17,29),(18,27),(19,25),(20,23),(21,21)
(22,19),(24,18),(23,20),(22,18),(24,17),(26,16),(28,15),(30,14),(31,16),(29,17),(27,16),(25,17),(23,18),(21,19),(20,21)
(19,23),(18,25),(17,27),(16,29),(15,31),(17,30),(18,28),(19,26),(20,24),(21,22),(22,20),(24,19),(26,18),(28,17),(30,16)
(32,15),(34,14),(36,13),(38,12),(40,11),(42,10),(44,9),(46,8),(48,7),(50,6),(52,5),(54,4),(56,3),(55,5),(53,6)
(52,8),(54,7),(56,6),(58,5),(60,4),(62,3),(64,2),(65,4),(66,2),(67,0),(65,1),(63,2),(61,3),(59,4),(57,5)
(55,6),(53,7),(51,8),(49,9),(47,10),(48,8),(46,9),(45,11),(43,12),(44,10),(45,8),(43,9),(42,11),(41,13),(39,14)
(37,15),(35,16),(33,17),(31,18),(29,19),(27,18),(25,19),(27,20),(28,18),(30,17),(31,15),(29,16),(27,17),(25,18),(23,19)
(21,20),(20,22),(19,24),(18,26),(17,28),(16,30),(15,32),(14,34),(13,36),(12,38),(11,40),(10,42),(9,44),(8,46),(7,48)
(6,50),(5,52),(4,54),(3,56),(5,55),(6,53),(7,55),(5,54),(4,56),(3,58),(2,60),(4,61),(2,62),(0,63),(1,61)
(2,59),(3,57),(4,55),(5,53),(6,51),(7,49),(8,47),(6,48),(7,46),(8,44),(9,42),(10,40),(11,38),(13,37),(12,39)
(11,41),(10,43),(9,45),(10,47),(8,48),(7,50),(6,52),(7,54),(6,56),(5,58),(4,60),(3,62),(2,64),(4,65),(2,66)
(0,67),(1,65),(2,63),(3,61),(4,59),(5,57),(6,55),(7,53),(8,51),(9,49),(10,51),(8,52),(9,50),(11,49),(9,48)
(8,50),(7,52),(6,54),(5,56),(4,58),(3,60),(5,59),(6,57),(8,56),(7,58),(6,60),(5,62),(4,64),(3,66),(2,68)
(4,69),(2,70),(0,71),(2,72),(4,73),(2,74),(0,75),(2,76),(4,77),(2,78),(0,79),(2,80),(4,81),(2,82),(0,83)
(2,84),(4,85),(2,86),(0,87),(2,88),(4,89),(2,90),(0,91),(2,92),(4,93),(2,94),(0,95),(2,96),(4,97),(2,98)
(0,99),(1,101),(0,103),(2,104),(3,102),(4,104),(6,103),(8,104),(7,102),(6,104),(4,103),(2,102),(3,100),(5,101),(4,99)
(2,100),(4,101),(6,102),(8,103),(10,104),(12,103),(14,104),(16,103),(18,104),(20,103),(22,104),(24,103),(26,104),(28,103),(30,104)
(32,103),(34,104),(36,103),(38,104),(40,103),(42,104),(44,103),(46,104),(48,103),(50,104),(52,103),(54,104),(56,103),(58,104),(60,103)
(62,104),(64,103),(66,104),(68,103),(70,104),(72,103),(74,104),(76,103),(78,104),(80,103),(82,104),(84,103),(86,104),(88,103),(90,104)
(92,103),(94,104),(96,103),(98,104),(100,103),(102,102),(101,104),(103,103),(104,101),(103,99),(104,97),(103,95),(104,93),(103,91),(104,89)
(103,87),(104,85),(103,83),(104,81),(103,79),(104,77),(103,75),(104,73),(103,71),(104,69),(103,67),(104,65),(103,63),(104,61),(103,59)
(104,57),(103,55),(104,53),(103,51),(104,49),(103,47),(104,45),(103,43),(104,41),(103,39),(104,37),(103,35),(104,33),(103,31),(104,29)
(103,27),(104,25),(103,23),(104,21),(103,19),(104,17),(103,15),(104,13),(103,11),(104,9),(103,7),(101,6),(102,8),(103,6),(104,4)
(102,3),(104,2),(103,0),(101,1),(99,0),(100,2),(101,4),(102,2),(103,4),(104,6),(102,5),(101,3),(99,2),(100,4),(98,3)
(97,1),(95,0),(96,2),(97,4),(98,2),(100,3),(99,5),(100,7),(102,6),(103,8),(104,10),(102,9),(104,8),(102,7),(101,5)
(99,4),(97,3),(95,2),(93,1),(91,0),(92,2),(94,3),(96,4),(98,5),(100,6),(101,8),(102,10),(103,12),(104,14),(102,13)
(104,12),(103,10),(101,9),(102,11),(100,10),(101,12),(102,14),(103,16),(104,18),(102,17),(104,16),(103,14),(102,12),(101,10),(100,8)
(99,6),(101,7),(100,5),(98,4),(96,3),(94,2),(93,4),(95,5),(97,6),(99,7),(100,9),(101,11),(99,10),(98,8),(96,7)
(97,5),(95,4),(93,3),(91,2),(89,1),(87,0),(88,2),(90,3),(92,4),(94,5),(96,6),(98,7),(99,9),(100,11),(101,13)
(102,15),(100,14),(99,12),(98,10),(99,8),(98,6),(97,8),(95,7),(96,5),(94,4),(92,3),(90,2),(89,4),(91,5),(93,6)
(94,8),(95,6),(97,7),(96,9),(97,11),(98,9),(99,11),(100,13),(101,15),(99,14),(100,12),(101,14),(102,16),(103,18),(104,20)
(102,19),(101,17),(100,15),(99,13),(98,11),(97,9),(95,8),(94,6),(92,5),(90,4),(88,3),(86,2),(85,4),(84,2),(83,0)
(85,1),(87,2),(89,3),(91,4),(93,5),(92,7),(90,6),(88,5),(86,4),(84,3),(82,2),(81,4),(80,2),(79,0),(81,1)
(83,2),(85,3),(87,4),(89,5),(91,6),(93,7),(94,9),(96,8),(94,7),(92,6),(90,5),(88,4),(86,3),(87,5),(89,6)
(91,7),(93,8),(95,9),(97,10),(98,12),(96,11),(97,13),(98,15),(100,16),(101,18),(102,20),(103,22),(104,24),(102,23),(104,22)
(103,20),(102,18),(101,16),(99,17),(100,19),(101,21),(99,20),(101,19),(102,21),(100,20),(99,18),(98,16),(100,17),(99,15),(98,13)
(96,12),(95,10),(93,9),(91,8),(89,7),(87,6),(85,5),(83,4),(81,3),(79,2),(77,1),(75,0),(76,2),(78,3),(80,4)
(82,3),(84,4),(86,5),(88,6),(90,7),(92,8),(93,10),(95,11),(97,12),(96,10),(94,11),(92,10),(90,9),(88,8),(86,7)
(84,6),(82,5),(80,6),(79,4),(78,2),(80,3),(82,4),(84,5),(86,6),(88,7),(90,8),(92,9),(94,10),(95,12),(96,14)
(97,16),(98,14),(99,16),(100,18),(101,20),(102,22),(103,24),(104,26),(102,25),(101,23),(100,21),(99,19),(98,17),(97,15),(96,13)
(94,12),(95,14),(96,16),(97,14),(95,13),(96,15),(97,17),(98,19),(99,21),(101,22),(102,24),(103,26),(104,28),(102,27),(101,25)
(100,23),(98,22),(97,20),(98,18),(96,17),(95,15),(94,13),(93,11),(91,10),(89,9),(87,8),(85,7),(83,6),(81,5),(82,7)
(83,5),(85,6),(87,7),(89,8),(91,9),(92,11),(90,10),(88,9),(86,8),(84,7),(82,6),(80,5),(78,4),(76,3),(74,2)
(73,4),(72,2),(71,0),(73,1),(75,2),(77,3),(78,5),(76,4),(74,3),(75,5),(77,4),(79,5),(81,6),(83,7),(85,8)
(87,9),(89,10),(91,11),(93,12),(94,14),(95,16),(96,18),(94,17),(93,15),(92,13),(90,12),(88,11),(86,10),(84,9),(82,8)
(80,7),(78,6),(76,5),(74,4),(72,3),(70,2),(68,3),(69,1),(71,2),(73,3),(75,4),(77,5),(79,6),(81,7),(83,8)
(85,9),(87,10),(89,11),(91,12),(93,13),(94,15),(92,14),(93,16),(95,17),(97,18),(98,20),(99,22),(100,24),(101,26),(102,28)
(103,30),(104,32),(102,31),(104,30),(103,28),(102,26),(101,24),(100,22),(99,24),(100,26),(101,28),(102,30),(103,32),(104,34),(102,33)
(101,31),(102,29),(101,27),(100,25),(99,23),(98,21),(97,19),(95,18),(94,16),(93,14),(92,12),(90,11),(88,10),(86,9),(84,8)
(85,10),(87,11),(89,12),(91,13),(92,15),(93,17),(94,19),(96,20),(97,22),(98,24),(99,26),(100,28),(101,30),(102,32),(103,34)
(104,36),(102,35),(101,33),(100,31),(101,29),(100,27),(99,25),(98,23),(97,21),(96,19),(94,18),(95,20),(96,22),(97,24),(98,26)
(99,28),(100,30),(101,32),(102,34),(103,36),(104,38),(102,37),(101,35),(100,33),(99,31),(100,29),(99,27),(98,25),(97,23),(96,21)
(95,19),(93,18),(92,16),(91,14),(89,13),(87,12),(85,11),(83,10),(81,9),(79,8),(77,7),(75,6),(73,5),(71,4),(69,3)
(67,2),(65,3),(63,4),(61,5),(60,3),(58,4),(56,5),(54,6),(52,7),(50,8),(48,9),(46,10),(44,11),(42,12),(40,13)
(38,14),(36,15),(34,16),(32,17),(30,18),(28,19),(26,20),(24,21),(22,22),(21,24),(20,26),(19,28),(18,30),(16,31),(15,33)
(14,35),(16,34),(17,32),(19,31),(18,29),(19,27),(20,25),(21,23),(22,21),(24,20),(26,19),(25,21),(23,22),(22,24),(21,26)
(20,28),(19,30),(17,31),(16,33),(15,35),(14,37),(13,39),(12,41),(11,43),(10,45),(9,43),(8,45),(9,47),(8,49),(9,51)
(8,53),(10,52),(9,54),(11,53),(9,52),(8,54),(7,56),(6,58),(5,60),(4,62),(3,64),(5,63),(6,61),(7,59),(8,57)
(9,55),(10,53),(11,51),(10,49),(11,47),(9,46),(10,44),(11,42),(12,40),(13,38),(14,36),(15,34),(16,32),(18,33),(17,35)
(15,36),(14,38),(13,40),(12,42),(11,44),(10,46),(12,45),(13,43),(14,41),(15,39),(16,37),(18,36),(16,35),(15,37),(14,39)
(13,41),(12,43),(11,45),(12,47),(10,48),(11,46),(12,44),(13,42),(14,40),(15,38),(16,36),(17,34),(18,32),(19,34),(17,33)
(18,31),(19,29),(20,27),(21,25),(22,23),(23,21),(25,20),(27,19),(29,18),(31,17),(33,16),(35,15),(37,14),(39,13),(41,12)
(43,11),(45,10),(47,9),(49,8),(51,9),(53,8),(55,7),(57,6),(59,5),(58,7),(60,6),(62,5),(64,4),(66,3),(68,2)
(70,3),(72,4),(74,5),(76,6),(78,7),(80,8),(82,9),(84,10),(86,11),(88,12),(90,13),(91,15),(92,17),(93,19),(94,21)
(95,23),(96,25),(97,27),(98,29),(96,28),(98,27),(99,29),(97,28),(96,26),(95,24),(97,25),(96,23),(95,21),(93,20),(94,22)
(92,21),(94,20),(95,22),(96,24),(97,26),(98,28),(99,30),(100,32),(101,34),(102,36),(103,38),(104,40),(102,39),(101,37),(100,35)
(99,33),(98,31),(97,29),(96,27),(95,25),(94,23),(93,21),(92,19),(91,17),(90,15),(88,14),(86,13),(84,12),(82,11),(83,9)
(81,8),(79,7),(77,6),(78,8),(80,9),(82,10),(84,11),(86,12),(88,13),(90,14),(91,16),(92,18),(90,17),(89,15),(87,14)
(85,13),(83,12),(81,11),(79,10),(77,9),(76,7),(74,6),(72,5),(70,4),(71,6),(69,5),(67,4),(65,5),(64,3),(66,4)
(68,5),(70,6),(69,4),(71,5),(73,6),(75,7),(77,8),(79,9),(81,10),(83,11),(85,12),(87,13),(89,14),(90,16),(91,18)
(92,20),(93,22),(94,24),(95,26),(93,25),(92,23),(91,21),(90,19),(89,17),(88,15),(86,14),(84,13),(82,12),(80,11),(78,10)
(76,9),(74,8),(72,7),(70,8),(69,6),(68,4),(70,5),(72,6),(74,7),(76,8),(78,9),(80,10),(81,12),(83,13),(85,14)
(87,15),(89,16),(90,18),(91,20),(92,22),(93,24),(94,26),(95,28),(96,30),(97,32),(98,30),(99,32),(100,34),(101,36),(102,38)
(103,40),(104,42),(102,41),(101,39),(100,37),(99,35),(98,33),(97,31),(96,29),(95,27),(94,25),(93,23),(91,22),(90,20),(89,18)
(91,19),(90,21),(89,19),(88,17),(86,16),(84,15),(82,14),(80,13),(79,11),(77,10),(75,9),(73,8),(71,7),(72,9),(73,7)
(75,8),(74,10),(76,11),(78,12),(79,14),(80,12),(82,13),(84,14),(86,15),(88,16),(87,18),(88,20),(89,22),(91,23),(92,25)
(93,27),(94,29),(95,31),(97,30),(98,32),(99,34),(100,36),(101,38),(102,40),(103,42),(104,44),(102,43),(101,41),(100,39),(99,37)
(98,35),(97,33),(96,31),(95,29),(94,27),(92,26),(91,24),(90,22),(89,20),(88,18),(87,16),(85,15),(83,14),(81,13),(79,12)
(77,11),(75,10),(73,9),(71,8),(69,7),(67,6),(68,8),(70,7),(68,6),(66,5),(64,6),(66,7),(67,5),(68,7),(66,6)
(64,5),(62,4),(60,5),(62,6),(64,7),(63,5),(65,6),(67,7),(69,8),(71,9),(73,10),(72,8),(74,9),(76,10),(78,11)
(77,13),(75,12),(73,11),(71,10),(69,9),(67,8),(65,7),(63,6),(61,7),(59,6),(57,7),(55,8),(53,9),(51,10),(49,11)
(50,9),(48,10),(46,11),(44,12),(42,13),(40,14),(38,15),(36,16),(34,17),(32,18),(30,19),(28,20),(26,21),(24,22),(23,24)
(22,26),(21,28),(20,30),(19,32),(18,34),(17,36),(16,38),(15,40),(14,42),(13,44),(12,46),(11,48),(10,50),(12,49),(13,47)
(14,45),(15,43),(16,41),(17,39),(18,37),(19,35),(20,33),(21,31),(20,29),(21,27),(22,25),(23,23),(25,22),(27,21),(29,20)
(31,19),(33,18),(35,17),(37,16),(39,15),(41,14),(43,13),(45,12),(47,11),(49,10),(48,12),(50,11),(52,10),(54,9),(56,8)
(58,9),(59,7),(61,6),(63,7),(65,8),(67,9),(69,10),(71,11),(70,9),(72,10),(74,11),(76,12),(78,13),(80,14),(82,15)
(84,16),(86,17),(87,19),(88,21),(89,23),(90,25),(92,24),(93,26),(94,28),(95,30),(96,32),(97,34),(98,36),(99,38),(100,40)
(101,42),(102,44),(103,46),(104,48),(103,50),(104,52),(103,54),(104,56),(103,58),(104,60),(103,62),(104,64),(103,66),(104,68),(103,70)
(104,72),(103,74),(104,76),(103,78),(104,80),(103,82),(104,84),(103,86),(104,88),(103,90),(104,92),(103,94),(104,96),(103,98),(104,100)
(102,101),(100,102),(101,100),(102,98),(103,100),(104,98),(102,99),(101,101),(99,102),(100,104),(101,102),(102,100),(100,101),(99,103),(97,104)
(98,102),(99,100),(101,99),(102,97),(100,98),(101,96),(102,94),(103,96),(104,94),(102,95),(101,97),(100,99),(99,101),(98,103),(96,104)
(97,102),(95,103),(93,104),(94,102),(96,101),(98,100),(99,98),(100,100),(98,101),(96,102),(94,103),(92,104),(91,102),(93,101),(95,102)
(97,101),(98,99),(96,100),(94,101),(92,102),(90,103),(88,104),(87,102),(89,101),(91,100),(90,102),(89,104),(91,103),(93,102),(95,101)
(97,100),(99,99),(101,98),(102,96),(100,97),(101,95),(102,93),(100,94),(99,96),(98,98),(96,99),(94,100),(92,101),(93,99),(95,100)
(97,99),(95,98),(97,97),(98,95),(100,96),(101,94),(102,92),(100,93),(99,95),(98,97),(96,98),(94,99),(92,100),(90,101),(88,102)
(86,103),(84,104),(83,102),(85,101),(87,100),(86,102),(85,104),(87,103),(89,102),(91,101),(93,100),(95,99),(97,98),(99,97),(100,95)
(98,96),(96,97),(94,98),(92,99),(90,100),(88,101),(89,99),(91,98),(93,97),(95,96),(97,95),(99,94),(101,93),(103,92),(104,90)
(102,91),(100,92),(101,90),(102,88),(101,86),(102,84),(101,82),(102,80),(101,78),(102,76),(101,74),(102,72),(101,70),(102,68),(101,66)
(102,64),(101,62),(102,60),(101,58),(102,56),(101,54),(102,52),(101,50),(102,48),(101,46),(100,44),(102,45),(104,46),(103,44),(102,42)
(101,40),(100,38),(99,36),(98,34),(96,33),(97,35),(98,37),(99,39),(100,41),(101,43),(99,42),(98,40),(97,38),(96,36),(95,34)
(94,32),(93,30),(92,28),(91,26),(90,24),(88,23),(89,21),(88,19),(87,17),(85,16),(83,15),(81,14),(79,13),(77,12),(75,11)
(73,12),(75,13),(77,14),(79,15),(81,16),(83,17),(85,18),(86,20),(87,22),(88,24),(90,23),(91,25),(92,27),(93,29),(94,31)
(95,33),(96,35),(97,37),(98,39),(99,41),(100,43),(101,45),(102,47),(100,48),(102,49),(104,50),(103,48),(102,46),(101,44),(100,42)
(99,40),(98,38),(97,36),(96,34),(95,32),(94,30),(93,28),(91,27),(92,29),(93,31),(94,33),(95,35),(96,37),(97,39),(98,41)
(99,43),(100,45),(101,47),(99,46),(98,44),(97,42),(96,40),(95,38),(94,36),(93,34),(92,32),(91,30),(90,28),(89,26),(87,25)
(89,24),(88,22),(87,20),(86,18),(84,17),(82,16),(80,15),(78,14),(76,13),(74,12),(72,11),(70,10),(68,9),(66,8),(64,9)
(62,8),(60,7),(58,6),(56,7),(58,8),(60,9),(62,10),(63,8),(65,9),(67,10),(69,11),(71,12),(73,13),(75,14),(77,15)
(79,16),(81,15),(83,16),(85,17),(86,19),(87,21),(86,23),(85,21),(84,19),(82,18),(80,17),(78,16),(76,15),(74,14),(72,13)
(70,12),(68,11),(66,10),(64,11),(63,9),(61,8),(59,9),(57,8),(55,9),(57,10),(59,11),(61,10),(60,8),(62,7),(64,8)
(66,9),(68,10),(70,11),(72,12),(74,13),(76,14),(78,15),(80,16),(82,17),(84,18),(85,20),(83,19),(81,18),(79,17),(77,16)
(75,15),(73,14),(71,13),(69,12),(67,11),(65,10),(66,12),(68,13),(70,14),(72,15),(74,16),(76,17),(78,18),(80,19),(81,17)
(83,18),(85,19),(86,21),(87,23),(88,25),(90,26),(91,28),(92,30),(93,32),(94,34),(95,36),(96,38),(97,40),(98,42),(99,44)
(100,46),(101,48),(102,50),(103,52),(104,54),(102,55),(101,53),(102,51),(101,49),(100,47),(99,45),(98,43),(97,41),(96,39),(95,37)
(94,35),(93,33),(92,31),(91,29),(90,27),(89,25),(88,27),(89,29),(90,31),(91,33),(92,35),(93,37),(94,39),(95,41),(96,43)
(97,45),(98,47),(99,49),(100,51),(99,53),(101,52),(102,54),(103,56),(104,58),(102,59),(101,57),(100,55),(99,57),(101,56),(102,58)
(103,60),(104,62),(102,63),(101,61),(100,59),(99,61),(101,60),(102,62),(103,64),(104,66),(102,67),(101,65),(100,63),(99,65),(101,64)
(102,66),(103,68),(104,70),(102,71),(101,69),(100,67),(99,69),(101,68),(102,70),(103,72),(104,74),(102,75),(101,73),(100,71),(99,73)
(101,72),(102,74),(103,76),(104,78),(102,79),(101,77),(100,75),(99,77),(101,76),(102,78),(103,80),(104,82),(102,83),(101,81),(100,79)
(99,81),(101,80),(102,82),(103,84),(104,86),(103,88),(102,90),(101,92),(99,93),(100,91),(101,89),(102,87),(101,85),(100,83),(99,85)
(100,87),(102,86),(101,84),(100,82),(102,81),(100,80),(98,79),(100,78),(102,77),(101,79),(99,80),(98,82),(100,81),(101,83),(102,85)
(100,84),(99,82),(98,80),(99,78),(100,76),(98,75),(100,74),(102,73),(101,75),(100,77),(99,79),(98,81),(99,83),(100,85),(101,87)
(102,89),(101,91),(100,89),(99,91),(98,93),(96,94),(97,96),(98,94),(99,92),(100,90),(101,88),(99,89),(98,91),(97,93),(96,95)
(95,97),(93,98),(91,99),(89,100),(87,101),(85,102),(83,103),(81,104),(82,102),(84,101),(86,100),(88,99),(90,98),(92,97),(94,96)
(95,94),(96,96),(94,97),(92,98),(90,99),(88,100),(86,101),(84,102),(82,103),(80,104),(79,102),(81,101),(83,100),(85,99),(87,98)
(89,97),(91,96),(93,95),(94,93),(95,95),(97,94),(96,92),(97,90),(98,92),(99,90),(100,88),(99,86),(98,88),(97,86),(99,87)
(98,89),(97,91),(96,93),(94,94),(93,96),(91,97),(89,98),(87,99),(85,100),(83,101),(81,102),(79,103),(77,104),(78,102),(80,101)
(82,100),(84,99),(86,98),(88,97),(90,96),(92,95),(93,93),(94,95),(92,96),(90,97),(88,98),(86,99),(84,100),(82,101),(80,102)
(78,103),(76,104),(75,102),(77,101),(79,100),(81,99),(83,98),(85,97),(87,96),(89,95),(91,94),(92,92),(93,94),(95,93),(97,92)
(98,90),(99,88),(100,86),(99,84),(98,86),(97,88),(96,90),(95,92),(93,91),(95,90),(97,89),(96,91),(94,92),(92,93),(91,95)
(89,96),(87,97),(85,98),(83,99),(81,100),(79,101),(77,102),(75,103),(73,104),(74,102),(76,101),(78,100),(80,99),(82,98),(84,97)
(86,96),(88,95),(90,94),(91,92),(92,94),(90,95),(88,96),(86,97),(84,98),(82,99),(80,100),(78,101),(76,102),(74,103),(72,104)
(71,102),(73,101),(75,100),(77,99),(79,98),(81,97),(83,96),(85,95),(87,94),(89,93),(90,91),(91,93),(93,92),(95,91),(96,89)
(97,87),(98,85),(97,83),(96,85),(98,84),(97,82),(96,84),(98,83),(97,81),(96,83),(97,85),(98,87),(96,88),(94,89),(95,87)
(94,85),(96,86),(97,84),(95,83),(96,81),(97,79),(98,77),(99,75),(100,73),(101,71),(102,69),(100,70),(99,72),(98,74),(99,76)
(98,78),(97,80),(96,82),(95,84),(94,82),(95,80),(96,78),(97,76),(96,74),(98,73),(100,72),(99,74),(98,76),(97,78),(96,80)
(95,82),(94,84),(95,86),(94,88),(96,87),(95,89),(94,91),(92,90),(93,88),(94,90),(95,88),(94,86),(93,84),(95,85),(94,87)
(93,89),(92,91),(90,92),(89,94),(87,95),(85,96),(83,97),(81,98),(79,99),(77,100),(75,101),(73,102),(71,103),(69,104),(70,102)
(72,101),(74,100),(76,99),(78,98),(80,97),(82,96),(84,95),(86,94),(88,93),(89,91),(90,93),(88,94),(86,95),(84,96),(82,97)
(80,98),(78,99),(76,100),(74,101),(72,102),(70,103),(68,104),(67,102),(69,101),(71,100),(73,99),(75,98),(77,97),(79,96),(81,95)
(83,94),(85,93),(87,92),(88,90),(89,92),(91,91),(93,90),(91,89),(92,87),(93,85),(94,83),(95,81),(96,79),(97,77),(95,78)
(94,80),(93,82),(92,84),(93,86),(92,88),(91,90),(90,88),(92,89),(93,87),(91,86),(89,87),(90,89),(91,87),(92,85),(93,83)
(94,81),(95,79),(96,77),(97,75),(95,76),(94,78),(93,80),(92,82),(91,84),(92,86),(91,88),(90,90),(89,88),(90,86),(88,87)
(89,89),(88,91),(87,93),(85,94),(83,95),(81,96),(79,97),(77,98),(75,99),(73,100),(71,101),(69,102),(67,103),(65,104),(66,102)
(68,101),(70,100),(72,99),(74,98),(76,97),(78,96),(80,95),(82,94),(84,93),(86,92),(87,90),(88,92),(89,90),(87,89),(86,91)
(84,92),(86,93),(84,94),(82,95),(80,96),(78,97),(76,98),(74,99),(72,100),(70,101),(68,102),(66,103),(64,104),(63,102),(65,101)
(67,100),(69,99),(71,98),(73,97),(75,96),(77,95),(79,94),(81,93),(83,92),(85,91),(86,89),(87,91),(88,89),(86,90),(85,92)
(83,93),(81,94),(79,95),(77,96),(75,97),(73,98),(71,99),(69,100),(67,101),(65,102),(63,103),(61,104),(62,102),(64,101),(66,100)
(68,99),(70,98),(72,97),(74,96),(76,95),(78,94),(80,93),(82,92),(84,91),(85,89),(87,88),(88,86),(90,87),(88,88),(86,87)
(84,88),(85,90),(86,88),(84,89),(83,91),(82,93),(80,94),(78,95),(76,96),(74,97),(72,98),(70,99),(68,100),(66,101),(64,102)
(62,103),(60,104),(59,102),(61,101),(63,100),(65,99),(67,98),(69,97),(71,96),(73,95),(75,94),(77,93),(79,92),(81,91),(83,90)
(82,88),(81,90),(80,92),(82,91),(84,90),(82,89),(80,90),(81,92),(79,93),(77,94),(75,95),(73,96),(71,97),(69,98),(67,99)
(65,100),(63,101),(61,102),(59,103),(57,104),(58,102),(60,101),(62,100),(64,99),(66,98),(68,97),(70,96),(72,95),(74,94),(76,93)
(78,92),(80,91),(82,90),(83,88),(85,87),(87,86),(89,85),(90,83),(91,85),(92,83),(93,81),(94,79),(95,77),(96,75),(97,73)
(98,71),(96,72),(97,74),(96,76),(95,74),(94,76),(93,78),(92,80),(91,82),(90,84),(89,86),(87,87),(85,88),(83,89),(84,87)
(86,86),(88,85),(89,83),(90,85),(91,83),(92,81),(93,79),(94,77),(95,75),(96,73),(98,72),(99,70),(100,68),(98,67),(100,66)
(102,65),(101,67),(100,69),(99,71),(97,72),(98,70),(99,68),(97,69),(96,71),(95,73),(94,75),(93,77),(92,79),(91,81),(89,82)
(88,84),(86,85),(84,86),(82,87),(81,89),(79,90),(80,88),(78,89),(79,91),(78,93),(77,91),(75,92),(76,94),(74,95),(72,96)
(70,97),(68,98),(66,99),(64,100),(62,101),(60,102),(58,103),(56,104),(55,102),(57,101),(59,100),(61,99),(63,98),(65,97),(67,96)
(69,95),(71,94),(73,93),(74,91),(75,93),(77,92),(76,90),(78,91),(76,92),(74,93),(72,94),(70,95),(68,96),(66,97),(64,98)
(62,99),(60,100),(58,101),(56,102),(54,103),(52,104),(51,102),(53,101),(55,100),(54,102),(53,104),(55,103),(57,102),(59,101),(61,100)
(63,99),(65,98),(67,97),(69,96),(71,95),(73,94),(72,92),(70,93),(68,94),(66,95),(64,96),(62,97),(60,98),(58,99),(56,100)
(54,101),(52,102),(50,103),(48,104),(47,102),(49,101),(51,100),(50,102),(49,104),(51,103),(53,102),(55,101),(57,100),(59,99),(61,98)
(63,97),(65,96),(67,95),(69,94),(71,93),(73,92),(75,91),(77,90),(79,89),(81,88),(83,87),(85,86),(87,85),(89,84),(90,82)
(91,80),(92,78),(93,76),(94,74),(95,72),(97,71),(98,69),(99,67),(100,65),(101,63),(102,61),(100,62),(99,64),(98,66),(97,68)
(96,70),(94,71),(93,73),(92,75),(91,77),(90,79),(89,81),(88,83),(86,84),(87,82),(88,80),(90,81),(91,79),(92,77),(93,75)
(94,73),(95,71),(97,70),(98,68),(99,66),(100,64),(98,63),(97,65),(96,67),(95,69),(93,70),(94,72),(95,70),(96,68),(97,66)
(98,64),(99,62),(100,60),(98,59),(100,58),(102,57),(101,59),(100,61),(99,63),(98,65),(97,67),(96,69),(94,68),(95,66),(96,64)
(97,62),(98,60),(99,58),(100,56),(98,55),(100,54),(102,53),(101,55),(100,57),(99,59),(98,61),(97,63),(96,65),(95,67),(94,69)
(93,71),(92,73),(91,75),(93,74),(92,76),(91,78),(90,80),(89,78),(90,76),(91,74),(92,72),(90,73),(92,74),(91,76),(90,78)
(89,80),(88,82),(87,84),(85,85),(83,86),(81,87),(80,89),(78,90),(76,91),(74,92),(72,93),(70,94),(68,95),(66,96),(64,97)
(62,98),(60,99),(58,100),(56,101),(57,99),(59,98),(61,97),(63,96),(65,95),(67,94),(69,93),(71,92),(73,91),(75,90),(77,89)
(79,88),(80,86),(82,85),(84,84),(86,83),(87,81),(88,79),(89,77),(90,75),(91,73),(93,72),(94,70),(95,68),(96,66),(97,64)
(98,62),(99,60),(97,61),(96,63),(95,65),(94,67),(93,69),(92,71),(90,72),(89,74),(88,76),(90,77),(89,79),(88,81),(87,83)
(85,84),(86,82),(87,80),(88,78),(89,76),(90,74),(91,72),(92,70),(93,68),(94,66),(95,64),(96,62),(97,60),(98,58),(99,56)
(97,57),(96,59),(95,61),(94,63),(93,65),(92,67),(91,69),(90,71),(89,73),(88,75),(87,77),(86,79),(85,81),(84,83),(83,85)
(81,86),(79,87),(77,88),(75,89),(73,90),(71,91),(69,92),(67,93),(65,94),(63,95),(61,96),(59,97),(57,98),(55,99),(53,100)
(51,101),(49,102),(47,103),(45,104),(46,102),(48,101),(50,100),(52,101),(54,100),(56,99),(58,98),(60,97),(62,96),(64,95),(66,94)
(68,93),(70,92),(72,91),(74,90),(76,89),(78,88),(80,87),(82,86),(84,85),(85,83),(86,81),(87,79),(88,77),(89,75),(87,76)
(86,78),(85,80),(84,82),(83,84),(81,85),(79,86),(77,87),(75,88),(73,89),(71,90),(69,91),(67,92),(65,93),(63,94),(61,95)
(59,96),(57,97),(55,98),(53,99),(51,98),(52,100),(50,101),(48,102),(46,103),(44,104),(43,102),(45,101),(47,100),(49,99),(47,98)
(48,100),(46,101),(44,102),(42,103),(40,104),(39,102),(41,101),(43,100),(42,102),(41,104),(43,103),(45,102),(47,101),(49,100),(51,99)
(53,98),(55,97),(54,99),(56,98),(58,97),(60,96),(62,95),(64,94),(66,93),(68,92),(70,91),(72,90),(74,89),(76,88),(78,87)
(79,85),(81,84),(83,83),(85,82),(86,80),(87,78),(85,79),(84,81),(82,82),(83,80),(84,78),(86,77),(87,75),(88,73),(89,71)
(91,70),(92,68),(93,66),(94,64),(95,62),(96,60),(97,58),(98,56),(99,54),(100,52),(99,50),(101,51),(100,49),(99,47),(98,45)
(97,43),(96,41),(95,39),(94,37),(93,35),(92,33),(91,31),(90,29),(89,27),(87,26),(86,24),(85,22),(84,20),(82,19),(80,18)
(78,17),(76,16),(74,15),(72,14),(70,13),(68,12),(66,11),(64,10),(62,9),(63,11),(65,12),(67,13),(69,14),(71,15),(73,16)
(75,17),(77,18),(79,19),(81,20),(83,21),(84,23),(86,22),(87,24),(88,26),(89,28),(90,30),(91,32),(92,34),(93,36),(94,38)
(95,40),(96,42),(97,44),(98,46),(99,48),(100,50),(99,52),(98,50),(97,48),(96,46),(95,44),(94,42),(93,40),(92,38),(91,36)
(90,34),(89,32),(88,30),(87,28),(86,26),(85,24),(84,22),(83,20),(81,19),(79,18),(77,17),(75,16),(73,15),(71,14),(69,13)
(67,12),(65,11),(63,10),(61,9),(59,8),(57,9),(59,10),(61,11),(63,12),(65,13),(67,14),(69,15),(71,16),(73,17),(75,18)
(77,19),(79,20),(81,21),(83,22),(82,20),(84,21),(85,23),(86,25),(87,27),(88,29),(89,31),(90,33),(91,35),(92,37),(93,39)
(94,41),(95,43),(96,45),(97,47),(98,49),(99,51),(100,53),(99,55),(98,57),(97,59),(96,61),(95,63),(94,65),(93,67),(92,69)
(91,71),(90,69),(91,67),(92,65),(93,63),(94,61),(95,59),(96,57),(97,55),(98,53),(97,51),(96,49),(98,48),(97,46),(96,44)
(95,42),(94,40),(93,38),(92,36),(91,34),(90,32),(89,30),(88,28),(86,27),(85,25),(83,24),(82,22),(80,21),(78,20),(76,19)
(74,18),(72,17),(70,16),(68,15),(66,14),(64,13),(62,12),(60,11),(58,10),(56,9),(54,8),(52,9),(50,10),(48,11),(46,12)
(44,13),(42,14),(40,15),(38,16),(36,17),(34,18),(32,19),(30,20),(28,21),(26,22),(24,23),(23,25),(22,27),(21,29),(20,31)
(19,33),(18,35),(17,37),(16,39),(15,41),(14,43),(13,45),(15,44),(14,46),(13,48),(12,50),(11,52),(9,53),(8,55),(7,57)
(6,59),(5,61),(4,63),(3,65),(2,67),(1,69),(3,70),(4,68),(5,66),(6,64),(7,62),(8,60),(9,58),(10,56),(11,54)
(12,52),(11,50),(12,48),(13,46),(14,44),(15,42),(16,40),(17,38),(19,37),(18,39),(17,41),(16,43),(15,45),(14,47),(13,49)
(12,51),(13,53),(14,51),(15,49),(13,50),(14,48),(15,46),(16,44),(17,42),(18,40),(19,38),(20,36),(21,34),(20,32),(21,30)
(22,28),(23,26),(24,24),(26,23),(28,22),(30,21),(32,20),(34,19),(36,18),(38,17),(40,16),(42,15),(44,14),(46,13),(45,15)
(43,14),(45,13),(47,12),(49,13),(47,14),(49,15),(48,13),(50,12),(52,11),(54,10),(56,11),(58,12),(60,13),(62,14),(61,12)
(60,10),(62,11),(64,12),(66,13),(68,14),(70,15),(72,16),(74,17),(76,18),(78,19),(80,20),(82,21),(83,23),(84,25),(85,27)
(86,29),(87,31),(88,33),(89,35),(90,37),(91,39),(92,41),(93,43),(94,45),(95,47),(94,49),(96,48),(97,50),(98,52),(97,54)
(96,56),(95,58),(94,60),(93,62),(92,64),(91,66),(90,68),(89,70),(88,72),(87,74),(86,76),(85,78),(84,80),(83,82),(82,84)
(80,85),(78,86),(76,87),(74,88),(72,89),(70,90),(68,91),(66,92),(64,93),(62,94),(60,95),(58,96),(56,97),(54,98),(52,99)
(53,97),(55,96),(57,95),(59,94),(61,93),(63,92),(65,91),(67,90),(69,89),(71,88),(73,87),(75,86),(77,85),(79,84),(81,83)
(82,81),(83,79),(84,77),(85,75),(86,73),(88,74),(89,72),(90,70),(91,68),(92,66),(93,64),(94,62),(95,60),(96,58),(97,56)
(98,54),(97,52),(96,50),(98,51),(97,49),(96,47),(95,45),(94,43),(93,41),(92,39),(91,37),(90,35),(89,33),(88,31),(87,29)
(85,28),(84,26),(82,25),(84,24),(85,26),(86,28),(87,30),(88,32),(89,34),(90,36),(91,38),(92,40),(93,42),(94,44),(95,46)
(94,48),(95,50),(96,52),(95,54),(97,53),(96,55),(95,57),(94,59),(93,61),(92,63),(91,65),(90,67),(89,69),(88,71),(87,73)
(86,75),(85,77),(84,79),(83,81),(82,83),(80,84),(78,85),(76,86),(74,87),(72,88),(70,89),(68,90),(66,91),(64,92),(62,93)
(60,94),(58,95),(56,96),(54,97),(52,98),(50,99),(48,98),(46,99),(44,100),(42,101),(40,102),(38,103),(36,104),(35,102),(37,101)
(39,100),(38,102),(37,104),(39,103),(41,102),(43,101),(45,100),(47,99),(49,98),(51,97),(53,96),(55,95),(57,96),(59,95),(61,94)
(63,93),(65,92),(67,91),(69,90),(71,89),(73,88),(75,87),(77,86),(78,84),(80,83),(81,81),(82,79),(83,77),(85,76),(86,74)
(87,72),(88,70),(89,68),(90,66),(91,64),(92,62),(93,60),(94,58),(95,56),(96,54),(95,52),(94,54),(96,53),(95,51),(94,53)
(95,55),(94,57),(93,59),(92,61),(91,63),(90,65),(89,67),(88,69),(87,71),(85,72),(84,74),(83,76),(82,78),(81,80),(80,82)
(78,83),(76,84),(74,85),(72,86),(70,87),(68,88),(66,89),(64,90),(62,91),(60,92),(58,93),(56,94),(54,95),(52,96),(50,97)
(48,96),(46,97),(45,99),(44,101),(46,100),(48,99),(50,98),(52,97),(54,96),(56,95),(58,94),(60,93),(62,92),(64,91),(66,90)
(68,89),(70,88),(72,87),(74,86),(76,85),(77,83),(79,82),(80,80),(81,82),(79,83),(77,84),(75,85),(73,86),(71,87),(69,88)
(67,89),(65,90),(63,91),(61,92),(59,93),(57,94),(55,93),(53,94),(51,95),(49,96),(47,97),(45,98),(43,99),(41,100),(39,101)
(37,102),(35,103),(33,104),(34,102),(36,101),(38,100),(40,101),(42,100),(40,99),(42,98),(44,99),(46,98),(44,97),(46,96),(48,97)
(50,96),(52,95),(54,94),(56,93),(58,92),(60,91),(62,90),(64,89),(66,88),(68,87),(70,86),(72,85),(74,84),(76,83),(78,82)
(80,81),(82,80),(83,78),(84,76),(85,74),(86,72),(87,70),(88,68),(89,66),(90,64),(91,62),(92,60),(93,58),(94,56),(92,57)
(93,55),(92,53),(93,51),(92,49),(93,47),(95,48),(94,46),(93,44),(92,42),(91,40),(90,38),(89,36),(88,34),(87,32),(86,30)
(84,29),(83,27),(81,26),(83,25),(82,23),(80,22),(78,21),(76,20),(74,19),(72,18),(70,17),(68,16),(66,15),(64,14),(62,13)
(60,12),(58,11),(56,10),(54,11),(56,12),(55,10),(57,11),(59,12),(61,13),(63,14),(65,15),(67,16),(69,17),(71,18),(73,19)
(75,20),(77,21),(79,22),(81,23),(79,24),(78,22),(77,20),(79,21),(81,22),(82,24),(80,23),(81,25),(83,26),(84,28),(85,30)
(86,32),(87,34),(88,36),(89,38),(90,40),(91,42),(92,44),(93,46),(92,48),(94,47),(95,49),(96,51),(94,50),(93,48),(92,46)
(91,44),(93,45),(92,43),(91,41),(90,39),(89,37),(88,35),(87,33),(86,31),(85,29),(84,27),(82,28),(83,30),(85,31),(86,33)
(87,35),(88,37),(89,39),(90,41),(91,43),(92,45),(91,47),(90,45),(89,43),(88,41),(90,42),(89,40),(88,38),(87,36),(86,34)
(85,32),(84,30),(83,28),(82,26),(81,24),(79,23),(77,22),(75,21),(73,20),(75,19),(73,18),(71,17),(69,16),(67,15),(65,14)
(63,13),(64,15),(66,16),(68,17),(70,18),(72,19),(74,20),(76,21),(77,23),(75,22),(73,21),(71,20),(69,19),(67,18),(65,17)
(63,16),(61,15),(59,14),(57,13),(55,12),(53,11),(51,12),(53,13),(51,14),(52,12),(53,10),(55,11),(57,12),(59,13),(61,14)
(63,15),(65,16),(67,17),(69,18),(71,19),(72,21),(74,22),(76,23),(78,24),(80,25),(81,27),(82,29),(83,31),(84,33),(85,35)
(86,37),(87,39),(85,38),(87,37),(88,39),(89,41),(90,43),(91,45),(92,47),(93,49),(94,51),(95,53),(94,55),(93,57),(92,59)
(91,61),(90,63),(89,65),(88,67),(87,69),(86,71),(85,73),(84,75),(82,76),(81,78),(79,79),(78,81),(76,82),(75,84),(73,85)
(71,86),(69,87),(67,88),(65,89),(63,90),(61,91),(59,92),(57,93),(55,94),(53,95),(51,96),(49,97),(48,95),(50,94),(52,93)
(54,92),(56,91),(58,90),(57,92),(59,91),(61,90),(63,89),(65,88),(67,87),(69,86),(71,85),(73,84),(75,83),(77,82),(79,81)
(80,79),(81,77),(82,75),(83,73),(84,71),(86,70),(87,68),(88,66),(89,64),(90,62),(91,60),(92,58),(93,56),(92,54),(93,52)
(92,50),(91,48),(90,46),(89,44),(88,42),(87,40),(86,38),(85,36),(84,34),(86,35),(85,33),(84,31),(83,29),(82,27),(80,26)
(81,28),(82,30),(83,32),(81,31),(80,29),(79,27),(78,25),(80,24),(78,23),(76,22),(74,21),(72,20),(70,19),(68,18),(66,17)
(64,16),(62,15),(60,14),(58,13),(56,14),(54,13),(52,14),(50,13),(51,11),(53,12),(55,13),(57,14),(59,15),(61,16),(63,17)
(65,18),(67,19),(69,20),(71,21),(73,22),(75,23),(77,24),(79,25),(80,27),(81,29),(82,31),(84,32),(85,34),(86,36),(87,38)
(88,40),(89,42),(90,44),(91,46),(90,48),(91,50),(92,52),(93,50),(94,52),(93,54),(92,56),(91,58),(90,60),(89,62),(88,64)
(87,66),(86,68),(85,70),(84,72),(83,74),(81,75),(82,77),(81,79),(80,77),(78,78),(79,80),(77,81),(75,82),(73,83),(71,84)
(69,85),(67,86),(65,87),(63,88),(61,89),(59,90),(57,91),(55,92),(53,93),(51,94),(49,95),(47,96),(45,97),(43,98),(41,99)
(39,98),(40,100),(38,101),(36,102),(34,103),(32,104),(31,102),(33,101),(35,100),(37,99),(35,98),(36,100),(34,101),(32,102),(30,103)
(28,104),(27,102),(29,101),(31,100),(30,102),(29,104),(31,103),(33,102),(35,101),(37,100),(39,99),(41,98),(43,97),(42,99),(44,98)
(45,96),(47,95),(49,94),(51,93),(50,95),(52,94),(54,93),(56,92),(58,91),(60,90),(62,89),(64,88),(66,87),(68,86),(70,85)
(72,84),(74,83),(75,81),(77,80),(75,79),(76,81),(78,80),(79,78),(80,76),(81,74),(83,75),(84,73),(85,71),(86,69),(87,67)
(88,65),(89,63),(90,61),(91,59),(90,57),(91,55),(90,53),(91,51),(90,49),(89,47),(88,45),(87,43),(86,41),(85,39),(84,37)
(83,35),(82,33),(80,32),(81,30),(80,28),(79,26),(77,25),(75,24),(73,23),(71,22),(70,20),(68,19),(66,18),(64,17),(62,16)
(60,15),(58,14),(56,13),(54,12),(52,13),(54,14),(56,15),(58,16),(60,17),(62,18),(64,19),(66,20),(68,21),(70,22),(72,23)
(74,24),(76,25),(78,26),(79,28),(80,30),(81,32),(83,33),(84,35),(85,37),(86,39),(87,41),(88,43),(89,45),(90,47),(91,49)
(92,51),(93,53),(92,55),(91,57),(90,59),(89,61),(88,63),(87,65),(86,67),(85,69),(83,70),(82,72),(80,73),(82,74),(81,76)
(80,78),(78,79),(76,80),(74,81),(72,82),(70,83),(68,84),(66,85),(64,86),(62,87),(60,88),(58,89),(56,90),(54,91),(52,92)
(50,93),(48,94),(46,95),(44,96),(42,97),(40,98),(38,99),(36,98),(34,99),(32,100),(30,101),(28,102),(26,103),(24,104),(23,102)
(25,101),(27,100),(26,102),(25,104),(27,103),(29,102),(31,101),(33,100),(35,99),(37,98),(39,97),(41,96),(43,95),(45,94),(47,93)
(49,92),(51,91),(53,92),(55,91),(57,90),(59,89),(61,88),(63,87),(65,86),(67,85),(69,84),(71,83),(73,82),(74,80),(76,79)
(77,77),(79,76),(80,74),(82,73),(83,71),(84,69),(85,67),(86,65),(87,63),(88,61),(89,59),(87,60),(88,62),(89,60),(90,58)
(91,56),(90,54),(91,52),(90,50),(89,48),(88,46),(87,44),(86,42),(85,40),(84,38),(83,36),(82,34),(80,33),(82,32),(83,34)
(84,36),(82,35),(81,33),(80,31),(79,29),(78,27),(76,26),(77,28),(78,30),(79,32),(80,34),(81,36),(83,37),(84,39),(86,40)
(87,42),(88,44),(89,46),(88,48),(89,50),(90,52),(91,54),(90,56),(89,58),(88,60),(87,62),(86,64),(85,66),(84,68),(82,69)
(84,70),(83,72),(81,71),(79,72),(81,73),(80,75),(79,77),(77,78),(78,76),(79,74),(80,72),(82,71),(83,69),(85,68),(86,66)
(87,64),(86,62),(85,64),(84,66),(83,68),(82,70),(81,72),(80,70),(81,68),(83,67),(84,65),(85,63),(86,61),(87,59),(88,57)
(89,55),(88,53),(89,51),(88,49),(87,47),(86,45),(85,43),(84,41),(83,39),(82,37),(81,35),(79,34),(78,32),(79,30),(78,28)
(77,26),(76,24),(74,23),(72,22),(70,21),(68,20),(66,19),(64,18),(62,17),(60,16),(58,15),(59,17),(57,16),(55,15),(53,14)
(51,13),(49,12),(47,13),(45,14),(43,15),(41,16),(39,17),(37,18),(35,19),(33,20),(31,21),(29,22),(27,23),(25,24),(24,26)
(23,28),(22,30),(21,32),(20,34),(19,36),(18,38),(17,40),(16,42),(17,44),(16,46),(15,48),(14,50),(13,52),(12,54),(10,55)
(9,57),(8,59),(7,61),(6,63),(5,65),(4,67),(3,69),(2,71),(1,73),(3,74),(4,72),(5,70),(6,68),(7,66),(5,67)
(3,68),(4,66),(5,64),(6,62),(7,60),(8,58),(9,56),(10,54),(11,56),(10,58),(9,60),(8,62),(7,64),(6,66),(5,68)
(4,70),(3,72),(5,71),(6,69),(7,67),(6,65),(7,63),(8,65),(9,63),(8,61),(9,59),(10,61),(11,59),(10,57),(11,55)
(12,57),(13,55),(12,53),(13,51),(14,49),(15,47),(16,45),(17,43),(18,41),(19,39),(20,37),(21,35),(22,33),(23,31),(22,29)
(23,27),(24,25),(25,23),(27,22),(29,21),(31,20),(33,19),(35,18),(37,17),(39,16),(41,15),(43,16),(41,17),(39,18),(37,19)
(35,20),(33,21),(31,22),(29,23),(27,24),(25,25),(24,27),(23,29),(22,31),(21,33),(20,35),(22,34),(23,32),(24,30),(25,28)
(26,26),(28,25),(26,24),(28,23),(30,22),(32,21),(34,20),(36,19),(38,18),(40,17),(42,16),(44,15),(46,14),(48,15),(50,14)
(52,15),(50,16),(49,14),(47,15),(45,16),(43,17),(41,18),(39,19),(37,20),(35,21),(33,22),(31,23),(29,24),(27,25),(25,26)
(24,28),(23,30),(22,32),(24,31),(25,29),(26,27),(28,26),(26,25),(28,24),(30,23),(32,22),(34,21),(36,20),(38,19),(40,18)
(42,17),(44,16),(46,15),(48,14),(50,15),(48,16),(46,17),(44,18),(42,19),(40,20),(38,21),(36,22),(34,23),(32,24),(30,25)
(29,27),(27,26),(25,27),(24,29),(26,28),(25,30),(24,32),(23,34),(22,36),(21,38),(20,40),(19,42),(18,44),(17,46),(16,48)
(15,50),(14,52),(13,54),(12,56),(11,58),(10,60),(9,62),(8,64),(9,66),(7,65),(6,67),(5,69),(4,71),(3,73),(2,75)
(1,77),(3,78),(4,76),(5,74),(6,72),(7,70),(8,68),(9,70),(7,69),(6,71),(5,73),(4,75),(3,77),(2,79),(1,81)
(3,82),(4,80),(5,78),(6,76),(7,74),(5,75),(3,76),(4,74),(5,72),(6,70),(7,68),(8,66),(9,64),(10,62),(8,63)
(9,61),(10,59),(11,57),(12,55),(13,57),(12,59),(11,61),(10,63),(9,65),(8,67),(9,69),(8,71),(7,73),(6,75),(5,77)
(4,79),(3,81),(2,83),(1,85),(3,86),(4,84),(5,82),(6,80),(7,78),(5,79),(3,80),(4,78),(5,76),(6,74),(7,72)
(8,70),(9,68),(10,66),(11,64),(12,62),(11,60),(12,58),(13,60),(14,58),(13,56),(14,54),(15,56),(16,58),(14,57),(13,59)
(12,61),(11,63),(10,65),(9,67),(8,69),(7,71),(6,73),(8,72),(10,71),(9,73),(8,75),(7,77),(6,79),(5,81),(4,83)
(3,85),(2,87),(1,89),(3,90),(4,88),(5,86),(6,84),(7,82),(5,83),(3,84),(4,82),(5,80),(6,78),(7,76),(8,74)
(9,72),(10,70),(11,68),(12,66),(10,67),(11,69),(12,71),(10,72),(8,73),(7,75),(6,77),(8,76),(9,74),(11,73),(10,75)
(9,77),(8,79),(7,81),(6,83),(5,85),(4,87),(3,89),(2,91),(1,93),(3,94),(4,92),(5,90),(6,88),(7,86),(5,87)
(3,88),(4,86),(5,84),(6,82),(7,80),(8,78),(9,76),(10,74),(11,72),(9,71),(10,69),(12,70),(13,68),(11,67),(12,65)
(10,64),(11,62),(12,60),(13,58),(14,56),(15,54),(16,52),(14,53),(15,55),(16,57),(15,59),(14,61),(13,63),(14,65),(12,64)
(11,66),(10,68),(11,70),(12,68),(13,66),(11,65),(12,67),(13,69),(14,67),(13,65),(12,63),(13,61),(14,59),(15,57),(14,55)
(15,53),(16,55),(17,57),(15,58),(14,60),(13,62),(14,64),(15,62),(16,60),(17,58),(16,56),(17,54),(18,56),(19,58),(17,59)
(15,60),(14,62),(13,64),(14,66),(15,64),(16,66),(15,68),(13,67),(12,69),(11,71),(10,73),(9,75),(8,77),(7,79),(6,81)
(8,80),(9,78),(10,76),(11,74),(12,72),(13,70),(14,68),(15,66),(16,64),(14,63),(15,65),(16,67),(15,69),(14,71),(13,73)
(12,75),(11,77),(10,79),(9,81),(8,83),(7,85),(6,87),(5,89),(4,91),(3,93),(2,95),(1,97),(2,99),(3,101),(5,102)
(7,103),(9,104),(10,102),(8,101),(6,100),(5,98),(3,97),(4,95),(6,96),(5,94),(4,96),(3,98),(4,100),(6,101),(5,99)
(7,100),(8,102),(10,103),(12,104),(11,102),(9,101),(8,99),(7,101),(5,100),(6,98),(5,96),(4,98),(3,96),(5,97),(6,99)
(7,97),(6,95),(4,94),(3,92),(5,93),(6,91),(4,90),(5,92),(6,94),(7,96),(5,95),(6,97),(7,99),(9,100),(8,98)
(10,99),(8,100),(9,102),(11,101),(13,102),(11,103),(13,104),(15,103),(17,104),(18,102),(16,101),(14,102),(12,101),(10,100),(9,98)
(11,99),(10,101),(12,102),(14,103),(16,104),(15,102),(13,101),(11,100),(9,99),(7,98),(8,96),(7,94),(6,92),(7,90),(5,91)
(6,93),(7,95),(8,97),(10,98),(12,99),(14,100),(13,98),(12,100),(14,101),(16,102),(18,103),(20,104),(19,102),(17,101),(15,100)
(13,99),(11,98),(9,97),(8,95),(7,93),(9,94),(10,96),(12,97),(14,98),(13,100),(15,101),(17,102),(19,103),(21,104),(23,103)
(21,102),(19,101),(17,100),(15,99),(14,97),(12,98),(10,97),(9,95),(8,93),(7,91),(6,89),(8,88),(9,90),(8,92),(10,93)
(8,94),(9,96),(11,97),(10,95),(12,96),(11,94),(9,93),(7,92),(6,90),(5,88),(7,89),(8,91),(10,92),(12,93),(11,95)
(13,96),(12,94),(11,96),(10,94),(9,92),(8,90),(7,88),(6,86),(8,87),(9,89),(10,91),(11,93),(12,95),(13,97),(14,99)
(16,100),(18,101),(20,102),(22,103),(21,101),(19,100),(17,99),(15,98),(14,96),(16,97),(18,98),(16,99),(18,100),(20,101),(22,102)
(24,101),(22,100),(20,99),(19,97),(18,99),(16,98),(15,96),(13,95),(15,94),(16,96),(17,98),(15,97),(14,95),(13,93),(11,92)
(9,91),(8,89),(7,87),(6,85),(7,83),(8,85),(9,87),(10,89),(11,91),(13,92),(14,94),(16,95),(17,97),(19,98),(20,100)
(22,101),(24,102),(23,100),(21,99),(20,97),(19,99),(21,100),(23,101),(25,102),(27,101),(25,100),(23,99),(21,98),(20,96),(18,97)
(20,98),(22,99),(24,100),(26,101),(25,99),(23,98),(21,97),(19,96),(17,95),(16,93),(15,95),(13,94),(12,92),(11,90),(10,88)
(9,86),(8,84),(9,82),(10,84),(11,86),(9,85),(7,84),(8,86),(9,88),(10,90),(12,91),(14,92),(13,90),(11,89),(10,87)
(12,88),(14,89),(12,90),(11,88),(10,86),(9,84),(8,82),(10,83),(11,85),(12,87),(13,89),(14,91),(15,93),(17,94),(18,96)
(20,95),(18,94),(17,96),(19,95),(21,96),(22,98),(24,99),(26,100),(28,101),(29,99),(27,98),(28,100),(26,99),(24,98),(22,97)
(21,95),(19,94),(17,93),(18,95),(16,94),(14,93),(13,91),(15,92),(14,90),(12,89),(11,87),(10,85),(9,83),(8,81),(9,79)
(10,81),(11,83),(12,85),(13,87),(15,88),(16,90),(17,92),(15,91),(16,89),(14,88),(15,90),(16,92),(18,93),(17,91),(19,92)
(20,94),(22,95),(23,97),(25,98),(27,99),(29,100),(28,98),(30,99),(32,98),(30,97),(31,99),(32,101),(34,100),(33,98),(35,97)
(36,99),(38,98),(40,97),(42,96),(44,95),(46,94),(48,93),(50,92),(52,91),(54,90),(56,89),(58,88),(60,89),(62,88),(64,87)
(66,86),(68,85),(70,84),(72,83),(74,82),(72,81),(70,82),(68,83),(66,84),(64,85),(62,86),(60,87),(61,85),(63,86),(61,87)
(59,88),(57,89),(55,90),(53,91),(51,92),(49,93),(47,94),(45,95),(43,96),(41,97),(39,96),(37,97),(35,96),(34,98),(32,99)
(30,100),(28,99),(26,98),(24,97),(22,96),(21,94),(19,93),(18,91),(20,92),(22,93),(23,95),(25,96),(27,97),(29,98),(31,97)
(33,96),(31,95),(29,96),(30,98),(28,97),(26,96),(24,95),(25,97),(23,96),(22,94),(20,93),(18,92),(16,91),(18,90),(20,91)
(21,93),(23,94),(24,96),(26,97),(25,95),(27,96),(29,97),(31,98),(33,99),(32,97),(30,96),(28,95),(26,94),(24,93),(22,92)
(21,90),(19,91),(17,90),(15,89),(13,88),(12,86),(11,84),(10,82),(9,80),(11,81),(12,83),(13,85),(14,87),(16,88),(15,86)
(14,84),(13,86),(12,84),(11,82),(10,80),(11,78),(12,80),(13,82),(15,83),(13,84),(14,86),(16,87),(17,89),(19,90),(21,91)
(23,92),(24,94),(26,95),(28,96),(27,94),(25,93),(24,91),(23,93),(21,92),(23,91),(25,92),(27,93),(25,94),(27,95),(29,94)
(28,92),(26,93),(24,92),(22,91),(20,90),(18,89),(17,87),(16,85),(15,87),(14,85),(13,83),(12,81),(11,79),(10,77),(11,75)
(12,73),(13,71),(14,69),(15,67),(17,68),(16,70),(15,72),(14,70),(13,72),(12,74),(11,76),(10,78),(11,80),(12,82),(14,81)
(13,79),(12,77),(13,75),(14,73),(15,71),(16,69),(17,67),(16,65),(15,63),(16,61),(17,63),(18,65),(19,67),(17,66),(16,68)
(15,70),(14,72),(13,74),(12,76),(13,78),(14,76),(15,74),(16,72),(17,70),(18,68),(20,69),(18,70),(16,71),(15,73),(14,75)
(13,77),(12,79),(13,81),(14,83),(15,85),(17,86),(18,88),(20,89),(22,90),(21,88),(19,89),(17,88),(19,87),(18,85),(16,86)
(15,84),(14,82),(13,80),(12,78),(14,79),(15,81),(16,83),(17,85),(18,87),(20,88),(22,89),(24,90),(26,91),(25,89),(23,90)
(21,89),(19,88),(18,86),(17,84),(16,82),(15,80),(14,78),(13,76),(14,74),(15,76),(16,74),(17,72),(19,71),(18,69),(17,71)
(16,73),(15,75),(14,77),(15,79),(16,77),(17,75),(18,73),(19,75),(17,74),(16,76),(15,78),(14,80),(15,82),(16,84),(17,82)
(16,80),(17,78),(15,77),(16,79),(17,81),(18,83),(19,85),(20,87),(22,88),(21,86),(23,87),(24,89),(25,91),(27,92),(28,94)
(30,95),(32,96),(34,97),(33,95),(31,96),(33,97),(32,95),(34,96),(36,97),(38,96),(36,95),(34,94),(32,93),(30,94),(28,93)
(29,95),(31,94),(29,93),(28,91),(26,92),(27,90),(29,91),(30,93),(32,94),(34,95),(36,96),(38,97),(40,96),(38,95),(36,94)
(37,96),(35,95),(33,94),(31,93),(29,92),(27,91),(25,90),(23,89),(22,87),(20,86),(19,84),(17,83),(16,81),(18,82),(17,80)
(16,78),(17,76),(18,78),(19,80),(17,79),(18,77),(19,79),(18,81),(19,83),(20,85),(18,84),(19,86),(21,87),(23,88),(22,86)
(24,87),(26,88),(28,89),(26,90),(25,88),(27,89),(29,90),(30,92),(32,91),(33,93),(31,92),(30,90),(29,88),(28,90),(26,89)
(24,88),(23,86),(21,85),(20,83),(19,81),(18,79),(17,77),(16,75),(18,76),(20,77),(21,79),(20,81),(18,80),(19,78),(20,80)
(19,82),(20,84),(22,85),(21,83),(23,84),(24,86),(26,87),(28,88),(30,89),(31,91),(33,92),(35,93),(37,94),(39,95),(41,94)
(39,93),(40,95),(38,94),(37,92),(35,91),(34,93),(32,92),(30,91),(32,90),(34,91),(36,92),(35,94),(37,95),(36,93),(34,92)
(33,90),(31,89),(30,87),(29,89),(27,88),(25,87),(24,85),(22,84),(21,82),(23,83),(21,84),(20,82),(22,81),(24,82),(22,83)
(23,85),(25,86),(27,87),(26,85),(24,84),(23,82),(21,81),(20,79),(19,77),(18,75),(17,73),(19,74),(18,72),(20,73),(18,74)
(19,76),(20,78),(21,80),(22,82),(23,80),(22,78),(21,76),(20,74),(19,72),(21,71),(19,70),(17,69),(18,71),(19,73),(20,75)
(21,77),(22,79),(23,81),(24,83),(25,85),(27,86),(29,87),(31,88),(33,89),(31,90),(33,91),(35,92),(37,93),(39,94),(41,95)
(43,94),(45,93),(47,92),(49,91),(51,90),(53,89),(55,88),(57,87),(59,86),(57,85),(58,87),(56,88),(54,89),(52,90),(50,91)
(48,92),(46,93),(44,94),(42,95),(40,94),(38,93),(37,91),(35,90),(34,88),(32,89),(30,88),(28,87),(26,86),(25,84),(27,85)
(29,86),(31,87),(33,88),(34,90),(36,91),(38,92),(40,93),(42,94),(44,93),(42,92),(40,91),(41,93),(39,92),(38,90),(36,89)
(35,87),(34,89),(32,88),(33,86),(31,85),(32,87),(30,86),(28,85),(26,84),(25,82),(27,83),(29,84),(28,86),(27,84),(25,83)
(24,81),(22,80),(21,78),(20,76),(22,77),(23,79),(25,80),(26,82),(28,83),(29,85),(31,86),(33,87),(35,88),(36,90),(38,91)
(40,92),(42,93),(44,92),(46,91),(48,90),(50,89),(52,88),(53,90),(55,89),(57,88),(59,87),(61,86),(63,85),(65,84),(67,83)
(69,82),(71,81),(73,80),(74,78),(75,80),(77,79),(76,77),(77,75),(78,77),(79,75),(78,73),(79,71),(81,70),(82,68),(84,67)
(85,65),(86,63),(87,61),(88,59),(89,57),(90,55),(91,53),(90,51),(89,49),(88,47),(87,45),(86,43),(85,41),(83,40),(82,38)
(80,37),(82,36),(81,34),(80,36),(81,38),(82,40),(83,38),(84,40),(85,42),(86,44),(87,46),(86,48),(87,50),(88,52),(89,54)
(88,56),(87,58),(86,60),(85,62),(84,64),(83,66),(81,67),(80,69),(78,70),(80,71),(79,73),(78,75),(76,76),(75,78),(73,79)
(71,80),(73,81),(71,82),(69,83),(67,84),(65,85),(63,84),(65,83),(67,82),(69,81),(70,79),(72,80),(74,79),(76,78),(77,76)
(78,74),(77,72),(76,74),(75,76),(73,77),(72,79),(70,80),(68,81),(66,82),(64,83),(62,84),(60,85),(58,86),(56,87),(54,88)
(52,89),(50,90),(48,91),(46,92),(44,91),(43,93),(41,92),(39,91),(37,90),(35,89),(37,88),(39,89),(41,90),(43,91),(45,92)
(47,91),(45,90),(43,89),(42,91),(40,90),(38,89),(36,88),(34,87),(32,86),(30,85),(28,84),(26,83),(25,81),(27,82),(29,83)
(31,84),(33,85),(35,86),(37,87),(39,88),(37,89),(39,90),(41,91),(43,92),(45,91),(43,90),(41,89),(40,87),(38,88),(40,89)
(42,90),(41,88),(39,87),(37,86),(35,85),(36,87),(34,86),(32,85),(30,84),(29,82),(27,81),(26,79),(24,80),(23,78),(22,76)
(21,74),(20,72),(22,73),(21,75),(23,76),(24,78),(25,76),(23,75),(24,77),(25,79),(26,81),(28,82),(30,83),(32,84),(34,85)
(36,86),(38,87),(40,88),(42,89),(44,90),(46,89),(44,88),(42,87),(40,86),(38,85),(36,84),(34,83),(32,82),(33,84),(31,83)
(30,81),(28,80),(27,78),(26,80),(24,79),(23,77),(22,75),(21,73),(20,71),(19,69),(18,67),(17,65),(16,63),(15,61),(16,59)
(17,61),(18,59),(19,57),(17,56),(16,54),(15,52),(16,50),(17,48),(18,46),(16,47),(17,45),(18,43),(19,41),(20,39),(21,37)
(22,35),(23,33),(25,32),(26,30),(27,28),(28,30),(26,29),(27,27),(28,29),(27,31),(26,33),(25,31),(24,33),(23,35),(21,36)
(20,38),(19,40),(18,42),(19,44),(20,42),(21,40),(22,38),(23,36),(24,34),(25,36),(23,37),(24,35),(25,33),(26,31),(27,29)
(28,27),(29,25),(31,24),(33,23),(35,22),(37,21),(39,20),(41,19),(43,18),(45,17),(47,16),(49,17),(51,16),(53,15),(55,14)
(57,15),(59,16),(61,17),(63,18),(65,19),(67,20),(69,21),(70,23),(72,24),(74,25),(75,27),(73,26),(75,25),(73,24),(71,23)
(69,22),(67,21),(65,20),(63,19),(61,18),(62,20),(60,19),(58,18),(56,17),(54,16),(52,17),(51,15),(49,16),(47,17),(45,18)
(46,16),(44,17),(42,18),(40,19),(38,20),(36,21),(34,22),(32,23),(30,24),(29,26),(31,25),(33,24),(35,23),(37,22),(39,21)
(41,20),(43,19),(42,21),(44,20),(46,19),(48,18),(50,17),(52,16),(54,15),(56,16),(58,17),(60,18),(62,19),(64,20),(66,21)
(68,22),(69,24),(71,25),(72,27),(73,25),(75,26),(77,27),(78,29),(79,31),(77,30),(76,28),(74,27),(72,26),(71,24),(69,23)
(67,22),(65,21),(63,20),(61,19),(59,18),(57,17),(55,16),(53,17),(55,18),(57,19),(59,20),(61,21),(63,22),(65,23),(64,21)
(66,22),(68,23),(70,24),(72,25),(74,26),(76,27),(77,29),(78,31),(79,33),(80,35),(81,37),(82,39),(83,41),(84,43),(85,45)
(86,47),(87,49),(88,51),(89,53),(88,55),(87,57),(89,56),(88,58),(86,59),(85,61),(84,63),(83,65),(82,67),(81,69),(79,68)
(80,66),(82,65),(83,63),(84,61),(85,59),(86,57),(87,55),(86,53),(88,54),(89,52),(87,51),(86,49),(88,50),(87,48),(86,46)
(85,44),(84,42),(82,41),(81,39),(79,38),(78,36),(77,34),(79,35),(78,33),(77,31),(76,29),(74,28),(75,30),(76,32),(74,31)
(75,29),(73,28),(71,27),(70,25),(68,24),(66,23),(64,22),(62,21),(60,20),(58,19),(56,18),(54,17),(52,18),(53,16),(55,17)
(57,18),(59,19),(61,20),(63,21),(65,22),(67,23),(68,25),(70,26),(71,28),(73,29),(75,28),(73,27),(71,26),(69,25),(67,24)
(68,26),(70,27),(72,28),(74,29),(76,30),(77,32),(78,34),(79,36),(80,38),(81,40),(82,42),(83,44),(84,46),(85,48),(86,50)
(87,52),(85,51),(84,49),(85,47),(84,45),(83,43),(81,42),(80,40),(78,39),(79,37),(78,35),(77,33),(76,31),(74,30),(72,29)
(70,28),(69,26),(67,25),(65,24),(63,23),(61,22),(59,21),(57,20),(55,19),(53,18),(51,17),(49,18),(51,19),(53,20),(54,18)
(56,19),(58,20),(60,21),(62,22),(64,23),(66,24),(67,26),(69,27),(70,29),(72,30),(73,32),(75,31),(76,33),(77,35),(78,37)
(79,39),(80,41),(81,43),(83,42),(84,44),(85,46),(83,47),(82,45),(80,44),(82,43),(83,45),(84,47),(85,49),(86,51),(87,53)
(86,55),(85,57),(87,56),(86,58),(85,60),(84,62),(83,64),(82,66),(81,64),(82,62),(83,60),(84,58),(85,56),(86,54),(85,52)
(84,50),(83,48),(82,46),(81,44),(80,42),(79,40),(81,41),(80,39),(78,38),(77,36),(76,34),(75,32),(73,31),(71,30),(69,29)
(68,27),(66,26),(64,25),(62,24),(60,23),(58,22),(56,21),(54,20),(52,19),(50,18),(48,17),(46,18),(44,19),(42,20),(40,21)
(38,22),(36,23),(34,24),(32,25),(30,26),(29,28),(31,27),(33,26),(35,25),(37,24),(39,23),(41,22),(43,21),(45,20),(47,19)
(49,20),(47,21),(48,19),(46,20),(47,18),(45,19),(43,20),(41,21),(39,22),(37,23),(35,24),(33,25),(31,26),(30,28),(32,27)
(34,26),(36,25),(38,24),(40,23),(42,22),(44,21),(43,23),(45,22),(47,23),(46,21),(48,20),(50,19),(51,21),(49,22),(50,20)
(51,18),(49,19),(48,21),(46,22),(47,20),(45,21),(43,22),(41,23),(39,24),(40,22),(38,23),(36,24),(34,25),(32,26),(30,27)
(28,28),(27,30),(26,32),(25,34),(24,36),(22,37),(21,39),(20,41),(19,43),(18,45),(17,47),(16,49),(15,51),(16,53),(17,55)
(18,57),(19,55),(18,53),(17,51),(18,49),(19,47),(20,45),(21,43),(22,41),(23,39),(24,37),(25,35),(27,34),(28,32),(29,30)
(31,29),(33,28),(35,27),(37,26),(39,25),(41,24),(40,26),(38,25),(36,26),(34,27),(32,28),(30,29),(29,31),(27,32),(26,34)
(28,33),(27,35),(26,37),(24,38),(22,39),(21,41),(20,43),(19,45),(18,47),(17,49),(16,51),(17,53),(18,55),(20,56),(19,54)
(18,52),(17,50),(18,48),(19,46),(20,44),(21,42),(22,40),(23,38),(25,37),(26,35),(27,33),(28,31),(29,29),(31,28),(33,27)
(35,26),(37,25),(38,27),(36,28),(34,29),(32,30),(30,31),(29,33),(28,35),(26,36),(25,38),(24,40),(23,42),(22,44),(21,46)
(20,48),(19,50),(20,52),(18,51),(19,49),(20,47),(21,45),(22,43),(23,41),(24,39),(26,38),(27,36),(28,34),(29,32),(30,30)
(32,29),(34,28),(36,27),(38,26),(40,25),(42,24),(44,23),(46,24),(47,22),(49,21),(51,20),(53,19),(55,20),(57,21),(59,22)
(61,23),(63,24),(65,25),(66,27),(68,28),(69,30),(71,29),(73,30),(71,31),(72,33),(74,32),(75,34),(76,36),(77,38),(78,40)
(79,42),(77,41),(78,43),(79,41),(80,43),(82,44),(83,46),(84,48),(85,50),(86,52),(87,54),(86,56),(85,58),(84,60),(83,62)
(82,64),(81,66),(80,68),(79,70),(78,72),(77,74),(75,75),(74,77),(72,78),(73,76),(75,77),(73,78),(71,77),(69,78),(71,79)
(70,81),(68,80),(66,81),(68,82),(66,83),(64,84),(62,85),(60,86),(59,84),(61,83),(63,82),(65,81),(67,80),(69,79),(71,78)
(72,76),(74,75),(75,73),(76,75),(77,73),(78,71),(79,69),(80,67),(81,65),(82,63),(83,61),(84,59),(83,57),(84,55),(85,53)
(84,51),(83,49),(82,47),(81,45),(79,44),(80,46),(81,48),(82,50),(83,52),(84,54),(83,56),(85,55),(84,57),(83,59),(82,61)
(81,63),(80,65),(79,67),(78,69),(77,71),(76,73),(74,74),(75,72),(76,70),(77,68),(78,66),(79,64),(80,62),(81,60),(82,58)
(81,56),(82,54),(84,53),(83,55),(85,54),(84,56),(83,58),(82,60),(81,62),(80,64),(79,66),(78,68),(77,70),(76,72),(75,74)
(74,76),(72,77),(73,75),(74,73),(75,71),(76,69),(77,67),(78,65),(79,63),(80,61),(81,59),(82,57),(80,58),(82,59),(81,61)
(80,63),(79,65),(78,67),(77,69),(76,71),(74,72),(73,74),(71,75),(70,77),(68,78),(69,80),(67,81),(65,82),(63,83),(61,84)
(59,85),(57,86),(55,87),(53,88),(51,89),(49,90),(47,89),(49,88),(51,87),(53,86),(55,85),(54,87),(56,86),(58,85),(60,84)
(62,83),(64,82),(65,80),(67,79),(68,77),(70,78),(68,79),(66,80),(64,81),(62,82),(60,83),(58,84),(56,85),(54,86),(52,87)
(50,88),(48,89),(46,90),(44,89),(42,88),(41,86),(43,87),(45,88),(47,87),(45,86),(46,88),(47,90),(45,89),(43,88),(41,87)
(39,86),(37,85),(35,84),(33,83),(31,82),(29,81),(27,80),(26,78),(28,79),(30,80),(28,81),(30,82),(32,83),(34,84),(36,85)
(38,86),(37,84),(39,85),(38,83),(40,84),(42,85),(44,86),(46,87),(48,88),(49,86),(47,85),(48,87),(49,89),(47,88),(45,87)
(43,86),(41,85),(39,84),(37,83),(35,82),(33,81),(31,80),(29,79),(28,77),(27,79),(25,78),(24,76),(23,74),(22,72),(21,70)
(20,68),(19,66),(18,64),(17,62),(18,60),(19,62),(20,64),(18,63),(16,62),(17,64),(18,66),(19,68),(20,70),(21,72),(22,74)
(24,75),(25,77),(26,75),(24,74),(23,72),(22,70),(21,68),(20,66),(19,64),(18,62),(17,60),(18,58),(19,60),(20,62),(18,61)
(19,63),(20,65),(21,67),(22,69),(23,71),(24,73),(25,75),(26,77),(28,78),(29,80),(31,81),(33,82),(35,83),(34,81),(36,82)
(35,80),(34,82),(32,81),(33,79),(31,78),(32,80),(30,79),(29,77),(27,76),(26,74),(25,72),(23,73),(22,71),(21,69),(20,67)
(19,65),(21,66),(22,68),(23,70),(24,72),(25,74),(26,76),(28,75),(27,77),(29,78),(31,79),(33,80),(35,81),(36,83),(38,84)
(40,85),(42,86),(44,87),(46,86),(44,85),(42,84),(40,83),(38,82),(36,81),(34,80),(32,79),(30,78),(29,76),(27,75),(26,73)
(25,71),(24,69),(23,67),(22,65),(21,63),(20,61),(19,59),(20,57),(21,59),(22,61),(20,60),(21,58),(22,60),(20,59),(19,61)
(21,62),(22,64),(20,63),(21,65),(22,67),(23,69),(24,71),(25,73),(27,74),(28,76),(30,77),(32,78),(34,79),(36,80),(37,82)
(39,83),(41,84),(43,85),(45,84),(43,83),(41,82),(39,81),(37,80),(35,79),(33,78),(31,77),(30,75),(28,74),(27,72),(26,70)
(25,68),(24,70),(23,68),(22,66),(21,64),(23,63),(24,65),(25,67),(23,66),(24,68),(25,70),(26,72),(28,73),(29,75),(31,76)
(33,77),(35,78),(37,79),(38,81),(40,82),(42,83),(44,84),(46,85),(48,86),(50,87),(51,85),(49,84),(50,86),(51,88),(49,87)
(47,86),(45,85),(43,84),(41,83),(39,82),(37,81),(39,80),(41,81),(43,82),(45,83),(47,84),(49,85),(51,86),(53,87),(55,86)
(53,85),(55,84),(57,83),(59,82),(61,81),(63,80),(65,79),(67,78),(69,77),(71,76),(72,74),(70,75),(68,76),(66,77),(64,78)
(66,79),(64,80),(62,81),(60,82),(58,83),(56,84),(54,85),(52,86),(50,85),(48,84),(46,83),(44,82),(42,81),(40,80),(38,79)
(36,78),(34,77),(32,76),(31,74),(30,76),(32,77),(34,78),(36,79),(38,80),(40,81),(42,82),(44,83),(46,84),(48,85),(47,83)
(45,82),(43,81),(41,80),(39,79),(37,78),(35,77),(33,76),(31,75),(29,74),(27,73),(26,71),(25,69),(24,67),(23,65),(22,63)
(21,61),(23,62),(24,64),(25,66),(26,68),(27,70),(28,72),(30,73),(29,71),(28,69),(27,71),(26,69),(27,67),(26,65),(24,66)
(23,64),(22,62),(21,60),(20,58),(19,56),(18,54),(17,52),(18,50),(19,48),(20,46),(21,44),(22,42),(23,40),(25,39),(24,41)
(23,43),(22,45),(21,47),(20,49),(19,51),(20,53),(21,55),(22,57),(23,59),(24,61),(25,63),(27,64),(25,65),(24,63),(23,61)
(22,59),(21,57),(20,55),(19,53),(20,51),(21,49),(22,47),(23,45),(24,43),(25,41),(26,39),(27,37),(29,36),(30,34),(31,32)
(33,31),(31,30),(33,29),(35,28),(37,27),(39,26),(40,24),(42,23),(44,22),(45,24),(43,25),(41,26),(39,27),(37,28),(35,29)
(33,30),(31,31),(30,33),(29,35),(28,37),(27,39),(25,40),(24,42),(23,44),(22,46),(21,48),(20,50),(19,52),(20,54),(21,56)
(22,58),(23,60),(24,62),(25,64),(26,66),(27,68),(28,70),(29,72),(30,74),(32,75),(34,76),(36,77),(38,78),(40,79),(42,80)
(44,81),(46,82),(48,83),(50,84),(52,85),(54,84),(56,83),(58,82),(57,84),(59,83),(61,82),(63,81),(62,79),(60,80),(58,81)
(56,82),(54,83),(52,84),(50,83),(48,82),(46,81),(44,80),(42,79),(40,78),(38,77),(36,76),(34,75),(32,74),(31,72),(29,73)
(28,71),(27,69),(26,67),(28,66),(29,68),(30,70),(32,71),(30,72),(29,70),(28,68),(27,66),(26,64),(25,62),(24,60),(23,58)
(22,56),(21,54),(22,52),(21,50),(22,48),(23,46),(24,44),(25,42),(26,40),(27,38),(28,36),(29,34),(30,32),(32,31),(34,30)
(36,29),(38,28),(40,27),(41,25),(43,24),(45,23),(44,25),(42,26),(41,28),(39,29),(37,30),(35,31),(33,32),(31,33),(30,35)
(29,37),(28,39),(27,41),(26,43),(25,45),(24,47),(23,49),(22,51),(21,53),(22,55),(23,57),(24,59),(25,61),(26,63),(27,65)
(28,67),(29,69),(30,71),(31,73),(33,74),(35,75),(37,76),(39,77),(41,78),(43,79),(45,80),(47,81),(49,82),(51,83),(53,84)
(55,83),(57,82),(59,81),(61,80),(63,79),(65,78),(67,77),(69,76),(67,75),(69,74),(70,76),(72,75),(73,73),(71,74),(69,75)
(67,76),(66,78),(64,79),(62,80),(60,81),(58,80),(56,81),(54,82),(52,83),(50,82),(51,84),(49,83),(47,82),(45,81),(43,80)
(41,79),(39,78),(37,77),(35,76),(33,75),(32,73),(34,74),(36,75),(38,76),(40,77),(42,78),(44,79),(46,80),(48,81),(47,79)
(49,80),(51,81),(53,82),(55,81),(57,80),(59,79),(61,78),(63,77),(65,76),(66,74),(68,75),(70,74),(72,73),(73,71),(75,70)
(76,68),(77,66),(78,64),(79,62),(80,60),(81,58),(82,56),(83,54),(84,52),(83,50),(82,48),(81,46),(79,45),(80,47),(81,49)
(82,51),(83,53),(82,55),(81,57),(80,59),(79,61),(78,63),(77,65),(76,67),(75,69),(74,71),(72,72),(70,73),(68,74),(66,75)
(65,77),(63,78),(61,79),(59,80),(57,81),(55,82),(53,83),(51,82),(49,81),(47,80),(45,79),(43,78),(41,77),(39,76),(37,75)
(35,74),(33,73),(35,72),(36,74),(34,73),(32,72),(31,70),(33,71),(32,69),(31,71),(30,69),(29,67),(28,65),(27,63),(26,61)
(25,59),(24,57),(23,55),(22,53),(21,51),(22,49),(23,47),(24,45),(25,43),(26,41),(28,40),(29,38),(30,36),(31,34),(32,32)
(34,31),(36,30),(38,29),(40,28),(42,27),(44,26),(42,25),(44,24),(46,23),(48,22),(50,21),(52,20),(54,19),(56,20),(58,21)
(60,22),(62,23),(64,24),(66,25),(64,26),(62,25),(60,24),(58,23),(56,22),(54,21),(52,22),(50,23),(48,24),(46,25),(45,27)
(43,26),(45,25),(47,24),(49,23),(51,22),(53,21),(55,22),(57,23),(59,24),(61,25),(63,26),(65,27),(67,28),(68,30),(69,28)
(67,27),(65,26),(63,25),(61,24),(59,23),(57,22),(55,21),(53,22),(55,23),(57,24),(59,25),(61,26),(63,27),(65,28),(67,29)
(68,31),(70,30),(72,31),(70,32),(71,34),(73,33),(71,32),(69,31),(68,29),(66,28),(64,27),(62,26),(60,25),(58,24),(56,23)
(54,22),(52,21),(50,22),(48,23),(50,24),(52,23),(54,24),(56,25),(58,26),(60,27),(62,28),(64,29),(66,30),(67,32),(69,33)
(70,31),(72,32),(74,33),(75,35),(76,37),(77,39),(78,41),(79,43),(80,45),(81,47),(82,49),(83,51),(82,53),(81,55),(80,57)
(79,59),(78,61),(77,63),(76,65),(75,67),(74,69),(72,70),(73,72),(71,73),(72,71),(74,70),(75,68),(76,66),(77,64),(78,62)
(79,60),(78,58),(79,56),(80,54),(81,52),(80,50),(79,48),(78,46),(77,44),(78,42),(77,40),(76,38),(75,36),(77,37),(76,35)
(75,33),(74,35),(75,37),(76,39),(74,38),(75,40),(76,42),(74,41),(76,40),(75,38),(74,36),(73,34),(71,33),(69,32),(67,31)
(66,29),(64,28),(62,27),(60,26),(58,25),(56,24),(54,23),(52,24),(50,25),(51,23),(49,24),(47,25),(45,26),(43,27),(42,29)
(41,27),(39,28),(37,29),(35,30),(34,32),(32,33),(31,35),(33,34),(32,36),(30,37),(28,38),(27,40),(26,42),(25,44),(24,46)
(23,48),(22,50),(21,52),(22,54),(23,56),(24,58),(25,60),(26,62),(28,63),(27,61),(26,59),(25,57),(24,55),(23,53),(24,51)
(25,49),(23,50),(24,48),(25,46),(26,44),(27,42),(29,41),(28,43),(27,45),(26,47),(27,49),(25,48),(24,50),(23,52),(24,54)
(25,56),(26,58),(27,60),(28,62),(29,64),(30,66),(31,68),(32,70),(33,72),(35,73),(37,74),(39,75),(41,76),(43,77),(45,78)
(44,76),(42,77),(44,78),(46,79),(48,80),(50,81),(52,82),(54,81),(56,80),(58,79),(60,78),(62,77),(64,76),(65,74),(66,76)
(64,77),(62,78),(60,79),(58,78),(56,79),(54,80),(52,81),(50,80),(48,79),(46,78),(44,77),(42,76),(40,75),(38,74),(36,73)
(34,72),(33,70),(31,69),(30,67),(29,65),(31,66),(30,68),(29,66),(28,64),(27,62),(26,60),(25,58),(24,56),(23,54),(24,52)
(25,50),(23,51),(24,49),(25,47),(26,45),(27,43),(28,41),(29,39),(31,38),(30,40),(29,42),(28,44),(27,46),(26,48),(28,47)
(26,46),(27,44),(28,42),(29,40),(30,38),(31,36),(32,34),(34,33),(36,32),(38,31),(40,30),(39,32),(38,30),(36,31),(35,33)
(37,32),(39,31),(40,29),(42,28),(44,27),(46,26),(48,25),(47,27),(49,26),(51,25),(53,24),(55,25),(57,26),(59,27),(61,28)
(63,29),(65,30),(66,32),(67,30),(65,29),(63,28),(61,27),(59,26),(57,25),(55,24),(53,23),(51,24),(49,25),(47,26),(49,27)
(51,26),(53,25),(55,26),(57,27),(59,28),(61,29),(63,30),(65,31),(66,33),(68,32),(70,33),(72,34),(73,36),(74,34),(72,35)
(73,37),(74,39),(75,41),(77,42),(78,44),(79,46),(80,48),(81,50),(82,52),(81,54),(80,56),(79,58),(78,60),(77,62),(76,64)
(75,66),(74,68),(73,70),(71,71),(69,72),(67,73),(65,72),(64,74),(63,76),(61,77),(59,78),(57,79),(55,80),(53,81),(51,80)
(49,79),(47,78),(45,77),(43,76),(41,75),(39,74),(40,76),(38,75),(37,73),(36,71),(34,70),(33,68),(31,67),(30,65),(29,63)
(28,61),(27,59),(26,57),(25,55),(24,53),(25,51),(26,49),(27,47),(28,45),(29,43),(30,41),(31,39),(32,37),(33,35),(35,34)
(33,33),(35,32),(37,31),(39,30),(41,29),(43,28),(42,30),(44,29),(46,28),(48,27),(50,26),(52,25),(54,26),(56,27),(58,28)
(60,29),(62,30),(64,31),(65,33),(66,31),(64,30),(62,29),(60,28),(58,27),(56,26),(54,25),(52,26),(54,27),(56,28),(58,29)
(60,30),(62,31),(64,32),(65,34),(67,33),(69,34),(71,35),(72,37),(73,35),(74,37),(75,39),(76,41),(77,43),(78,45),(79,47)
(80,49),(81,51),(80,53),(79,55),(78,57),(77,59),(76,61),(75,63),(74,65),(73,67),(72,69),(70,70),(71,72),(69,73),(67,74)
(65,75),(66,73),(68,72),(70,71),(71,69),(73,68),(74,66),(75,64),(76,62),(77,60),(76,58),(78,59),(79,57),(80,55),(81,53)
(80,51),(79,49),(78,47),(77,45),(76,43),(74,42),(75,44),(76,46),(77,48),(78,50),(79,52),(78,54),(77,56),(76,54),(78,55)
(79,53),(77,52),(79,51),(78,49),(77,47),(76,45),(75,43),(73,42),(74,40),(73,38),(72,36),(70,35),(68,34),(66,35),(68,36)
(67,34),(69,35),(68,33),(70,34),(71,36),(72,38),(73,40),(71,39),(70,37),(69,39),(71,38),(73,39),(72,41),(73,43),(75,42)
(76,44),(77,46),(78,48),(79,50),(80,52),(78,53),(77,51),(76,49),(75,47),(74,45),(72,44),(74,43),(75,45),(76,47),(77,49)
(78,51),(76,50),(75,48),(74,46),(73,44),(72,42),(71,40),(73,41),(72,39),(71,37),(69,36),(70,38),(68,37),(70,36),(68,35)
(69,37),(70,39),(72,40),(71,42),(70,40),(69,38),(67,37),(68,39),(69,41),(70,43),(71,41),(72,43),(74,44),(75,46),(76,48)
(77,50),(78,52),(79,54),(78,56),(77,58),(76,60),(75,62),(77,61),(76,63),(75,65),(74,67),(73,69),(72,67),(73,65),(74,63)
(75,61),(76,59),(77,57),(76,55),(77,53),(76,51),(75,49),(74,47),(73,45),(71,44),(72,46),(73,48),(74,50),(75,52),(74,54)
(76,53),(77,55),(75,56),(74,58),(76,57),(75,59),(74,61),(73,63),(72,65),(74,64),(73,66),(72,68),(71,70),(70,72),(68,73)
(69,71),(67,72),(65,73),(64,75),(62,76),(60,77),(61,75),(63,74),(64,72),(66,71),(68,70),(70,69),(71,67),(69,68),(70,66)
(71,68),(72,66),(73,64),(74,62),(75,60),(73,61),(74,59),(75,57),(73,56),(75,55),(77,54),(76,56),(75,58),(74,60),(73,62)
(72,64),(71,66),(70,68),(69,70),(67,71),(68,69),(69,67),(70,65),(71,63),(72,61),(73,59),(74,57),(72,58),(73,60),(72,62)
(71,64),(69,65),(70,67),(69,69),(68,71),(66,72),(67,70),(68,68),(66,69),(65,71),(64,73),(63,75),(61,76),(59,77),(57,78)
(55,79),(53,80),(51,79),(49,78),(47,77),(45,76),(43,75),(41,74),(39,73),(37,72),(35,71),(34,69),(32,68),(33,66),(31,65)
(32,67),(33,69),(34,71),(36,72),(38,73),(40,74),(42,75),(41,73),(39,72),(37,71),(35,70),(34,68),(36,69),(38,70),(40,71)
(38,72),(40,73),(42,74),(44,75),(46,76),(48,77),(50,78),(52,79),(54,78),(56,77),(58,76),(60,75),(62,74),(63,72),(64,70)
(62,71),(63,73),(62,75),(61,73),(59,74),(60,76),(58,77),(56,78),(54,79),(52,80),(50,79),(48,78),(46,77),(48,76),(50,77)
(52,78),(54,77),(53,79),(55,78),(57,77),(59,76),(57,75),(55,76),(53,77),(51,78),(49,77),(47,76),(45,75),(43,74),(42,72)
(44,73),(46,74),(48,75),(50,76),(52,77),(54,76),(53,78),(55,77),(57,76),(59,75),(61,74),(62,72),(60,73),(58,74),(56,75)
(54,74),(53,76),(51,77),(52,75),(50,74),(49,76),(47,75),(45,74),(43,73),(41,72),(39,71),(37,70),(35,69),(34,67),(32,66)
(31,64),(30,62),(29,60),(28,58),(27,56),(26,54),(25,52),(26,50),(27,48),(28,46),(29,44),(30,42),(31,40),(32,38),(30,39)
(31,37),(32,35),(34,34),(33,36),(35,35),(36,33),(38,32),(40,31),(39,33),(37,34),(36,36),(34,35),(33,37),(32,39),(31,41)
(30,43),(29,45),(31,44),(30,46),(29,48),(28,50),(26,51),(25,53),(27,52),(28,54),(26,55),(27,57),(28,59),(29,61),(30,63)
(32,64),(31,62),(30,64),(29,62),(28,60),(27,58),(26,56),(25,54),(26,52),(27,50),(28,48),(29,46),(30,44),(31,42),(32,40)
(33,38),(34,36),(36,35),(37,33),(38,35),(36,34),(38,33),(40,32),(41,30),(43,29),(45,28),(44,30),(42,31),(41,33),(39,34)
(37,35),(35,36),(34,38),(33,40),(32,42),(34,41),(33,39),(34,37),(35,39),(36,37),(38,36),(40,35),(38,34),(40,33),(41,31)
(43,32),(42,34),(41,32),(43,31),(45,30),(44,28),(46,27),(48,26),(50,27),(48,28),(46,29),(45,31),(43,30),(45,29),(47,28)
(49,29),(47,30),(46,32),(44,31),(42,32),(44,33),(43,35),(42,33),(40,34),(39,36),(37,37),(35,38),(34,40),(32,41),(31,43)
(30,45),(29,47),(28,49),(27,51),(26,53),(27,55),(28,57),(29,59),(30,61),(31,63),(32,65),(33,67),(35,68),(36,70),(38,71)
(40,72),(42,73),(44,74),(46,75),(48,74),(50,75),(52,76),(54,75),(56,76),(58,75),(60,74),(62,73),(60,72),(58,73),(56,74)
(57,72),(59,73),(57,74),(55,75),(56,73),(58,72),(60,71),(62,70),(64,71),(66,70),(67,68),(65,69),(63,70),(61,71),(59,72)
(57,73),(55,74),(53,75),(51,76),(49,75),(47,74),(45,73),(43,72),(41,71),(39,70),(37,69),(36,67),(34,66),(33,64),(32,62)
(31,60),(30,58),(29,56),(30,54),(28,53),(29,51),(30,49),(31,47),(32,45),(33,43),(35,42),(33,41),(34,39),(35,37),(37,36)
(39,35),(41,34),(43,33),(45,32),(46,30),(48,29),(50,28),(52,27),(54,28),(53,26),(55,27),(57,28),(59,29),(61,30),(63,31)
(65,32),(66,34),(64,33),(62,32),(60,31),(58,30),(56,29),(57,31),(59,30),(57,29),(55,28),(53,27),(51,28),(53,29),(55,30)
(53,31),(54,29),(52,28),(51,30),(49,31),(50,29),(51,27),(52,29),(50,30),(49,28),(47,29),(48,31),(50,32),(49,30),(47,31)
(48,33),(46,34),(47,32),(48,30),(46,31),(44,32),(45,34),(47,33),(49,32),(51,31),(53,30),(51,29),(53,28),(55,29),(57,30)
(59,31),(61,32),(63,33),(64,35),(66,36),(67,38),(65,37),(67,36),(65,35),(63,34),(61,33),(63,32),(61,31),(59,32),(60,34)
(62,33),(64,34),(62,35),(64,36),(66,37),(67,35),(65,36),(63,35),(61,34),(60,32),(58,31),(56,30),(54,31),(52,30),(50,31)
(48,32),(46,33),(44,34),(42,35),(40,36),(38,37),(36,38),(35,40),(37,39),(39,38),(41,37),(43,36),(41,35),(43,34),(45,33)
(44,35),(42,36),(40,37),(38,38),(36,39),(35,41),(33,42),(32,44),(31,46),(30,48),(29,50),(28,52),(27,54),(28,56),(29,58)
(30,60),(32,61),(31,59),(30,57),(29,55),(30,53),(31,55),(29,54),(27,53),(28,55),(29,57),(30,59),(31,61),(32,63),(33,65)
(35,66),(36,68),(38,69),(40,70),(42,71),(44,72),(46,73),(45,71),(47,72),(49,73),(51,74),(53,73),(55,72),(57,71),(59,70)
(61,69),(63,68),(65,67),(64,69),(63,71),(61,72),(59,71),(61,70),(63,69),(65,70),(67,69),(68,67),(66,68),(67,66),(68,64)
(69,66),(71,65),(72,63),(70,64),(71,62),(72,60),(73,58),(74,56),(75,54),(76,52),(75,50),(74,48),(73,46),(71,45),(72,47)
(73,49),(74,51),(75,53),(74,55),(73,57),(72,59),(71,61),(70,63),(69,61),(71,60),(70,62),(69,64),(68,66),(66,67),(64,68)
(62,69),(60,70),(58,71),(56,72),(54,73),(52,74),(51,72),(53,71),(52,73),(51,75),(49,74),(47,73),(45,72),(43,71),(41,70)
(39,69),(37,68),(35,67),(34,65),(33,63),(35,64),(36,66),(38,67),(37,65),(36,63),(34,64),(33,62),(32,60),(31,58),(30,56)
(32,57),(33,59),(34,61),(35,63),(36,65),(37,67),(39,68),(41,69),(43,70),(42,68),(40,69),(38,68),(40,67),(38,66),(37,64)
(35,65),(34,63),(33,61),(32,59),(31,57),(30,55),(29,53),(28,51),(29,49),(30,47),(31,45),(32,43),(34,42),(33,44),(32,46)
(31,48),(30,50),(29,52),(31,51),(32,49),(33,47),(34,45),(35,43),(36,41),(38,40),(37,38),(36,40),(37,42),(36,44),(34,43)
(33,45),(32,47),(31,49),(30,51),(31,53),(32,55),(33,57),(31,56),(32,58),(33,60),(34,62),(35,60),(36,62),(38,63),(36,64)
(37,66),(39,65),(41,66),(40,68),(42,69),(44,70),(46,71),(48,72),(50,73),(52,72),(53,74),(55,73),(54,71),(56,70),(58,69)
(60,68),(62,67),(64,66),(65,68),(67,67),(66,65),(67,63),(68,65),(69,63),(70,61),(71,59),(72,57),(73,55),(74,53),(75,51)
(74,49),(73,47),(72,45),(71,43),(70,41),(68,40),(69,42),(70,44),(71,46),(72,48),(73,50),(74,52),(73,54),(72,56),(71,58)
(70,60),(69,62),(68,60),(70,59),(71,57),(72,55),(73,53),(72,51),(71,49),(70,47),(69,45),(68,43),(70,42),(69,40),(68,38)
(66,39),(67,41),(65,40),(67,39),(68,41),(69,43),(70,45),(71,47),(72,49),(73,51),(72,53),(71,55),(70,57),(69,59),(68,61)
(66,62),(68,63),(67,65),(65,66),(63,67),(61,68),(59,69),(57,70),(55,71),(53,72),(51,73),(49,72),(51,71),(53,70),(54,72)
(56,71),(58,70),(60,69),(62,68),(64,67),(66,66),(67,64),(68,62),(69,60),(70,58),(71,56),(72,54),(73,52),(72,50),(71,48)
(70,46),(69,44),(68,42),(67,40),(66,38),(64,37),(62,36),(63,38),(65,39),(66,41),(67,43),(68,45),(69,47),(70,49),(71,51)
(70,53),(72,52),(71,50),(70,48),(69,46),(68,44),(67,42),(66,40),(65,38),(63,37),(64,39),(65,41),(66,43),(67,45),(68,47)
(69,49),(70,51),(71,53),(70,55),(69,57),(68,59),(67,61),(66,63),(65,65),(63,66),(61,67),(59,68),(57,69),(55,70),(56,68)
(54,69),(52,70),(50,71),(48,70),(46,69),(47,71),(48,73),(46,72),(44,71),(42,70),(44,69),(46,70),(48,71),(50,72),(52,71)
(50,70),(48,69),(49,71),(47,70),(45,69),(43,68),(41,67),(39,66),(38,64),(37,62),(35,61),(34,59),(36,60),(35,62),(34,60)
(33,58),(32,56),(31,54),(30,52),(31,50),(32,48),(33,46),(34,44),(35,46),(34,48),(33,50),(32,52),(33,54),(34,56),(35,58)
(37,59),(36,61),(37,63),(38,65),(39,67),(41,68),(43,69),(45,70),(44,68),(42,67),(40,66),(39,64),(38,62),(37,60),(35,59)
(34,57),(33,55),(32,53),(33,51),(31,52),(32,50),(33,48),(34,46),(35,44),(36,42),(37,40),(39,39),(38,41),(37,43),(36,45)
(35,47),(34,49),(35,51),(33,52),(32,54),(34,53),(35,55),(33,56),(34,58),(36,57),(38,58),(36,59),(37,61),(39,60),(40,62)
(38,61),(39,63),(40,65),(42,66),(41,64),(43,65),(44,67),(46,68),(45,66),(43,67),(45,68),(47,69),(49,70),(51,69),(49,68)
(47,67),(46,65),(45,67),(43,66),(41,65),(40,63),(39,61),(38,59),(36,58),(35,56),(34,54),(36,53),(34,52),(32,51),(33,49)
(34,47),(35,45),(36,43),(37,41),(38,39),(39,37),(41,36),(40,38),(42,37),(44,36),(46,35),(48,34),(50,33),(52,32),(54,33)
(55,31),(57,32),(59,33),(60,35),(62,34),(60,33),(58,32),(56,31),(54,30),(52,31),(54,32),(56,33),(58,34),(59,36),(61,35)
(63,36),(64,38),(62,37),(63,39),(61,38),(60,36),(59,34),(57,33),(55,32),(53,33),(51,32),(49,33),(47,34),(45,35),(44,37)
(42,38),(40,39),(39,41),(38,43),(37,45),(36,47),(35,49),(34,51),(33,53),(34,55),(35,57),(37,56),(36,54),(35,52),(34,50)
(35,48),(36,46),(37,44),(38,42),(39,40),(41,39),(43,38),(45,37),(47,36),(49,35),(51,34),(53,35),(52,33),(50,34),(48,35)
(46,36),(45,38),(43,37),(41,38),(40,40),(42,39),(44,38),(45,36),(47,35),(49,34),(51,33),(53,32),(55,33),(53,34),(51,35)
(49,36),(47,37),(46,39),(44,40),(42,41),(43,39),(41,40),(40,42),(39,44),(38,46),(37,48),(36,50),(37,52),(35,53),(36,55)
(37,57),(38,55),(36,56),(35,54),(37,55),(38,57),(39,59),(37,58),(38,60),(39,62),(40,64),(42,65),(44,66),(46,67),(48,68)
(50,69),(52,68),(51,70),(49,69),(47,68),(48,66),(50,67),(52,66),(51,68),(53,69),(54,67),(55,69),(57,68),(59,67),(61,66)
(63,65),(65,64),(64,62),(66,61),(65,63),(67,62),(66,64),(64,65),(62,66),(63,64),(61,65),(60,67),(58,68),(56,69),(54,70)
(53,68),(55,67),(57,66),(59,65),(58,67),(60,66),(62,65),(64,64),(65,62),(66,60),(67,58),(68,56),(69,58),(70,56),(71,54)
(70,52),(69,54),(68,52),(69,50),(68,48),(67,46),(66,44),(65,42),(64,40),(62,39),(61,37),(59,38),(58,36),(57,34),(56,32)
(58,33),(56,34),(58,35),(59,37),(61,36),(59,35),(60,37),(62,38),(63,40),(61,39),(62,41),(64,42),(65,44),(66,42),(67,44)
(68,46),(69,48),(70,50),(71,52),(70,54),(69,56),(68,58),(67,60),(65,61),(64,63),(62,64),(60,65),(58,66),(56,67),(54,68)
(52,69),(50,68),(48,67),(46,66),(44,65),(42,64),(41,62),(40,60),(39,58),(38,56),(37,54),(36,52),(35,50),(36,48),(37,46)
(38,44),(39,42),(41,41),(40,43),(39,45),(38,47),(37,49),(36,51),(37,53),(38,51),(39,53),(40,55),(38,54),(39,56),(40,58)
(41,60),(42,62),(40,61),(41,63),(43,64),(45,65),(47,66),(49,67),(51,66),(53,67),(55,68),(57,67),(59,66),(60,64),(62,63)
(63,61),(65,60),(67,59),(68,57),(69,55),(68,53),(69,51),(68,49),(67,47),(66,45),(65,43),(64,41),(62,40),(60,39),(58,38)
(57,36),(55,35),(56,37),(57,35),(55,34),(56,36),(54,35),(52,34),(50,35),(48,36),(46,37),(48,38),(50,37),(52,36),(54,37)
(56,38),(58,37),(60,38),(61,40),(63,41),(64,43),(65,45),(66,47),(67,49),(68,51),(69,53),(68,55),(67,57),(66,59),(64,60)
(63,62),(61,63),(59,64),(57,65),(55,66),(53,65),(52,67),(50,66),(48,65),(46,64),(44,63),(43,61),(42,63),(44,64),(43,62)
(41,61),(40,59),(39,57),(41,58),(42,60),(44,61),(43,63),(45,64),(47,65),(49,66),(51,67),(53,66),(55,65),(57,64),(56,66)
(58,65),(59,63),(61,64),(63,63),(61,62),(62,60),(64,61),(65,59),(66,57),(67,55),(66,53),(68,54),(69,52),(67,51),(66,49)
(68,50),(67,48),(66,46),(64,45),(63,43),(61,42),(60,40),(58,39),(57,37),(56,35),(54,34),(55,36),(53,37),(52,35),(54,36)
(55,38),(57,39),(59,40),(61,41),(63,42),(64,44),(65,46),(66,48),(67,50),(66,52),(67,54),(66,56),(65,58),(63,59),(62,61)
(60,62),(58,63),(56,64),(54,65),(52,64),(50,65),(48,64),(46,63),(44,62),(42,61),(41,59),(40,57),(39,55),(38,53),(37,51)
(36,49),(37,47),(38,45),(39,43),(40,41),(42,40),(44,39),(46,38),(48,37),(50,36),(52,37),(50,38),(51,36),(49,37),(47,38)
(45,39),(43,40),(42,42),(44,41),(46,40),(48,39),(47,41),(45,40),(43,41),(41,42),(40,44),(39,46),(38,48),(37,50),(38,52)
(39,50),(40,48),(38,49),(39,47),(40,45),(41,43),(43,42),(45,41),(47,40),(49,39),(51,38),(53,39),(55,40),(54,38),(53,36)
(55,37),(57,38),(59,39),(60,41),(62,42),(63,44),(64,46),(65,48),(66,50),(67,52),(65,51),(64,49),(65,47),(63,46),(62,44)
(60,43),(59,41),(57,40),(55,39),(53,38),(51,37),(49,38),(47,39),(49,40),(51,39),(53,40),(52,38),(50,39),(48,40),(46,41)
(44,42),(42,43),(41,45),(40,47),(39,49),(40,51),(38,50),(39,48),(40,46),(41,44),(43,43),(45,42),(44,44),(42,45),(41,47)
(40,49),(39,51),(40,53),(41,55),(39,54),(40,56),(42,57),(43,59),(45,60),(46,62),(47,64),(45,63),(47,62),(45,61),(43,60)
(42,58),(41,56),(40,54),(39,52),(40,50),(41,48),(42,46),(43,44),(45,43),(47,42),(49,41),(51,40),(53,41),(54,39),(56,40)
(58,41),(60,42),(62,43),(63,45),(64,47),(65,49),(66,51),(67,53),(66,55),(65,53),(64,51),(63,49),(65,50),(64,48),(62,47)
(61,45),(59,44),(61,43),(62,45),(63,47),(61,46),(60,44),(59,42),(58,40),(56,39),(57,41),(58,43),(56,42),(54,41),(52,40)
(50,41),(48,42),(46,43),(45,45),(44,43),(42,44),(41,46),(43,45),(42,47),(41,49),(43,48),(42,50),(41,52),(42,54),(43,56)
(41,57),(42,59),(44,58),(46,59),(44,60),(45,62),(47,63),(49,64),(51,65),(53,64),(54,66),(56,65),(58,64),(60,63),(62,62)
(63,60),(64,58),(65,56),(66,58),(67,56),(66,54),(65,52),(64,50),(63,48),(62,46),(61,44),(59,43),(57,42),(55,41),(54,43)
(52,42),(50,43),(51,41),(52,39),(50,40),(48,41),(46,42),(45,44),(44,46),(46,45),(47,43),(49,42),(48,44),(47,46),(46,44)
(44,45),(43,47),(42,49),(41,51),(42,53),(40,52),(41,50),(42,48),(43,46),(45,47),(44,49),(43,51),(44,53),(42,52),(41,54)
(43,55),(44,57),(42,56),(43,58),(45,59),(46,61),(48,62),(50,63),(49,65),(51,64),(49,63),(48,61),(46,60),(44,59),(43,57)
(42,55),(41,53),(42,51),(43,49),(44,47),(46,46),(47,44),(49,43),(51,42),(52,44),(53,42),(54,40),(56,41),(58,42),(56,43)
(54,42),(52,41),(50,42),(48,43),(49,45),(51,44),(53,43),(55,42),(57,43),(55,44),(57,45),(59,46),(58,44),(60,45),(61,47)
(62,49),(63,51),(64,53),(65,55),(64,57),(63,55),(65,54),(64,56),(63,58),(65,57),(64,59),(63,57),(64,55),(63,53),(62,55)
(64,54),(63,56),(62,58),(61,60),(59,61),(57,62),(55,63),(53,62),(54,64),(52,65),(51,63),(49,62),(50,64),(48,63),(47,61)
(49,60),(50,62),(52,63),(51,61),(53,60),(52,62),(54,63),(55,61),(56,63),(58,62),(60,61),(61,59),(62,57),(60,58),(62,59)
(61,61),(59,60),(57,61),(59,62),(57,63),(55,64),(54,62),(56,61),(58,60),(60,59),(61,57),(59,58),(60,60),(61,58),(62,56)
(63,54),(64,52),(63,50),(62,48),(60,47),(59,45),(57,44),(55,43),(53,44),(51,43),(49,44),(47,45),(45,46),(44,48),(43,50)
(44,52),(43,54),(44,56),(45,58),(47,59),(46,57),(45,55),(46,53),(44,54),(43,52),(45,51),(46,49),(44,50),(45,48),(47,47)
(48,45),(50,44),(52,43),(54,44),(56,45),(58,46),(59,48),(60,46),(61,48),(62,50),(63,52),(62,54),(61,56),(59,57),(58,59)
(56,60),(58,61),(56,62),(57,60),(59,59),(60,57),(61,55),(62,53),(61,51),(60,49),(59,47),(58,45),(56,44),(57,46),(55,45)
(53,46),(51,45),(49,46),(48,48),(46,47),(45,49),(44,51),(43,53),(44,55),(45,57),(47,58),(48,60),(50,61),(49,59),(47,60)
(49,61),(51,62),(53,63),(55,62),(53,61),(51,60),(50,58),(48,59),(46,58),(45,56),(47,57),(46,55),(45,53),(46,51),(47,49)
(45,50),(46,48),(48,47),(50,46),(52,45),(54,46),(56,47),(58,48),(59,50),(61,49),(62,51),(61,53),(60,55),(58,56),(57,58)
(55,59),(54,61),(52,60),(50,59),(48,58),(47,56),(46,54),(45,52),(46,50),(47,48),(48,46),(50,45),(49,47),(51,46),(53,45)
(55,46),(57,47),(58,49),(60,48),(61,50),(62,52),(61,54),(60,56),(59,54),(60,52),(58,51),(60,50),(61,52),(60,54),(59,56)
(58,58),(56,59),(54,60),(52,61),(50,60),(52,59),(54,58),(55,60),(57,59),(56,57),(57,55),(58,57),(59,55),(60,53),(59,51)
(58,53),(57,51),(59,52),(58,54),(57,56),(56,58),(54,59),(52,58),(50,57),(51,59),(49,58),(48,56),(47,54),(46,56),(45,54)
(46,52),(47,50),(48,52),(49,50),(47,51),(48,49),(50,48),(52,47),(54,48),(56,49),(58,50),(60,51),(59,49),(58,47),(57,49)
(55,48),(56,46),(54,45),(55,47),(57,48),(56,50),(57,52),(59,53),(58,55),(57,57),(55,58),(53,59),(51,58),(49,57),(48,55)
(47,53),(48,51),(49,49),(50,47),(52,46),(54,47),(56,48),(57,50),(58,52),(57,54),(56,56),(54,57),(55,55),(56,53),(55,51)
(54,49),(53,47),(51,48),(53,49),(55,50),(56,52),(55,54),(57,53),(56,55),(55,57),(53,58),(54,56),(52,57),(50,56),(48,57)
(47,55),(49,54),(51,55),(49,56),(51,57),(53,56),(54,54),(55,56),(53,57),(52,55),(50,54),(48,53),(49,55),(51,56),(53,55)
(54,53),(56,54),(55,52),(53,51),(52,53),(50,52),(51,50),(52,48),(50,49),(51,47),(49,48),(48,50),(47,52),(49,51),(50,53)
(48,54),(49,52),(50,50),(52,49),(51,51),(53,50),(55,49),(53,48),(51,49),(50,51),(49,53),(50,55),(52,56),(51,54),(52,52)
(54,51),(52,50),(51,52),(52,54),(54,55),(53,53),(52,51),(54,50),(56,51),(54,52),(53,54),(55,53),(53,52),(51,53)]
