
==< Knight's tour on a 12x12 chessboard starting at (5,7) >==

Execution time: 0.001 s

Path:
[(5,7),(3,8),(1,9),(0,11),(2,10),(0,9),(1,11),(3,10),(5,11),(7,10),
(9,11),(11,10),(10,8),(11,6),(10,4),(11,2),(10,0),(8,1),(6,0),(4,1),
(2,0),(0,1),(1,3),(0,5),(1,7),(2,9),(0,10),(2,11),(4,10),(6,11),(5,9),
(4,11),(6,10),(8,11),(10,10),(11,8),(9,9),(10,11),(11,9),(9,10),(11,11),
(10,9),(11,7),(10,5),(11,3),(10,1),(8,0),(9,2),(11,1),(9,0),(10,2),
(11,0),(9,1),(7,0),(5,1),(3,0),(1,1),(0,3),(2,2),(1,0),(0,2),(2,1),
(0,0),(1,2),(0,4),(2,3),(3,1),(5,0),(7,1),(8,3),(6,2),(4,3),(2,4),
(3,2),(4,0),(6,1),(4,2),(3,4),(1,5),(0,7),(2,6),(1,8),(0,6),(1,4),
(3,3),(2,5),(3,7),(1,6),(0,8),(1,10),(3,11),(4,9),(2,8),(3,6),(4,4),
(5,2),(7,3),(5,4),(3,5),(2,7),(3,9),(4,7),(5,5),(6,3),(8,2),(10,3),
(11,5),(10,7),(9,5),(11,4),(9,3),(7,2),(5,3),(7,4),(8,6),(9,4),(10,6),
(9,8),(8,10),(7,8),(9,7),(8,9),(7,11),(5,10),(7,9),(8,7),(6,8),(7,6),
(8,4),(6,5),(4,6),(5,8),(6,6),(4,5),(6,4),(8,5),(7,7),(9,6),(8,8),
(6,9),(4,8),(6,7),(7,5),(5,6)]

Graphical representation:

	-------------------------------------------------------------------------
	|  62 |  21 |  60 |  57 |  64 |  23 |  82 |  79 |  88 |   5 |  26 |   3 |
	-------------------------------------------------------------------------
	|  59 |  56 |  63 |  22 |  83 |  78 |  87 |  24 |  81 |   2 |  89 |   6 |
	-------------------------------------------------------------------------
	|  20 |  61 |  58 |  65 |  72 |  85 |  80 |  99 |  92 |  25 |   4 |  27 |
	-------------------------------------------------------------------------
	|  55 |  66 |  73 |  84 |  77 |  98 |  93 |  86 |   1 | 100 |   7 |  90 |
	-------------------------------------------------------------------------
	|  74 |  19 |  76 |  71 |  94 | 133 | 130 | 101 | 140 |  91 |  28 |  31 |
	-------------------------------------------------------------------------
	|  67 |  54 |  95 | 112 |  97 | 102 | 143 |  ♞ | 131 |  30 | 123 |   8 |
	-------------------------------------------------------------------------
	|  18 |  75 |  70 | 103 | 134 | 129 | 132 | 141 | 126 | 139 |  32 |  29 |
	-------------------------------------------------------------------------
	|  53 |  68 | 111 |  96 | 113 | 142 | 127 | 136 | 119 | 124 |   9 | 122 |
	-------------------------------------------------------------------------
	|  46 |  17 | 104 |  69 | 128 | 135 | 114 | 125 | 138 | 121 | 118 |  33 |
	-------------------------------------------------------------------------
	|  49 |  52 |  47 | 110 | 115 | 108 | 137 | 120 | 117 |  36 |  39 |  10 |
	-------------------------------------------------------------------------
	|  16 |  45 |  50 | 105 |  14 |  43 | 116 | 107 |  12 |  41 |  34 |  37 |
	-------------------------------------------------------------------------
	|  51 |  48 |  15 |  44 | 109 | 106 |  13 |  42 |  35 |  38 |  11 |  40 |
	-------------------------------------------------------------------------

