
==< Knight's tour on a 17x17 chessboard starting at (8,10) >==

Execution time: 0.007 s

Path:
(8,10),(7,12),(6,14),(5,16),(3,15),(1,16),(0,14),(2,15),(0,16),(1,14),(2,16),(0,15),(1,13),(0,11),(1,9),(0,7)
(1,5),(0,3),(1,1),(3,0),(5,1),(7,0),(9,1),(11,0),(13,1),(15,0),(16,2),(14,1),(16,0),(15,2),(14,0)
(16,1),(15,3),(16,5),(15,7),(16,9),(15,11),(16,13),(15,15),(13,16),(11,15),(9,16),(7,15),(5,14),(4,16),(3,14)
(1,15),(0,13),(2,12),(1,10),(0,12),(2,13),(1,11),(0,9),(1,7),(0,5),(1,3),(0,1),(2,0),(3,2),(4,0)
(2,1),(0,0),(1,2),(0,4),(2,3),(0,2),(1,0),(3,1),(5,0),(4,2),(6,1),(8,0),(10,1),(12,0),(13,2)
(15,1),(13,0),(11,1),(9,0),(7,1),(5,2),(6,0),(4,1),(2,2),(1,4),(0,6),(2,5),(3,3),(5,4),(6,2)
(8,1),(10,0),(12,1),(14,2),(16,3),(14,4),(12,3),(10,2),(8,3),(6,4),(4,3),(2,4),(1,6),(0,8),(2,7)
(3,5),(5,6),(4,4),(6,3),(8,2),(10,3),(12,2),(14,3),(16,4),(15,6),(16,8),(15,10),(16,12),(15,14),(16,16)
(14,15),(16,14),(15,16),(13,15),(11,16),(9,15),(7,16),(5,15),(3,16),(2,14),(4,15),(6,16),(8,15),(10,16),(12,15)
(14,16),(16,15),(14,14),(15,12),(16,10),(14,9),(13,11),(14,13),(12,14),(10,15),(12,16),(13,14),(15,13),(16,11),(14,12)
(12,13),(10,14),(8,13),(6,12),(4,13),(3,11),(1,12),(0,10),(2,9),(3,7),(1,8),(2,6),(3,4),(5,3),(7,2)
(9,3),(11,2),(13,3),(15,4),(16,6),(14,5),(12,4),(13,6),(15,5),(16,7),(14,8),(13,10),(15,9),(14,11),(13,13)
(11,14),(12,12),(10,13),(8,14),(6,15),(8,16),(7,14),(5,13),(3,12),(4,14),(6,13),(4,12),(2,11),(3,13),(4,11)
(2,10),(3,8),(4,6),(6,5),(7,3),(9,2),(8,4),(10,5),(11,3),(13,4),(14,6),(15,8),(14,10),(13,12),(11,13)
(9,14),(7,13),(5,12),(4,10),(6,11),(8,12),(10,11),(9,13),(11,12),(12,10),(13,8),(12,6),(14,7),(13,5),(11,4)
(9,5),(7,4),(5,5),(3,6),(2,8),(3,10),(4,8),(5,10),(3,9),(4,7),(5,9),(6,7),(7,5),(9,4),(11,5)
(12,7),(13,9),(12,11),(10,12),(11,10),(12,8),(11,6),(10,4),(12,5),(13,7),(12,9),(11,11),(9,12),(7,11),(6,9)
(5,11),(4,9),(5,7),(4,5),(6,6),(8,5),(10,6),(11,8),(10,10),(8,11),(6,10),(5,8),(7,7),(9,6),(11,7)
(10,9),(9,11),(7,10),(6,8),(7,6),(9,7),(8,9),(10,8),(8,7),(7,9),(9,10),(8,8),(10,7),(11,9),(9,8)
(8,6),(7,8),(9,9)]

	-------------------------------------------------------------------------------------------------------
	|  62 |  57 |  66 |  17 |  64 |  55 |  86 |  15 | 104 |  53 | 158 |  13 |  50 |  47 |   6 |  11 |   8 |
	-------------------------------------------------------------------------------------------------------
	|  67 |  18 |  63 |  56 |  85 |  16 | 103 |  54 | 161 |  14 |  49 |  52 | 157 |  12 |   9 |  46 |   5 |
	-------------------------------------------------------------------------------------------------------
	|  58 |  61 |  84 |  65 | 102 |  87 | 162 | 105 | 230 | 159 | 196 | 193 |  48 |  51 | 130 |   7 |  10 |
	-------------------------------------------------------------------------------------------------------
	|  19 |  68 |  59 |  88 | 163 | 106 | 229 | 160 | 197 | 234 | 231 | 156 | 189 | 194 |  45 |   4 | 129 |
	-------------------------------------------------------------------------------------------------------
	|  60 |  83 |  70 | 101 | 108 | 259 | 198 | 235 | 232 | 257 | 214 | 195 | 192 | 155 | 190 | 131 |  44 |
	-------------------------------------------------------------------------------------------------------
	|  69 |  20 |  81 | 164 |  89 | 228 | 107 | 258 | 267 | 236 | 233 | 256 | 213 | 188 |  43 | 128 |   3 |
	-------------------------------------------------------------------------------------------------------
	|  82 |  71 |  90 | 109 | 100 | 199 | 260 | 237 | 274 | 255 | 266 | 215 | 154 | 191 |   2 | 185 | 132 |
	-------------------------------------------------------------------------------------------------------
	|  21 |  80 | 165 | 200 | 227 | 238 | 275 | 268 | 287 | 280 | 273 | 254 |   1 | 212 | 187 |  42 | 127 |
	-------------------------------------------------------------------------------------------------------
	|  72 |  91 | 110 |  99 | 202 | 261 | 286 | 279 | 282 | 277 |  ♞ | 265 | 216 | 153 | 184 | 133 | 186 |
	-------------------------------------------------------------------------------------------------------
	|  79 |  22 | 201 | 166 | 239 | 226 | 269 | 276 | 285 | 288 | 281 | 272 | 253 | 218 | 211 | 126 |  41 |
	-------------------------------------------------------------------------------------------------------
	|  92 |  73 |  98 | 111 | 248 | 203 | 262 | 283 | 278 | 271 | 264 | 217 | 244 | 183 | 152 | 145 | 134 |
	-------------------------------------------------------------------------------------------------------
	|  23 |  78 | 167 | 204 | 225 | 240 | 247 | 270 | 263 | 284 | 245 | 252 | 219 | 210 | 181 |  40 | 125 |
	-------------------------------------------------------------------------------------------------------
	|  74 |  93 | 112 |  97 | 172 | 249 | 222 | 241 | 246 | 251 | 220 | 243 | 182 | 151 | 144 | 135 | 146 |
	-------------------------------------------------------------------------------------------------------
	|  77 |  24 |  75 | 168 | 205 | 224 | 173 | 250 | 221 | 242 | 177 | 142 | 209 | 180 | 147 | 124 |  39 |
	-------------------------------------------------------------------------------------------------------
	|  30 |  27 |  94 | 113 |  96 | 171 | 206 | 223 | 176 | 141 | 208 | 179 | 150 | 143 | 138 | 121 | 136 |
	-------------------------------------------------------------------------------------------------------
	|  25 |  76 |  29 |  32 | 169 | 174 | 115 |  34 | 207 | 178 | 117 |  36 | 139 | 148 | 119 |  38 | 123 |
	-------------------------------------------------------------------------------------------------------
	|  28 |  31 |  26 |  95 | 114 |  33 | 170 | 175 | 116 |  35 | 140 | 149 | 118 |  37 | 122 | 137 | 120 |
	-------------------------------------------------------------------------------------------------------

