
==< Knight's tour on a 26x26 chessboard starting at (12,12) >==

Execution time: 0.003 s

Path:
[(12,12),(10,11),(8,10),(6,9),(4,8),(2,7),(0,6),(1,4),(0,2),(1,0),(3,1),(5,0),(7,1),(9,0),(11,1),(13,0),(15,1),(17,0),(19,1),(21,0),(23,1),
(25,0),(24,2),(23,0),(25,1),(24,3),(25,5),(24,7),(25,9),(24,11),(25,13),(24,15),(25,17),(24,19),(25,21),(24,23),(25,25),(23,24),(25,23),
(24,25),(22,24),(20,25),(18,24),(16,25),(14,24),(12,25),(10,24),(8,25),(6,24),(4,25),(2,24),(0,25),(1,23),(2,25),(0,24),(1,22),(0,20),
(1,18),(0,16),(1,14),(0,12),(1,10),(0,8),(1,6),(0,4),(1,2),(0,0),(2,1),(4,0),(6,1),(8,0),(10,1),(12,0),(14,1),(16,0),(18,1),(20,0),(22,1),
(24,0),(25,2),(24,4),(25,6),(23,5),(25,4),(23,3),(24,1),(22,0),(21,2),(22,4),(23,2),(25,3),(24,5),(25,7),(23,6),(24,8),(25,10),(24,12),(25,14),
(24,16),(25,18),(24,20),(25,22),(24,24),(22,25),(23,23),(25,24),(23,25),(21,24),(19,25),(20,23),(21,25),(22,23),(24,22),(25,20),(23,21),
(21,22),(20,24),(18,25),(19,23),(17,24),(15,25),(13,24),(11,25),(9,24),(7,25),(5,24),(3,25),(1,24),(0,22),(2,23),(1,25),(0,23),(1,21),
(0,19),(2,20),(0,21),(2,22),(3,24),(5,25),(4,23),(3,21),(1,20),(0,18),(2,19),(1,17),(0,15),(1,13),(0,11),(1,9),(0,7),(1,5),(0,3),(1,1),
(3,0),(2,2),(0,1),(2,0),(4,1),(6,0),(5,2),(3,3),(2,5),(1,3),(0,5),(2,4),(3,2),(5,1),(7,0),(8,2),(6,3),(4,2),(2,3),(4,4),(3,6),(1,7),(0,9),
(2,8),(3,10),(1,11),(0,13),(2,12),(3,14),(1,15),(0,17),(2,16),(3,18),(1,19),(2,21),(3,23),(4,21),(3,19),(2,17),(4,16),(2,15),(0,14),(1,16),
(2,18),(3,20),(4,22),(6,23),(4,24),(6,25),(5,23),(3,22),(4,20),(5,22),(7,23),(6,21),(5,19),(4,17),(3,15),(2,13),(4,12),(2,11),(0,10),(2,9),
(3,7),(1,8),(2,6),(3,4),(5,3),(4,5),(5,7),(3,8),(2,10),(1,12),(2,14),(3,16),(4,18),(5,20),(6,22),(7,24),(9,25),(8,23),(7,21),(9,22),(8,24),
(10,25),(11,23),(13,22),(12,24),(14,25),(15,23),(17,22),(16,24),(18,23),(17,25),(19,24),(21,23),(23,22),(22,20),(24,21),(25,19),(23,18),
(22,16),(24,17),(25,15),(23,14),(22,12),(24,13),(25,11),(23,10),(22,8),(24,9),(23,7),(25,8),(24,6),(23,4),(22,2),(20,1),(18,0),(17,2),
(19,3),(21,4),(20,2),(19,0),(21,1),(22,3),(21,5),(20,3),(18,2),(16,1),(14,0),(13,2),(15,3),(17,4),(16,2),(15,0),(17,1),(19,2),(21,3),(22,5),
(20,4),(18,3),(19,5),(21,6),(20,8),(22,7),(23,9),(21,10),(23,11),(25,12),(24,10),(22,9),(21,7),(23,8),(22,6),(20,5),(18,4),(19,6),(17,5),
(19,4),(17,3),(15,2),(13,1),(11,0),(9,1),(7,2),(6,4),(4,3),(3,5),(5,6),(7,5),(5,4),(6,2),(8,3),(10,2),(8,1),(10,0),(12,1),(14,2),(16,3),(14,4),
(12,3),(10,4),(9,2),(7,3),(6,5),(4,6),(6,7),(5,5),(7,4),(9,3),(11,2),(13,3),(15,4),(13,5),(14,3),(12,2),(11,4),(9,5),(10,3),(8,4),(7,6),
(8,8),(9,6),(7,7),(8,5),(6,6),(4,7),(3,9),(5,8),(4,10),(3,12),(4,14),(5,16),(3,17),(4,19),(5,21),(7,22),(9,23),(11,24),(13,25),(15,24),(17,23),
(19,22),(21,21),(23,20),(22,22),(20,21),(18,22),(16,23),(14,22),(12,23),(10,22),(8,21),(6,20),(5,18),(7,19),(6,17),(5,15),(4,13),(3,11),
(4,9),(5,11),(6,13),(7,15),(5,14),(3,13),(4,15),(5,17),(6,19),(8,20),(7,18),(6,16),(8,17),(6,18),(7,20),(8,22),(10,23),(9,21),(11,22),(13,23),
(15,22),(17,21),(19,20),(20,22),(22,21),(23,19),(21,20),(19,21),(20,19),(22,18),(23,16),(24,18),(25,16),(24,14),(23,12),(22,10),(21,8),
(20,6),(18,5),(16,4),(15,6),(17,7),(16,5),(18,6),(20,7),(21,9),(19,8),(20,10),(22,11),(23,13),(21,12),(22,14),(21,16),(23,17),(22,19),(20,20),
(21,18),(19,19),(18,21),(16,22),(14,23),(12,22),(10,21),(9,19),(11,20),(13,21),(15,20),(17,19),(16,21),(18,20),(19,18),(21,19),(22,17),
(23,15),(22,13),(21,15),(20,17),(18,18),(17,20),(15,21),(16,19),(14,20),(12,21),(10,20),(8,19),(7,17),(6,15),(5,13),(4,11),(5,9),(6,11),
(7,9),(5,10),(6,8),(8,7),(10,6),(9,4),(11,3),(12,5),(14,6),(13,4),(11,5),(12,7),(10,8),(11,6),(12,4),(10,5),(8,6),(7,8),(9,7),(8,9),(6,10),
(5,12),(7,11),(9,10),(8,12),(7,10),(6,12),(7,14),(8,16),(9,18),(11,19),(9,20),(11,21),(13,20),(15,19),(14,21),(16,20),(18,19),(20,18),(19,16),
(21,17),(22,15),(20,14),(19,12),(21,11),(20,9),(19,7),(17,6),(15,5),(13,6),(11,7),(9,8),(11,9),(10,7),(9,9),(8,11),(7,13),(9,14),(10,16),
(8,15),(6,14),(7,12),(9,13),(11,14),(10,12),(8,13),(9,15),(7,16),(8,18),(10,17),(12,18),(10,19),(12,20),(14,19),(16,18),(18,17),(20,16),
(21,14),(20,12),(19,10),(18,8),(16,7),(14,8),(16,9),(15,7),(14,5),(12,6),(13,8),(15,9),(17,8),(16,6),(18,7),(19,9),(20,11),(21,13),(20,15),
(19,17),(17,18),(18,16),(19,14),(18,12),(20,13),(19,15),(17,16),(18,14),(16,15),(17,17),(18,15),(19,13),(18,11),(17,9),(15,8),(13,7),
(11,8),(10,10),(12,9),(14,10),(16,11),(18,10),(17,12),(19,11),(18,9),(16,10),(14,9),(16,8),(14,7),(12,8),(10,9),(9,11),(11,10),(13,9),
(12,11),(11,13),(9,12),(8,14),(10,13),(11,11),(13,10),(15,11),(17,10),(16,12),(18,13),(17,11),(15,10),(13,11),(11,12),(12,10),(14,11),
(15,13),(17,14),(16,16),(15,18),(13,19),(11,18),(9,17),(10,15),(12,16),(14,17),(15,15),(16,17),(17,15),(16,13),(14,12),(13,14),(14,16),
(13,18),(15,17),(14,15),(16,14),(14,13),(12,14),(13,12),(14,14),(15,12),(17,13),(15,14),(13,13),(12,15),(11,17),(13,16),(14,18),(12,19),
(13,17),(15,16),(13,15),(12,17),(10,18),(11,16),(10,14),(9,16),(11,15),(12,13)]

Graphical representation:

	-------------------------------------------------------------------------------------------------------------------------------------------------------------
	|  66 | 155 |   8 | 151 |  64 | 163 |   6 | 149 |  62 | 175 | 214 | 147 |  60 | 179 | 194 | 145 |  58 | 183 | 142 | 133 |  56 | 135 | 128 | 131 |  54 |  51 |
	-------------------------------------------------------------------------------------------------------------------------------------------------------------
	|   9 | 152 |  65 | 162 |   7 | 150 |  63 | 174 | 217 | 148 |  61 | 178 | 225 | 146 |  59 | 182 | 195 | 144 |  57 | 186 | 141 | 132 |  55 |  52 | 127 | 130 |
	-------------------------------------------------------------------------------------------------------------------------------------------------------------
	| 156 |  67 | 154 | 171 | 164 | 161 | 218 |   5 | 176 | 215 | 224 | 213 | 180 | 211 | 226 | 193 | 184 | 191 | 196 | 143 | 134 | 187 | 136 | 129 |  50 |  53 |
	-------------------------------------------------------------------------------------------------------------------------------------------------------------
	| 153 |  10 | 165 | 160 | 219 | 320 | 173 | 216 | 223 | 360 | 177 | 392 | 363 | 398 | 181 | 210 | 227 | 366 | 185 | 190 | 197 | 140 | 203 | 188 | 137 | 126 |
	-------------------------------------------------------------------------------------------------------------------------------------------------------------
	|  68 | 157 | 170 | 319 | 172 | 221 | 338 | 359 |   4 | 393 | 362 | 481 | 212 | 391 | 364 | 399 | 192 | 209 | 228 | 367 | 204 | 189 | 198 | 139 | 200 |  49 |
	-------------------------------------------------------------------------------------------------------------------------------------------------------------
	|  11 | 166 | 159 | 220 | 323 | 340 | 321 | 222 | 361 | 482 | 485 | 394 | 505 | 480 | 397 | 390 | 365 | 400 | 387 | 208 | 229 | 368 | 205 | 202 | 125 | 138 |
	-------------------------------------------------------------------------------------------------------------------------------------------------------------
	| 158 |  69 | 324 | 169 | 318 | 337 | 358 | 339 | 486 |   3 | 504 | 483 | 510 | 395 | 544 | 479 | 404 | 389 | 406 | 401 | 386 | 207 | 230 | 199 |  48 | 201 |
	-------------------------------------------------------------------------------------------------------------------------------------------------------------
	| 167 |  12 | 317 | 336 | 341 | 322 | 353 | 356 | 501 | 484 | 509 | 506 | 545 | 540 | 511 | 396 | 551 | 478 | 403 | 388 | 407 | 234 | 369 | 206 | 231 | 124 |
	-------------------------------------------------------------------------------------------------------------------------------------------------------------
	|  70 | 327 | 168 | 325 | 352 | 357 | 500 | 487 | 354 | 503 |   2 | 539 | 508 | 549 | 618 | 543 | 512 | 405 | 552 | 477 | 402 | 385 | 408 | 233 | 236 |  47 |
	-------------------------------------------------------------------------------------------------------------------------------------------------------------
	|  13 | 316 | 335 | 342 | 489 | 350 | 355 | 502 | 535 | 538 | 507 | 612 | 617 | 546 | 541 | 550 | 673 | 638 | 513 | 456 | 515 | 410 | 235 | 370 | 123 | 232 |
	-------------------------------------------------------------------------------------------------------------------------------------------------------------
	| 328 |  71 | 326 | 351 | 334 | 499 | 488 | 537 | 496 | 611 | 598 |   1 | 548 | 619 | 672 | 639 | 542 | 553 | 670 | 555 | 476 | 455 | 384 | 409 |  46 | 237 |
	-------------------------------------------------------------------------------------------------------------------------------------------------------------
	| 315 |  14 | 343 | 490 | 349 | 494 | 497 | 534 | 597 | 536 | 613 | 620 | 629 | 616 | 547 | 674 | 671 | 662 | 637 | 514 | 457 | 516 | 411 | 238 | 371 | 122 |
	-------------------------------------------------------------------------------------------------------------------------------------------------------------
	|  72 | 329 | 348 | 333 | 498 | 491 | 570 | 495 | 610 | 599 | 630 | 615 |  ♞ | 675 | 654 | 661 | 640 | 669 | 554 | 665 | 556 | 475 | 454 | 383 | 240 |  45 |
	-------------------------------------------------------------------------------------------------------------------------------------------------------------
	|  15 | 314 | 283 | 344 | 493 | 346 | 533 | 596 | 571 | 614 | 621 | 628 | 655 | 660 | 647 | 668 | 663 | 666 | 649 | 636 | 517 | 458 | 239 | 412 | 121 | 372 |
	-------------------------------------------------------------------------------------------------------------------------------------------------------------
	| 282 |  73 | 330 | 347 | 332 | 569 | 492 | 609 | 566 | 607 | 600 | 631 | 646 | 653 | 656 | 651 | 648 | 641 | 664 | 557 | 474 | 519 | 382 | 453 |  44 | 241 |
	-------------------------------------------------------------------------------------------------------------------------------------------------------------
	| 287 |  16 | 313 | 284 | 345 | 532 | 433 | 568 | 595 | 572 | 627 | 622 | 657 | 632 | 659 | 642 | 667 | 650 | 635 | 518 | 459 | 472 | 413 | 242 | 373 | 120 |
	-------------------------------------------------------------------------------------------------------------------------------------------------------------
	|  74 | 281 | 286 | 331 | 432 | 435 | 574 | 565 | 608 | 567 | 606 | 601 | 624 | 645 | 652 | 589 | 634 | 643 | 558 | 473 | 520 | 461 | 452 | 381 | 244 |  43 |
	-------------------------------------------------------------------------------------------------------------------------------------------------------------
	|  17 | 288 | 271 | 312 | 285 | 310 | 531 | 434 | 573 | 594 | 623 | 626 | 603 | 658 | 633 | 644 | 587 | 590 | 581 | 460 | 471 | 414 | 243 | 374 | 119 | 246 |
	-------------------------------------------------------------------------------------------------------------------------------------------------------------
	| 270 |  75 | 280 | 293 | 308 | 431 | 436 | 575 | 564 | 605 | 602 | 593 | 584 | 625 | 588 | 591 | 582 | 559 | 470 | 521 | 462 | 451 | 380 | 245 |  42 | 117 |
	-------------------------------------------------------------------------------------------------------------------------------------------------------------
	| 275 |  18 | 289 | 272 | 311 | 294 | 309 | 530 | 439 | 576 | 563 | 604 | 527 | 592 | 583 | 586 | 523 | 580 | 463 | 450 | 415 | 420 | 375 | 118 | 247 | 108 |
	-------------------------------------------------------------------------------------------------------------------------------------------------------------
	|  76 | 269 | 274 | 279 | 292 | 307 | 430 | 437 | 296 | 529 | 440 | 577 | 562 | 585 | 526 | 579 | 560 | 469 | 522 | 421 | 448 | 379 | 416 | 109 | 116 |  41 |
	-------------------------------------------------------------------------------------------------------------------------------------------------------------
	|  19 | 276 |  87 | 290 | 273 | 278 | 295 | 304 | 429 | 438 | 299 | 528 | 443 | 578 | 561 | 468 | 445 | 524 | 449 | 464 | 419 | 376 | 115 | 248 | 107 | 110 |
	-------------------------------------------------------------------------------------------------------------------------------------------------------------
	|  86 |  77 | 268 | 277 |  88 | 291 | 306 | 297 | 262 | 303 | 428 | 441 | 258 | 467 | 444 | 525 | 254 | 465 | 422 | 447 | 250 | 417 | 378 | 111 |  40 | 103 |
	-------------------------------------------------------------------------------------------------------------------------------------------------------------
	|  23 |  20 |  89 |  84 | 267 |  82 |  93 | 264 | 305 | 298 | 261 | 300 | 427 | 442 | 257 | 466 | 423 | 446 | 253 | 418 | 377 | 114 | 249 | 104 |  37 | 106 |
	-------------------------------------------------------------------------------------------------------------------------------------------------------------
	|  78 |  85 |  22 |  25 |  80 |  91 | 266 |  27 |  94 | 263 | 302 |  29 |  96 | 259 | 426 |  31 |  98 | 255 | 424 |  33 | 100 | 251 | 112 |  35 | 102 |  39 |
	-------------------------------------------------------------------------------------------------------------------------------------------------------------
	|  21 |  24 |  79 |  90 |  83 |  26 |  81 |  92 | 265 |  28 |  95 | 260 | 301 |  30 |  97 | 256 | 425 |  32 |  99 | 252 | 113 |  34 | 101 |  38 | 105 |  36 |
	-------------------------------------------------------------------------------------------------------------------------------------------------------------

