
==< Knight's tour on a 100x100 chessboard starting at (11,50) >==

Execution time: 0.056 s

Path:
[(11,50),(9,51),(7,52),(5,53),(3,54),(1,55),(0,57),(1,59),(0,61),(1,63),(0,65),(1,67),(0,69),(1,71),(0,73),(1,75),(0,77),(1,79),(0,81),(1,83),
(0,85),(1,87),(0,89),(1,91),(0,93),(1,95),(0,97),(1,99),(3,98),(5,99),(7,98),(9,99),(11,98),(13,99),(15,98),(17,99),(19,98),(21,99),(23,98),
(25,99),(27,98),(29,99),(31,98),(33,99),(35,98),(37,99),(39,98),(41,99),(43,98),(45,99),(47,98),(49,99),(51,98),(53,99),(55,98),(57,99),
(59,98),(61,99),(63,98),(65,99),(67,98),(69,99),(71,98),(73,99),(75,98),(77,99),(79,98),(81,99),(83,98),(85,99),(87,98),(89,99),(91,98),
(93,99),(95,98),(97,99),(99,98),(98,96),(99,94),(98,92),(99,90),(98,88),(99,86),(98,84),(99,82),(98,80),(99,78),(98,76),(99,74),(98,72),
(99,70),(98,68),(99,66),(98,64),(99,62),(98,60),(99,58),(98,56),(99,54),(98,52),(99,50),(98,48),(99,46),(98,44),(99,42),(98,40),(99,38),
(98,36),(99,34),(98,32),(99,30),(98,28),(99,26),(98,24),(99,22),(98,20),(99,18),(98,16),(99,14),(98,12),(99,10),(98,8),(99,6),(98,4),
(99,2),(98,0),(96,1),(94,0),(92,1),(90,0),(88,1),(86,0),(84,1),(82,0),(80,1),(78,0),(76,1),(74,0),(72,1),(70,0),(68,1),(66,0),(64,1),(62,0),
(60,1),(58,0),(56,1),(54,0),(52,1),(50,0),(48,1),(46,0),(44,1),(42,0),(40,1),(38,0),(36,1),(34,0),(32,1),(30,0),(28,1),(26,0),(24,1),(22,0),
(20,1),(18,0),(16,1),(14,0),(12,1),(10,0),(8,1),(6,0),(4,1),(2,0),(0,1),(1,3),(0,5),(1,7),(0,9),(1,11),(0,13),(1,15),(0,17),(1,19),(0,21),
(1,23),(0,25),(1,27),(0,29),(1,31),(0,33),(1,35),(0,37),(1,39),(0,41),(1,43),(0,45),(1,47),(0,49),(1,51),(0,53),(2,52),(0,51),(1,53),(0,55),
(1,57),(0,59),(1,61),(0,63),(1,65),(0,67),(1,69),(0,71),(1,73),(0,75),(1,77),(0,79),(1,81),(0,83),(1,85),(0,87),(1,89),(0,91),(1,93),(0,95),
(1,97),(0,99),(2,98),(4,99),(6,98),(8,99),(10,98),(12,99),(14,98),(16,99),(18,98),(20,99),(22,98),(24,99),(26,98),(28,99),(30,98),(32,99),
(34,98),(36,99),(38,98),(40,99),(42,98),(44,99),(46,98),(48,99),(50,98),(52,99),(54,98),(56,99),(58,98),(60,99),(62,98),(64,99),(66,98),
(68,99),(70,98),(72,99),(74,98),(76,99),(78,98),(80,99),(82,98),(84,99),(86,98),(88,99),(90,98),(92,99),(94,98),(96,99),(98,98),(99,96),
(97,97),(98,99),(99,97),(97,98),(99,99),(98,97),(99,95),(97,96),(96,98),(94,99),(95,97),(93,98),(95,99),(96,97),(97,95),(98,93),(99,91),
(98,89),(99,87),(98,85),(99,83),(98,81),(99,79),(98,77),(99,75),(98,73),(99,71),(98,69),(99,67),(98,65),(99,63),(98,61),(99,59),(98,57),
(99,55),(98,53),(99,51),(98,49),(99,47),(98,45),(99,43),(98,41),(99,39),(98,37),(99,35),(98,33),(99,31),(98,29),(99,27),(98,25),(99,23),
(98,21),(99,19),(98,17),(99,15),(98,13),(99,11),(98,9),(99,7),(98,5),(99,3),(98,1),(96,0),(97,2),(99,1),(97,0),(98,2),(99,0),(97,1),(95,0),
(96,2),(98,3),(99,5),(97,4),(98,6),(99,4),(97,3),(95,2),(93,1),(91,0),(89,1),(87,0),(85,1),(83,0),(81,1),(79,0),(77,1),(75,0),(73,1),(71,0),
(69,1),(67,0),(65,1),(63,0),(61,1),(59,0),(57,1),(55,0),(53,1),(51,0),(49,1),(47,0),(45,1),(43,0),(41,1),(39,0),(37,1),(35,0),(33,1),(31,0),
(29,1),(27,0),(25,1),(23,0),(21,1),(19,0),(17,1),(15,0),(13,1),(11,0),(9,1),(7,0),(5,1),(3,0),(1,1),(0,3),(2,2),(1,0),(0,2),(2,1),(0,0),
(1,2),(0,4),(2,3),(3,1),(5,0),(4,2),(6,1),(4,0),(3,2),(2,4),(1,6),(0,8),(1,10),(0,12),(1,14),(0,16),(1,18),(0,20),(1,22),(0,24),(1,26),(0,28),
(1,30),(0,32),(1,34),(0,36),(1,38),(0,40),(1,42),(0,44),(1,46),(0,48),(1,50),(0,52),(1,54),(0,56),(1,58),(0,60),(1,62),(0,64),(1,66),(0,68),
(1,70),(0,72),(1,74),(0,76),(1,78),(0,80),(1,82),(0,84),(1,86),(0,88),(1,90),(0,92),(1,94),(0,96),(1,98),(3,99),(2,97),(0,98),(2,99),(4,98),
(6,99),(5,97),(3,96),(2,94),(1,96),(0,94),(2,95),(3,97),(5,98),(7,99),(8,97),(6,96),(4,97),(2,96),(4,95),(3,93),(1,92),(0,90),(2,91),(3,89),
(1,88),(0,86),(2,87),(3,85),(1,84),(0,82),(2,83),(3,81),(1,80),(0,78),(2,79),(3,77),(1,76),(0,74),(2,75),(3,73),(1,72),(0,70),(2,71),(3,69),
(1,68),(0,66),(2,67),(3,65),(1,64),(0,62),(2,63),(3,61),(1,60),(0,58),(2,59),(3,57),(1,56),(0,54),(2,55),(3,53),(1,52),(0,50),(2,51),(1,49),
(0,47),(2,48),(3,50),(4,52),(2,53),(3,55),(2,57),(3,59),(2,61),(3,63),(2,65),(3,67),(2,69),(3,71),(2,73),(3,75),(2,77),(3,79),(2,81),(3,83),
(2,85),(3,87),(2,89),(3,91),(2,93),(3,95),(5,96),(7,97),(9,98),(11,99),(12,97),(10,96),(8,95),(9,97),(10,99),(8,98),(6,97),(4,96),(3,94),
(2,92),(4,93),(5,95),(7,96),(6,94),(5,92),(4,94),(3,92),(2,90),(4,91),(5,93),(6,95),(8,96),(10,97),(12,98),(14,99),(13,97),(11,96),(9,95),
(7,94),(6,92),(5,94),(4,92),(3,90),(2,88),(4,89),(5,91),(6,93),(7,95),(9,96),(11,97),(13,98),(15,99),(16,97),(14,96),(12,95),(10,94),(8,93),
(7,91),(5,90),(4,88),(3,86),(2,84),(4,85),(2,86),(3,88),(4,90),(6,89),(5,87),(7,88),(5,89),(4,87),(6,88),(7,90),(8,92),(6,91),(7,93),(9,94),
(11,95),(13,96),(15,97),(17,98),(19,99),(20,97),(18,96),(16,95),(17,97),(18,99),(16,98),(14,97),(12,96),(10,95),(8,94),(7,92),(6,90),
(5,88),(4,86),(3,84),(2,82),(4,83),(5,85),(6,87),(7,89),(8,91),(9,93),(11,94),(13,95),(15,96),(14,94),(12,93),(10,92),(9,90),(8,88),(7,86),
(6,84),(5,86),(4,84),(3,82),(2,80),(4,81),(5,83),(6,85),(7,87),(8,89),(9,91),(10,93),(12,94),(14,95),(16,96),(18,97),(20,98),(22,99),(21,97),
(19,96),(17,95),(15,94),(13,93),(11,92),(10,90),(9,92),(8,90),(9,88),(8,86),(7,84),(6,86),(5,84),(4,82),(3,80),(2,78),(4,79),(5,81),(6,83),
(7,85),(8,87),(9,89),(10,91),(11,93),(13,94),(15,95),(17,96),(19,97),(21,98),(23,99),(24,97),(22,96),(20,95),(18,94),(16,93),(14,92),(12,91),
(11,89),(10,87),(9,85),(8,83),(6,82),(5,80),(4,78),(3,76),(2,74),(4,75),(2,76),(3,78),(4,80),(5,82),(7,81),(6,79),(5,77),(7,78),(5,79),
(4,77),(6,78),(7,80),(8,82),(6,81),(7,83),(8,85),(9,87),(10,89),(11,91),(13,92),(15,93),(17,94),(19,95),(21,96),(23,97),(25,98),(27,99),
(28,97),(26,96),(24,95),(25,97),(26,99),(24,98),(22,97),(20,96),(18,95),(16,94),(14,93),(12,92),(11,90),(13,91),(15,92),(17,93),(19,94),
(21,95),(23,96),(22,94),(20,93),(18,92),(16,91),(14,90),(12,89),(10,88),(9,86),(8,84),(7,82),(6,80),(5,78),(4,76),(3,74),(2,72),(4,73),
(5,75),(6,77),(7,79),(8,81),(9,83),(10,85),(11,87),(13,88),(12,90),(14,91),(16,92),(18,93),(20,94),(22,95),(24,96),(26,97),(28,98),(30,99),
(29,97),(27,96),(25,95),(23,94),(21,93),(19,92),(17,91),(15,90),(13,89),(11,88),(10,86),(9,84),(11,85),(12,87),(14,88),(13,90),(15,91),
(17,92),(19,93),(21,94),(23,95),(25,96),(27,97),(29,98),(31,99),(32,97),(30,96),(28,95),(26,94),(24,93),(22,92),(20,91),(18,90),(16,89),
(15,87),(14,89),(12,88),(13,86),(12,84),(11,86),(10,84),(9,82),(8,80),(10,81),(11,83),(12,85),(13,87),(15,88),(16,90),(18,91),(20,92),
(22,93),(24,94),(26,95),(28,96),(30,97),(32,98),(34,99),(33,97),(31,96),(29,95),(27,94),(25,93),(23,92),(21,91),(19,90),(17,89),(16,87),
(15,89),(17,90),(19,91),(21,92),(23,93),(25,94),(27,95),(29,96),(31,97),(33,98),(35,99),(36,97),(34,96),(32,95),(30,94),(28,93),(26,92),
(24,91),(22,90),(20,89),(18,88),(17,86),(16,88),(14,87),(12,86),(11,84),(10,82),(9,80),(8,78),(7,76),(6,74),(5,76),(4,74),(3,72),(2,70),
(4,71),(5,73),(6,75),(7,77),(8,79),(9,81),(10,83),(11,81),(12,83),(13,85),(15,86),(14,84),(13,82),(12,80),(11,82),(10,80),(9,78),(8,76),
(7,74),(6,76),(5,74),(4,72),(3,70),(2,68),(4,69),(5,71),(6,73),(7,75),(8,77),(9,79),(11,80),(12,82),(13,84),(14,86),(16,85),(17,87),(18,89),
(20,90),(22,91),(24,92),(26,93),(28,94),(30,95),(32,96),(34,97),(36,98),(38,99),(37,97),(35,96),(33,95),(31,94),(29,93),(27,92),(25,91),
(23,90),(21,89),(19,88),(18,86),(17,88),(19,89),(21,90),(23,91),(25,92),(27,93),(29,94),(31,95),(33,96),(35,97),(37,98),(39,99),(40,97),
(38,96),(36,95),(34,94),(32,93),(30,92),(28,91),(26,90),(24,89),(22,88),(20,87),(19,85),(18,87),(16,86),(14,85),(13,83),(12,81),(11,79),
(10,77),(9,75),(8,73),(6,72),(5,70),(4,68),(3,66),(2,64),(3,62),(2,60),(3,58),(2,56),(4,55),(2,54),(3,52),(2,50),(1,48),(0,46),(2,45),(3,47),
(2,49),(3,51),(4,53),(5,51),(4,49),(6,50),(4,51),(3,49),(2,47),(1,45),(0,43),(2,44),(3,46),(4,48),(5,50),(6,52),(5,54),(4,56),(5,58),(4,60),
(5,62),(4,64),(5,66),(6,68),(4,67),(2,66),(3,68),(4,70),(5,72),(7,71),(6,69),(5,67),(4,65),(6,64),(4,63),(2,62),(3,64),(4,66),(5,68),(6,70),
(7,72),(8,74),(9,76),(10,78),(12,79),(13,81),(14,83),(15,85),(17,84),(15,83),(14,81),(13,79),(11,78),(9,77),(10,79),(11,77),(10,75),(9,73),
(8,75),(7,73),(6,71),(5,69),(7,70),(8,72),(9,74),(10,76),(12,77),(11,75),(10,73),(9,71),(8,69),(7,67),(6,65),(5,63),(4,61),(6,60),(4,59),
(2,58),(3,60),(4,62),(5,64),(6,66),(7,68),(8,70),(9,72),(10,74),(11,76),(12,78),(13,80),(14,82),(15,84),(17,85),(16,83),(15,81),(14,79),
(13,77),(12,75),(11,73),(10,71),(9,69),(8,71),(7,69),(6,67),(5,65),(7,66),(8,68),(9,70),(10,72),(11,74),(12,76),(13,78),(14,80),(15,82),
(16,84),(18,85),(19,87),(21,88),(23,89),(25,90),(27,91),(29,92),(31,93),(33,94),(35,95),(37,96),(39,97),(41,98),(43,99),(44,97),(42,96),
(40,95),(41,97),(42,99),(40,98),(38,97),(36,96),(34,95),(32,94),(30,93),(28,92),(26,91),(24,90),(22,89),(20,88),(19,86),(21,87),(23,88),
(25,89),(27,90),(29,91),(31,92),(33,93),(35,94),(37,95),(39,96),(38,94),(36,93),(34,92),(32,91),(30,90),(28,89),(26,88),(24,87),(22,86),
(20,85),(18,84),(17,82),(16,80),(15,78),(14,76),(13,74),(12,72),(11,70),(10,68),(8,67),(7,65),(6,63),(5,61),(7,62),(8,64),(9,66),(11,67),
(9,68),(8,66),(7,64),(6,62),(5,60),(4,58),(3,56),(4,54),(5,56),(6,54),(5,52),(4,50),(3,48),(2,46),(1,44),(0,42),(2,41),(3,43),(4,45),(5,47),
(6,49),(7,51),(6,53),(5,55),(4,57),(5,59),(6,61),(7,63),(8,65),(9,67),(10,69),(11,71),(12,73),(13,75),(14,77),(15,79),(16,81),(17,83),(19,84),
(20,86),(22,87),(24,88),(26,89),(28,90),(30,91),(32,92),(34,93),(36,94),(38,95),(40,96),(42,97),(44,98),(46,99),(45,97),(43,96),(41,95),
(39,94),(37,93),(35,92),(33,91),(31,90),(29,89),(27,88),(25,87),(23,86),(21,85),(20,83),(18,82),(17,80),(16,82),(15,80),(14,78),(13,76),
(12,74),(11,72),(10,70),(12,69),(13,71),(14,73),(15,75),(16,77),(17,79),(18,81),(19,83),(21,84),(23,85),(21,86),(23,87),(25,88),(27,89),
(29,90),(31,91),(33,92),(35,93),(37,94),(39,95),(41,96),(43,97),(45,98),(47,99),(48,97),(46,96),(44,95),(42,94),(40,93),(38,92),(36,91),
(34,90),(32,89),(30,88),(28,87),(26,86),(24,85),(22,84),(21,82),(20,84),(18,83),(19,81),(18,79),(17,81),(16,79),(15,77),(14,75),(13,73),
(12,71),(11,69),(10,67),(9,65),(8,63),(7,61),(6,59),(5,57),(6,55),(7,57),(8,59),(6,58),(7,60),(8,62),(9,64),(10,66),(11,68),(12,70),(13,72),
(14,74),(15,76),(16,78),(17,76),(18,78),(19,80),(20,82),(22,83),(21,81),(19,82),(18,80),(17,78),(16,76),(15,74),(14,72),(13,70),(12,68),
(11,66),(10,64),(9,62),(8,60),(7,58),(6,56),(7,54),(8,56),(6,57),(7,59),(8,61),(9,63),(10,65),(12,66),(11,64),(10,62),(9,60),(8,58),(7,56),
(8,54),(9,56),(7,55),(8,53),(9,55),(8,57),(9,59),(10,61),(11,63),(12,65),(13,67),(14,69),(15,71),(16,73),(17,75),(18,77),(19,79),(20,81),
(21,83),(22,85),(24,86),(26,87),(28,88),(30,89),(32,90),(34,91),(36,92),(38,93),(40,94),(42,95),(44,96),(46,97),(48,98),(50,99),(49,97),
(47,96),(45,95),(43,94),(41,93),(39,92),(37,91),(35,90),(33,89),(31,88),(29,87),(27,86),(25,85),(23,84),(22,82),(24,83),(26,84),(25,86),
(27,87),(29,88),(31,89),(33,90),(35,91),(37,92),(39,93),(41,94),(43,95),(45,96),(47,97),(49,98),(51,99),(52,97),(50,96),(48,95),(46,94),
(44,93),(42,92),(40,91),(38,90),(36,89),(34,88),(32,87),(30,86),(28,85),(27,83),(26,85),(24,84),(23,82),(25,83),(27,84),(28,86),(30,87),
(32,88),(34,89),(36,90),(38,91),(40,92),(42,93),(44,94),(46,95),(48,96),(50,97),(52,98),(54,99),(53,97),(51,96),(49,95),(47,94),(45,93),
(43,92),(41,91),(39,90),(37,89),(35,88),(33,87),(31,86),(29,85),(28,83),(27,85),(25,84),(23,83),(25,82),(23,81),(21,80),(20,78),(19,76),
(17,77),(16,75),(15,73),(14,71),(13,69),(12,67),(11,65),(10,63),(9,61),(10,59),(9,57),(8,55),(7,53),(6,51),(5,49),(4,47),(3,45),(2,43),
(1,41),(0,39),(2,40),(3,42),(4,44),(5,46),(6,48),(7,50),(8,52),(9,54),(10,56),(9,58),(10,60),(11,62),(12,64),(13,66),(14,68),(15,70),(16,72),
(17,74),(18,76),(19,78),(20,80),(22,81),(24,82),(26,83),(28,84),(29,86),(31,87),(33,88),(35,89),(37,90),(39,91),(41,92),(43,93),(45,94),
(47,95),(49,96),(51,97),(53,98),(55,99),(56,97),(54,96),(52,95),(50,94),(48,93),(46,92),(44,91),(42,90),(40,89),(38,88),(36,87),(34,86),
(32,85),(30,84),(29,82),(27,81),(25,80),(26,82),(24,81),(22,80),(20,79),(19,77),(21,78),(23,79),(22,77),(21,79),(23,80),(25,81),(27,82),
(29,83),(30,85),(32,86),(34,87),(36,88),(38,89),(40,90),(42,91),(44,92),(46,93),(48,94),(50,95),(52,96),(54,97),(56,98),(58,99),(57,97),
(55,96),(53,95),(51,94),(49,93),(47,92),(45,91),(43,90),(41,89),(39,88),(37,87),(35,86),(33,85),(31,84),(30,82),(29,84),(31,85),(33,86),
(35,87),(37,88),(39,89),(41,90),(43,91),(45,92),(47,93),(49,94),(51,95),(53,96),(55,97),(57,98),(59,99),(60,97),(58,96),(56,95),(54,94),
(52,93),(50,92),(48,91),(46,90),(44,89),(42,88),(40,87),(38,86),(36,85),(34,84),(32,83),(31,81),(30,83),(28,82),(26,81),(24,80),(22,79),
(21,77),(23,78),(25,79),(27,80),(29,81),(31,82),(32,84),(34,85),(36,86),(38,87),(40,88),(42,89),(44,90),(46,91),(48,92),(50,93),(52,94),
(54,95),(56,96),(58,97),(60,98),(62,99),(61,97),(59,96),(57,95),(55,94),(53,93),(51,92),(49,91),(47,90),(45,89),(43,88),(41,87),(39,86),
(37,85),(35,84),(33,83),(32,81),(31,83),(33,84),(35,85),(37,86),(39,87),(41,88),(43,89),(45,90),(47,91),(49,92),(51,93),(53,94),(55,95),
(57,96),(59,97),(61,98),(63,99),(64,97),(62,96),(60,95),(58,94),(56,93),(54,92),(52,91),(50,90),(48,89),(46,88),(44,87),(42,86),(40,85),
(38,84),(36,83),(34,82),(33,80),(32,82),(30,81),(28,80),(26,79),(24,78),(23,76),(22,78),(20,77),(19,75),(21,76),(23,77),(24,79),(26,80),
(28,81),(30,80),(28,79),(26,78),(24,77),(22,76),(20,75),(18,74),(17,72),(16,74),(15,72),(14,70),(13,68),(15,69),(16,71),(17,73),(18,75),
(20,76),(19,74),(21,75),(20,73),(18,72),(17,70),(16,68),(14,67),(13,65),(12,63),(11,61),(13,62),(12,60),(11,58),(12,56),(10,57),(11,59),
(12,61),(13,63),(14,65),(15,67),(16,69),(17,71),(18,73),(20,74),(19,72),(18,70),(17,68),(16,70),(15,68),(14,66),(13,64),(12,62),(11,60),
(10,58),(11,56),(10,54),(9,52),(8,50),(7,48),(6,46),(5,48),(4,46),(3,44),(2,42),(1,40),(0,38),(2,37),(3,39),(4,41),(5,43),(6,45),(7,47),
(8,49),(9,47),(7,46),(5,45),(4,43),(3,41),(2,39),(1,37),(0,35),(2,36),(3,38),(4,40),(5,42),(6,44),(8,45),(7,43),(5,44),(4,42),(3,40),(2,38),
(1,36),(0,34),(2,33),(3,35),(4,37),(5,39),(6,41),(7,39),(5,40),(4,38),(3,36),(2,34),(1,32),(0,30),(2,29),(3,31),(4,33),(2,32),(0,31),(1,33),
(2,35),(3,37),(4,39),(5,41),(6,43),(7,41),(6,39),(5,37),(4,35),(3,33),(2,31),(1,29),(0,27),(2,28),(3,30),(4,32),(3,34),(4,36),(5,38),(6,40),
(7,42),(8,44),(9,42),(8,40),(7,38),(6,36),(5,34),(6,32),(4,31),(2,30),(1,28),(0,26),(2,25),(3,27),(4,29),(5,31),(3,32),(4,34),(5,36),(6,38),
(7,40),(6,42),(7,44),(8,42),(9,40),(8,38),(6,37),(5,35),(6,33),(7,35),(8,37),(9,39),(8,41),(9,43),(10,41),(11,39),(9,38),(7,37),(6,35),
(5,33),(7,34),(8,36),(10,37),(9,35),(7,36),(6,34),(5,32),(4,30),(3,28),(2,26),(1,24),(0,22),(2,21),(3,23),(4,25),(2,24),(0,23),(1,25),(2,27),
(3,29),(5,30),(4,28),(3,26),(5,27),(6,29),(7,31),(8,33),(9,31),(7,32),(6,30),(5,28),(4,26),(3,24),(2,22),(1,20),(0,18),(2,17),(3,19),(4,21),
(2,20),(0,19),(1,21),(2,23),(3,25),(4,27),(5,29),(6,31),(7,33),(8,35),(9,33),(8,31),(7,29),(6,27),(5,25),(4,23),(3,21),(2,19),(1,17),(0,15),
(2,16),(3,18),(4,20),(3,22),(4,24),(5,22),(6,24),(5,26),(6,28),(7,30),(8,32),(9,34),(10,36),(11,34),(10,32),(9,30),(8,28),(7,26),(8,24),
(6,25),(5,23),(7,22),(5,21),(3,20),(2,18),(1,16),(0,14),(2,13),(3,15),(4,17),(5,19),(6,21),(4,22),(6,23),(7,25),(5,24),(7,23),(9,22),(7,21),
(5,20),(4,18),(3,16),(2,14),(1,12),(0,10),(2,9),(3,11),(4,13),(2,12),(0,11),(1,13),(2,15),(3,17),(4,19),(6,20),(5,18),(4,16),(3,14),(5,15),
(6,17),(7,19),(8,21),(6,22),(8,23),(9,21),(7,20),(6,18),(5,16),(4,14),(3,12),(2,10),(1,8),(0,6),(1,4),(3,3),(2,5),(3,7),(4,5),(2,6),(0,7),
(1,5),(3,4),(5,3),(7,2),(8,0),(10,1),(12,0),(11,2),(9,3),(7,4),(6,2),(4,3),(3,5),(2,7),(1,9),(3,8),(4,6),(5,4),(7,3),(5,2),(7,1),(9,0),(8,2),
(6,3),(4,4),(3,6),(2,8),(3,10),(4,8),(5,6),(6,4),(8,3),(10,2),(9,4),(7,5),(6,7),(5,5),(4,7),(3,9),(2,11),(4,10),(5,8),(6,6),(8,5),(10,4),(9,2),
(11,1),(13,0),(14,2),(12,3),(11,5),(10,3),(8,4),(6,5),(5,7),(4,9),(5,11),(6,9),(7,7),(9,6),(8,8),(7,6),(9,5),(11,4),(12,2),(14,1),(16,0),
(15,2),(13,3),(12,5),(11,3),(13,2),(15,1),(17,0),(18,2),(16,3),(14,4),(13,6),(12,4),(10,5),(8,6),(10,7),(12,6),(13,4),(15,3),(17,2),(19,1),
(21,0),(22,2),(20,3),(18,4),(19,2),(20,0),(18,1),(16,2),(14,3),(15,5),(17,4),(19,3),(21,2),(23,1),(25,0),(26,2),(24,3),(22,4),(23,2),(24,0),
(22,1),(20,2),(18,3),(16,4),(14,5),(13,7),(11,6),(9,7),(7,8),(5,9),(4,11),(3,13),(5,12),(6,10),(8,9),(6,8),(5,10),(4,12),(5,14),(6,12),(7,10),
(9,9),(8,7),(10,6),(11,8),(10,10),(9,8),(7,9),(8,11),(7,13),(6,11),(5,13),(4,15),(6,14),(7,12),(8,10),(10,9),(11,7),(12,9),(10,8),(12,7),
(13,5),(15,4),(17,3),(16,5),(14,6),(13,8),(11,9),(9,10),(7,11),(6,13),(8,12),(7,14),(6,16),(8,15),(9,13),(10,11),(12,10),(11,12),(9,11),
(8,13),(7,15),(8,17),(9,15),(7,16),(5,17),(6,15),(8,14),(9,12),(11,11),(10,13),(12,12),(11,10),(12,8),(14,7),(16,6),(18,5),(20,4),(22,3),
(24,2),(26,1),(28,0),(27,2),(25,3),(23,4),(21,3),(19,4),(17,5),(15,6),(14,8),(13,10),(15,9),(16,7),(18,6),(20,5),(19,7),(17,6),(15,7),(17,8),
(16,10),(14,9),(16,8),(18,7),(19,5),(21,4),(23,3),(25,2),(27,1),(29,0),(30,2),(28,3),(26,4),(24,5),(22,6),(20,7),(21,5),(19,6),(17,7),(15,8),
(13,9),(14,11),(13,13),(12,11),(10,12),(11,14),(10,16),(9,14),(8,16),(7,18),(8,20),(6,19),(7,17),(8,19),(9,17),(10,15),(11,13),(13,12),
(14,10),(16,9),(18,8),(17,10),(15,11),(14,13),(13,11),(15,10),(17,9),(19,8),(20,6),(22,5),(24,4),(26,3),(28,2),(30,1),(32,0),(31,2),(29,3),
(27,4),(25,5),(23,6),(21,7),(20,9),(18,10),(16,11),(14,12),(12,13),(10,14),(9,16),(8,18),(10,19),(11,17),(9,18),(10,20),(11,18),(9,19),
(10,17),(11,15),(13,14),(12,16),(14,15),(12,14),(11,16),(10,18),(9,20),(8,22),(7,24),(6,26),(7,28),(8,26),(9,24),(10,22),(11,20),(12,18),
(13,16),(14,14),(12,15),(13,17),(12,19),(11,21),(10,23),(9,25),(8,27),(9,29),(10,27),(11,25),(9,26),(7,27),(8,29),(10,28),(11,30),(12,28),
(11,26),(10,24),(8,25),(9,27),(10,29),(8,30),(9,28),(10,26),(11,24),(9,23),(10,21),(11,19),(12,17),(13,15),(15,14),(16,12),(18,11),(19,9),
(21,8),(23,7),(21,6),(23,5),(25,4),(27,3),(29,2),(31,1),(33,0),(34,2),(32,3),(30,4),(28,5),(26,6),(24,7),(22,8),(21,10),(20,8),(18,9),(20,10),
(22,9),(24,8),(22,7),(24,6),(26,5),(28,4),(30,3),(32,2),(34,1),(36,0),(35,2),(33,3),(31,4),(29,5),(27,6),(25,7),(23,8),(21,9),(19,10),(17,11),
(15,12),(17,13),(19,12),(21,11),(23,10),(25,9),(26,7),(27,5),(25,6),(27,7),(25,8),(23,9),(22,11),(20,12),(18,13),(19,11),(17,12),(15,13),
(16,15),(14,16),(13,18),(12,20),(11,22),(13,21),(12,23),(13,25),(12,27),(11,29),(10,31),(12,32),(10,33),(8,34),(9,32),(10,30),(11,28),
(12,26),(10,25),(11,23),(12,21),(13,19),(14,17),(15,15),(16,13),(18,12),(20,11),(22,10),(24,9),(26,8),(28,7),(30,6),(29,4),(31,3),(33,2),
(35,1),(37,0),(38,2),(36,3),(34,4),(32,5),(31,7),(29,6),(31,5),(33,4),(35,3),(37,2),(39,1),(41,0),(42,2),(40,3),(38,4),(39,2),(40,0),(38,1),
(36,2),(34,3),(32,4),(30,5),(28,6),(27,8),(29,7),(31,6),(33,5),(35,4),(37,3),(36,5),(34,6),(32,7),(30,8),(28,9),(26,10),(24,11),(22,12),
(20,13),(18,14),(17,16),(16,14),(15,16),(14,18),(13,20),(12,22),(13,24),(14,22),(15,20),(16,18),(14,19),(15,17),(16,19),(14,20),(15,18),
(16,16),(17,14),(19,13),(21,12),(23,11),(25,10),(27,9),(29,8),(28,10),(26,9),(24,10),(26,11),(24,12),(22,13),(20,14),(18,15),(17,17),(19,16),
(17,15),(19,14),(21,13),(23,12),(25,11),(27,10),(28,8),(30,7),(32,6),(34,5),(36,4),(38,3),(40,2),(42,1),(44,0),(43,2),(41,3),(39,4),(37,5),
(35,6),(33,7),(31,8),(29,9),(28,11),(26,12),(24,13),(22,14),(20,15),(18,16),(16,17),(15,19),(14,21),(13,23),(12,25),(11,27),(13,26),(12,24),
(13,22),(15,21),(14,23),(16,22),(17,20),(18,18),(20,17),(19,15),(21,14),(23,13),(25,12),(27,11),(29,10),(31,9),(33,8),(35,7),(33,6),(35,5),
(37,4),(39,3),(41,2),(43,1),(45,0),(46,2),(44,3),(42,4),(40,5),(38,6),(36,7),(34,8),(32,9),(30,10),(29,12),(27,13),(25,14),(23,15),(21,16),
(19,17),(17,18),(16,20),(15,22),(14,24),(16,23),(17,21),(18,19),(20,18),(18,17),(20,16),(22,15),(24,14),(26,13),(28,12),(30,11),(32,10),
(30,9),(32,8),(34,7),(36,6),(38,5),(40,4),(42,3),(44,2),(46,1),(48,0),(47,2),(45,3),(43,4),(41,5),(39,6),(37,7),(35,8),(33,9),(31,10),(29,11),
(27,12),(25,13),(23,14),(21,15),(22,17),(24,16),(26,15),(28,14),(30,13),(31,11),(33,10),(35,9),(37,8),(39,7),(37,6),(39,5),(41,4),(43,3),
(45,2),(47,1),(49,0),(50,2),(48,3),(46,4),(44,5),(42,6),(40,7),(38,8),(36,9),(34,10),(32,11),(30,12),(28,13),(26,14),(24,15),(22,16),(21,18),
(19,19),(18,21),(17,19),(16,21),(15,23),(14,25),(13,27),(12,29),(11,31),(13,30),(14,28),(15,26),(16,24),(17,22),(18,20),(19,18),(21,17),
(23,16),(25,15),(27,14),(29,13),(31,12),(33,11),(34,9),(36,8),(38,7),(40,6),(42,5),(44,4),(46,3),(48,2),(50,1),(52,0),(51,2),(49,3),(47,4),
(45,5),(43,6),(41,7),(39,8),(37,9),(35,10),(34,12),(36,11),(38,10),(40,9),(42,8),(41,6),(43,5),(45,4),(47,3),(49,2),(51,1),(53,0),(54,2),
(52,3),(50,4),(48,5),(46,6),(44,7),(46,8),(45,6),(47,5),(49,4),(51,3),(53,2),(55,1),(57,0),(58,2),(56,3),(54,4),(55,2),(56,0),(54,1),(52,2),
(50,3),(48,4),(46,5),(44,6),(42,7),(40,8),(38,9),(36,10),(34,11),(32,12),(31,14),(29,15),(27,16),(25,17),(23,18),(21,19),(19,20),(18,22),
(20,21),(19,23),(17,24),(15,25),(14,27),(13,29),(12,31),(11,33),(10,35),(9,37),(8,39),(10,40),(11,38),(12,36),(13,34),(11,35),(9,36),
(10,34),(11,32),(12,30),(13,28),(14,26),(15,24),(17,23),(16,25),(15,27),(14,29),(13,31),(12,33),(14,32),(15,30),(16,28),(17,26),(18,24),
(19,22),(20,20),(22,19),(23,17),(25,16),(27,15),(29,14),(31,13),(33,12),(35,11),(37,10),(39,9),(41,8),(43,7),(45,8),(47,7),(49,6),(51,5),
(53,4),(55,3),(57,2),(59,1),(61,0),(62,2),(60,3),(58,4),(59,2),(60,0),(58,1),(56,2),(54,3),(52,4),(50,5),(48,6),(46,7),(44,8),(42,9),(40,10),
(38,11),(36,12),(34,13),(32,14),(30,15),(28,16),(26,17),(24,18),(23,20),(22,18),(20,19),(21,21),(20,23),(19,21),(18,23),(17,25),(16,27),
(15,29),(14,31),(13,33),(12,35),(11,37),(10,39),(9,41),(8,43),(7,45),(6,47),(7,49),(8,47),(9,45),(10,43),(11,41),(12,39),(10,38),(11,36),
(12,34),(13,32),(14,30),(15,28),(16,26),(18,25),(17,27),(16,29),(15,31),(14,33),(13,35),(12,37),(14,36),(13,38),(12,40),(11,42),(10,44),
(9,46),(8,48),(9,50),(10,48),(11,46),(12,44),(10,45),(8,46),(9,44),(10,42),(11,40),(12,38),(13,36),(14,34),(15,32),(16,30),(17,28),(18,26),
(19,24),(20,22),(21,20),(22,22),(21,24),(19,25),(18,27),(17,29),(16,31),(15,33),(14,35),(13,37),(15,36),(14,38),(13,40),(12,42),(11,44),
(10,46),(9,48),(10,50),(8,51),(9,49),(10,47),(11,45),(12,43),(13,41),(14,39),(15,37),(16,35),(17,33),(15,34),(16,32),(17,30),(18,28),(19,26),
(20,24),(21,22),(22,20),(24,19),(23,21),(22,23),(21,25),(20,27),(19,29),(18,31),(20,30),(18,29),(19,27),(20,25),(21,23),(22,21),(23,19),
(24,17),(26,16),(28,15),(30,14),(32,13),(31,15),(29,16),(27,17),(25,18),(24,20),(26,19),(28,18),(30,17),(32,16),(33,14),(35,13),(37,12),
(39,11),(41,10),(43,9),(45,10),(47,9),(48,7),(49,5),(47,6),(45,7),(43,8),(41,9),(39,10),(37,11),(35,12),(33,13),(34,15),(36,14),(38,13),
(40,12),(42,11),(44,10),(46,9),(48,8),(50,7),(52,6),(51,4),(53,3),(54,5),(56,4),(58,3),(60,2),(62,1),(64,0),(63,2),(61,3),(59,4),(57,3),
(55,4),(57,5),(55,6),(53,5),(51,6),(49,7),(47,8),(45,9),(43,10),(41,11),(39,12),(37,13),(35,14),(33,15),(31,16),(29,17),(27,18),(25,19),
(24,21),(26,20),(28,19),(26,18),(28,17),(30,16),(32,15),(34,14),(36,13),(38,12),(40,11),(42,10),(44,9),(43,11),(41,12),(39,13),(37,14),
(35,15),(33,16),(31,17),(29,18),(27,19),(25,20),(24,22),(26,21),(28,20),(30,19),(32,18),(34,17),(36,16),(38,15),(40,14),(42,13),(44,12),
(46,11),(48,10),(49,8),(50,6),(52,5),(53,7),(51,8),(49,9),(47,10),(45,11),(43,12),(41,13),(39,14),(37,15),(35,16),(33,17),(31,18),(29,19),
(27,20),(25,21),(23,22),(22,24),(21,26),(20,28),(19,30),(17,31),(16,33),(15,35),(14,37),(13,39),(12,41),(11,43),(13,42),(14,40),(15,38),
(16,36),(17,34),(18,32),(20,31),(18,30),(19,28),(20,26),(21,28),(22,26),(23,24),(25,23),(27,22),(29,21),(31,20),(30,18),(32,17),(34,16),
(36,15),(38,14),(40,13),(42,12),(44,11),(46,10),(48,9),(50,8),(52,7),(54,6),(56,5),(58,6),(57,4),(59,3),(61,2),(63,1),(65,0),(66,2),(64,3),
(62,4),(60,5),(62,6),(61,4),(63,3),(65,2),(67,1),(69,0),(70,2),(68,3),(66,4),(67,2),(68,0),(66,1),(64,2),(62,3),(60,4),(58,5),(56,6),(54,7),
(55,5),(53,6),(51,7),(50,9),(52,8),(51,10),(53,9),(55,8),(57,7),(59,6),(61,5),(63,4),(65,3),(64,5),(66,6),(65,4),(67,3),(69,2),(71,1),(73,0),
(74,2),(72,3),(70,4),(71,2),(72,0),(70,1),(68,2),(66,3),(64,4),(62,5),(60,6),(58,7),(59,5),(57,6),(55,7),(53,8),(51,9),(49,10),(47,11),(45,12),
(43,13),(41,14),(39,15),(37,16),(35,17),(33,18),(31,19),(29,20),(27,21),(25,22),(23,23),(22,25),(21,27),(20,29),(19,31),(17,32),(16,34),
(18,33),(17,35),(16,37),(15,39),(14,41),(13,43),(12,45),(11,47),(10,49),(12,48),(13,46),(14,44),(15,42),(16,40),(17,38),(18,36),(19,34),
(20,32),(21,30),(22,28),(23,26),(24,24),(26,23),(28,22),(30,21),(32,20),(34,19),(36,18),(38,17),(40,16),(42,15),(44,14),(46,13),(48,12),
(50,11),(52,10),(54,9),(56,8),(58,9),(59,7),(61,6),(63,5),(65,6),(67,5),(69,4),(71,3),(73,2),(75,1),(77,0),(78,2),(76,3),(74,4),(75,2),
(76,0),(74,1),(72,2),(70,3),(68,4),(66,5),(64,6),(62,7),(60,8),(62,9),(63,7),(61,8),(60,10),(59,8),(61,7),(63,6),(65,5),(67,4),(69,3),(68,5),
(67,7),(69,6),(71,5),(73,4),(75,3),(77,2),(79,1),(81,0),(82,2),(80,3),(78,4),(79,2),(80,0),(78,1),(76,2),(74,3),(72,4),(70,5),(68,6),(66,7),
(64,8),(66,9),(65,7),(67,6),(69,5),(71,4),(73,3),(72,5),(70,6),(68,7),(66,8),(64,7),(62,8),(60,7),(58,8),(56,7),(54,8),(56,9),(54,10),(52,9),
(50,10),(48,11),(46,12),(44,13),(42,14),(40,15),(38,16),(36,17),(34,18),(32,19),(30,20),(28,21),(26,22),(24,23),(23,25),(22,27),(21,29),
(23,28),(24,26),(25,24),(27,23),(29,22),(31,21),(33,20),(35,19),(37,18),(39,17),(41,16),(43,15),(45,14),(47,13),(49,12),(51,11),(53,10),
(55,9),(57,8),(59,9),(57,10),(55,11),(53,12),(51,13),(52,11),(50,12),(49,14),(47,15),(48,13),(49,11),(47,12),(45,13),(43,14),(41,15),(39,16),
(37,17),(35,18),(33,19),(32,21),(30,22),(28,23),(26,24),(24,25),(23,27),(22,29),(21,31),(19,32),(18,34),(17,36),(16,38),(15,40),(14,42),
(13,44),(12,46),(11,48),(13,47),(12,49),(11,51),(10,53),(11,55),(12,57),(13,59),(14,61),(15,63),(16,65),(14,64),(15,66),(17,67),(18,69),
(19,71),(21,72),(19,73),(18,71),(17,69),(16,67),(15,65),(14,63),(13,61),(12,59),(11,57),(10,55),(9,53),(10,51),(11,53),(12,55),(13,57),
(14,59),(12,58),(13,60),(14,62),(15,64),(16,66),(18,67),(19,69),(20,71),(21,73),(22,75),(24,76),(25,78),(27,79),(29,80),(31,79),(29,78),
(27,77),(25,76),(23,75),(21,74),(20,72),(19,70),(18,68),(17,66),(16,64),(15,62),(14,60),(13,58),(14,56),(13,54),(12,52),(11,54),(10,52),
(12,53),(13,55),(14,57),(15,59),(16,61),(17,63),(18,65),(19,67),(20,69),(21,71),(22,73),(24,74),(23,72),(22,74),(24,75),(25,77),(27,78),
(29,79),(31,80),(33,81),(34,83),(36,84),(38,85),(40,86),(42,87),(44,88),(46,89),(48,90),(50,91),(52,92),(54,93),(56,94),(58,95),(60,96),
(62,97),(64,98),(66,99),(65,97),(63,96),(61,95),(59,94),(57,93),(55,92),(53,91),(51,90),(49,89),(47,88),(45,87),(43,86),(41,85),(39,84),
(37,83),(35,82),(34,80),(33,82),(35,83),(37,84),(39,85),(41,86),(43,87),(45,88),(47,89),(49,90),(51,91),(53,92),(55,93),(57,94),(59,95),
(61,96),(63,97),(65,98),(67,99),(68,97),(66,96),(64,95),(62,94),(60,93),(58,92),(56,91),(54,90),(52,89),(50,88),(48,87),(46,86),(44,85),
(42,84),(40,83),(38,82),(36,81),(35,79),(34,81),(32,80),(30,79),(28,78),(26,77),(25,75),(23,74),(22,72),(21,70),(20,68),(19,66),(17,65),
(16,63),(15,61),(17,62),(18,64),(20,65),(18,66),(19,68),(20,70),(22,71),(23,73),(25,74),(26,76),(28,77),(30,78),(32,79),(31,77),(33,78),
(32,76),(31,78),(29,77),(27,76),(26,74),(24,73),(23,71),(22,69),(21,67),(23,68),(21,69),(20,67),(19,65),(17,64),(16,62),(15,60),(14,58),
(13,56),(12,54),(11,52),(12,50),(13,52),(14,54),(15,56),(16,58),(17,60),(18,62),(19,64),(20,66),(21,68),(22,70),(24,71),(25,73),(26,75),
(28,76),(30,77),(32,78),(34,79),(35,81),(37,82),(39,83),(41,84),(43,85),(45,86),(47,87),(49,88),(51,89),(53,90),(55,91),(57,92),(59,93),
(61,94),(63,95),(65,96),(67,97),(69,98),(71,99),(72,97),(70,96),(68,95),(69,97),(70,99),(68,98),(66,97),(64,96),(62,95),(60,94),(58,93),
(56,92),(54,91),(52,90),(50,89),(48,88),(46,87),(44,86),(42,85),(40,84),(38,83),(36,82),(37,80),(39,81),(41,82),(43,83),(45,84),(47,85),
(49,86),(51,87),(53,88),(55,89),(57,90),(59,91),(61,92),(63,93),(65,94),(67,95),(69,96),(71,97),(73,98),(75,99),(76,97),(74,96),(72,95),
(73,97),(74,99),(72,98),(70,97),(68,96),(66,95),(64,94),(62,93),(60,92),(58,91),(56,90),(54,89),(52,88),(50,87),(48,86),(46,85),(44,84),
(42,83),(40,82),(38,81),(36,80),(35,78),(33,79),(35,80),(37,81),(39,82),(41,83),(43,84),(45,85),(47,86),(49,87),(51,88),(53,89),(55,90),
(57,91),(59,92),(61,93),(63,94),(65,95),(67,96),(66,94),(64,93),(62,92),(60,91),(58,90),(56,89),(54,88),(52,87),(50,86),(48,85),(46,84),
(44,83),(42,82),(40,81),(38,80),(36,79),(34,78),(32,77),(30,76),(28,75),(27,73),(25,72),(24,70),(26,71),(24,72),(23,70),(22,68),(21,66),
(20,64),(18,63),(17,61),(16,59),(15,57),(14,55),(13,53),(12,51),(11,49),(12,47),(13,45),(14,43),(15,41),(16,39),(17,37),(18,35),(19,33),
(21,32),(22,30),(24,29),(25,27),(26,25),(28,24),(30,23),(32,22),(34,21),(36,20),(38,19),(40,18),(42,17),(44,16),(46,15),(48,14),(50,13),
(52,12),(54,11),(56,10),(58,11),(57,9),(55,10),(53,11),(51,12),(49,13),(47,14),(45,15),(43,16),(41,17),(39,18),(37,19),(35,20),(33,21),
(31,22),(29,23),(27,24),(25,25),(24,27),(23,29),(22,31),(21,33),(20,35),(19,37),(18,39),(17,41),(16,43),(15,45),(14,47),(13,49),(14,51),
(15,53),(16,55),(17,57),(15,58),(16,60),(18,59),(19,61),(20,63),(21,65),(22,67),(23,69),(25,70),(26,72),(27,74),(29,75),(31,76),(33,77),
(32,75),(34,76),(36,77),(37,79),(39,80),(41,81),(43,82),(45,83),(47,84),(49,85),(51,86),(53,87),(55,88),(57,89),(59,90),(61,91),(63,92),
(65,93),(67,94),(69,95),(71,96),(70,94),(68,93),(66,92),(64,91),(62,90),(60,89),(58,88),(56,87),(54,86),(52,85),(50,84),(48,83),(46,82),
(44,81),(42,80),(40,79),(38,78),(37,76),(36,78),(34,77),(33,75),(31,74),(29,73),(30,75),(28,74),(29,76),(27,75),(26,73),(25,71),(27,72),
(26,70),(24,69),(23,67),(22,65),(21,63),(19,62),(18,60),(17,58),(16,56),(15,54),(14,52),(13,50),(14,48),(15,46),(16,44),(14,45),(15,43),
(16,41),(17,39),(18,37),(19,35),(20,33),(22,32),(23,30),(24,28),(25,26),(27,25),(29,24),(31,23),(33,22),(34,20),(36,19),(38,18),(40,17),
(42,16),(44,15),(46,14),(45,16),(43,17),(41,18),(39,19),(37,20),(35,21),(34,23),(32,24),(30,25),(28,26),(26,27),(25,29),(24,31),(23,33),
(21,34),(20,36),(19,38),(18,40),(17,42),(18,44),(16,45),(14,46),(13,48),(14,50),(15,48),(16,46),(15,44),(16,42),(17,40),(18,38),(19,36),
(20,34),(22,35),(21,37),(20,39),(19,41),(18,43),(17,45),(16,47),(15,49),(16,51),(17,53),(15,52),(13,51),(14,53),(15,55),(16,57),(17,59),
(18,61),(19,63),(20,61),(19,59),(18,57),(17,55),(16,53),(15,51),(14,49),(15,47),(16,49),(17,47),(18,45),(17,43),(18,41),(19,39),(20,37),
(21,35),(22,33),(23,31),(25,30),(26,28),(27,26),(29,25),(31,24),(33,23),(35,22),(37,21),(39,20),(41,19),(43,18),(45,17),(47,16),(49,15),
(51,14),(53,13),(55,12),(57,11),(59,10),(61,9),(63,8),(65,9),(67,8),(69,7),(71,6),(73,5),(75,4),(77,3),(76,5),(74,6),(72,7),(70,8),(68,9),
(66,10),(65,8),(63,9),(61,10),(59,11),(60,9),(58,10),(56,11),(54,12),(52,13),(50,14),(48,15),(46,16),(44,17),(42,18),(40,19),(38,20),(36,21),
(34,22),(32,23),(30,24),(28,25),(26,26),(25,28),(24,30),(23,32),(22,34),(21,36),(20,38),(19,40),(18,42),(17,44),(19,43),(20,41),(21,39),
(22,37),(23,35),(24,33),(25,31),(26,29),(27,27),(29,26),(31,25),(33,24),(35,23),(37,22),(39,21),(41,20),(43,19),(45,18),(47,17),(49,16),
(51,15),(53,14),(55,13),(57,12),(59,13),(60,11),(62,10),(64,9),(63,11),(61,12),(63,13),(64,11),(62,12),(63,10),(61,11),(59,12),(57,13),
(55,14),(56,12),(54,13),(52,14),(50,15),(48,16),(46,17),(44,18),(42,19),(40,20),(38,21),(36,22),(35,24),(33,25),(31,26),(29,27),(27,28),
(26,30),(25,32),(24,34),(23,36),(22,38),(21,40),(20,42),(19,44),(18,46),(17,48),(16,50),(17,52),(16,54),(17,56),(18,58),(19,60),(20,62),
(21,64),(22,66),(24,67),(25,69),(27,70),(28,72),(29,74),(31,75),(33,76),(35,77),(37,78),(39,79),(41,80),(43,81),(45,82),(47,83),(49,84),
(51,85),(53,86),(55,87),(57,88),(59,89),(61,90),(63,91),(65,92),(67,93),(69,94),(71,95),(73,96),(75,97),(77,98),(79,99),(80,97),(78,96),
(76,95),(77,97),(78,99),(76,98),(74,97),(72,96),(70,95),(68,94),(66,93),(64,92),(62,91),(60,90),(58,89),(56,88),(54,87),(52,86),(50,85),
(48,84),(46,83),(44,82),(42,81),(40,80),(38,79),(39,77),(41,78),(43,79),(45,80),(47,81),(49,82),(51,83),(53,84),(55,85),(57,86),(59,87),
(61,88),(63,89),(65,90),(67,91),(69,92),(71,93),(73,94),(75,95),(77,96),(79,97),(81,98),(83,99),(84,97),(82,96),(80,95),(81,97),(82,99),
(80,98),(78,97),(76,96),(74,95),(72,94),(70,93),(68,92),(66,91),(64,90),(62,89),(60,88),(58,87),(56,86),(54,85),(52,84),(50,83),(48,82),
(46,81),(44,80),(42,79),(40,78),(38,77),(36,76),(34,75),(32,74),(30,73),(29,71),(28,73),(30,74),(31,72),(33,73),(35,74),(37,75),(35,76),
(37,77),(39,78),(41,79),(43,80),(45,81),(47,82),(49,83),(51,84),(53,85),(55,86),(57,87),(59,88),(61,89),(63,90),(65,91),(67,92),(69,93),
(71,94),(73,95),(75,96),(74,94),(72,93),(70,92),(68,91),(66,90),(64,89),(62,88),(60,87),(58,86),(56,85),(54,84),(52,83),(50,82),(48,81),
(46,80),(44,79),(42,78),(40,77),(38,76),(36,75),(34,74),(32,73),(30,72),(28,71),(27,69),(25,68),(24,66),(23,64),(22,62),(21,60),(20,58),
(19,56),(18,54),(19,52),(18,50),(19,48),(17,49),(15,50),(17,51),(18,53),(16,52),(17,54),(18,56),(19,58),(20,60),(21,62),(22,64),(23,66),
(24,68),(26,67),(25,65),(24,63),(23,65),(22,63),(21,61),(20,59),(19,57),(18,55),(20,54),(21,56),(19,55),(20,57),(21,59),(22,61),(23,63),
(24,65),(25,67),(26,69),(27,71),(29,72),(31,73),(33,74),(35,75),(34,73),(32,72),(30,71),(28,70),(27,68),(26,66),(25,64),(24,62),(23,60),
(22,58),(23,56),(21,57),(20,55),(19,53),(18,51),(20,50),(18,49),(16,48),(17,46),(19,47),(20,45),(21,43),(19,42),(20,40),(21,38),(22,36),
(23,34),(24,32),(26,31),(27,29),(28,27),(30,26),(32,25),(34,24),(36,23),(38,22),(40,21),(42,20),(44,19),(46,18),(48,17),(50,16),(52,15),
(54,14),(56,13),(58,12),(60,13),(58,14),(56,15),(54,16),(52,17),(53,15),(51,16),(49,17),(47,18),(45,19),(43,20),(41,21),(39,22),(37,23),
(36,25),(34,26),(32,27),(30,28),(28,29),(27,31),(26,33),(25,35),(24,37),(23,39),(22,41),(23,43),(21,42),(20,44),(19,46),(18,48),(17,50),
(18,52),(19,54),(20,56),(21,58),(22,60),(23,62),(24,64),(25,66),(26,68),(28,69),(27,67),(26,65),(25,63),(24,61),(23,59),(22,57),(21,55),
(20,53),(19,51),(20,49),(21,47),(22,45),(20,46),(18,47),(19,45),(21,44),(22,42),(20,43),(21,41),(22,39),(23,37),(24,35),(25,33),(27,32),
(28,30),(29,28),(31,27),(33,26),(35,25),(37,24),(39,23),(41,22),(43,21),(45,20),(47,19),(49,18),(51,17),(53,16),(55,15),(57,14),(59,15),
(58,13),(60,12),(62,11),(64,10),(65,12),(67,11),(65,10),(67,9),(69,8),(71,7),(73,6),(75,5),(77,4),(79,3),(81,2),(83,1),(85,0),(86,2),(84,3),
(82,4),(83,2),(84,0),(82,1),(80,2),(78,3),(76,4),(74,5),(72,6),(70,7),(68,8),(69,10),(71,9),(73,8),(75,7),(77,6),(79,5),(81,4),(83,3),(85,2),
(87,1),(89,0),(90,2),(88,3),(86,4),(87,2),(88,0),(86,1),(84,2),(82,3),(80,4),(78,5),(76,6),(74,7),(72,8),(70,9),(68,10),(66,11),(64,12),
(62,13),(60,14),(58,15),(56,14),(54,15),(56,16),(54,17),(52,16),(50,17),(52,18),(50,19),(48,18),(46,19),(44,20),(42,21),(40,22),(38,23),
(36,24),(34,25),(32,26),(30,27),(28,28),(27,30),(26,32),(25,34),(24,36),(23,38),(22,40),(24,41),(25,39),(23,40),(24,38),(25,36),(26,34),
(28,33),(29,31),(30,29),(32,28),(34,27),(36,26),(38,25),(40,24),(42,23),(44,22),(46,21),(48,20),(50,21),(49,19),(51,18),(53,17),(55,16),
(57,15),(59,14),(61,13),(63,12),(65,11),(67,10),(69,9),(71,8),(73,7),(75,6),(77,5),(79,4),(81,3),(80,5),(78,6),(76,7),(74,8),(72,9),(70,10),
(68,11),(66,12),(64,13),(62,14),(60,15),(58,16),(56,17),(54,18),(52,19),(50,18),(48,19),(46,20),(44,21),(42,22),(40,23),(38,24),(37,26),
(35,27),(33,28),(31,29),(29,30),(28,32),(27,34),(26,36),(25,38),(24,40),(23,42),(22,44),(21,46),(20,48),(19,50),(20,52),(21,54),(22,56),
(23,58),(24,60),(22,59),(23,61),(25,62),(26,64),(27,66),(28,68),(29,70),(31,71),(33,72),(35,73),(37,74),(39,75),(41,76),(43,77),(45,78),
(47,79),(49,80),(51,81),(53,82),(55,83),(57,84),(59,85),(61,86),(63,87),(65,88),(67,89),(69,90),(71,91),(73,92),(75,93),(77,94),(79,95),
(81,96),(83,97),(85,98),(87,99),(88,97),(86,96),(84,95),(85,97),(86,99),(84,98),(82,97),(80,96),(78,95),(76,94),(74,93),(72,92),(70,91),
(68,90),(66,89),(64,88),(62,87),(60,86),(58,85),(56,84),(54,83),(52,82),(50,81),(48,80),(46,79),(44,78),(42,77),(40,76),(38,75),(36,74),
(35,72),(33,71),(31,70),(29,69),(28,67),(27,65),(26,63),(25,61),(24,59),(23,57),(22,55),(21,53),(20,51),(19,49),(20,47),(21,45),(22,43),
(23,41),(24,39),(25,37),(26,35),(27,33),(28,31),(29,29),(31,28),(33,27),(35,26),(37,25),(39,24),(41,23),(43,22),(45,21),(47,20),(49,21),
(51,20),(53,19),(55,18),(57,17),(59,16),(61,15),(63,14),(65,13),(67,12),(69,11),(71,10),(73,9),(75,8),(77,7),(79,6),(81,5),(83,4),(85,3),
(84,5),(82,6),(80,7),(78,8),(76,9),(74,10),(72,11),(70,12),(68,13),(66,14),(64,15),(62,16),(61,14),(63,15),(65,14),(67,13),(69,12),(71,11),
(73,10),(75,9),(77,8),(79,7),(81,6),(83,5),(85,4),(87,3),(89,2),(91,1),(93,0),(95,1),(96,3),(94,2),(92,3),(94,4),(93,2),(92,0),(94,1),(95,3),
(96,5),(97,7),(99,8),(98,10),(99,12),(97,11),(96,9),(95,7),(97,6),(96,4),(94,3),(92,2),(90,1),(91,3),(93,4),(95,5),(96,7),(97,5),(98,7),
(99,9),(97,8),(96,6),(95,4),(93,3),(91,2),(89,3),(91,4),(93,5),(95,6),(96,8),(97,10),(95,9),(94,7),(92,6),(94,5),(92,4),(90,3),(88,2),(89,4),
(91,5),(93,6),(94,8),(95,10),(97,9),(98,11),(99,13),(97,14),(96,12),(94,11),(96,10),(95,8),(94,6),(92,5),(90,4),(88,5),(90,6),(92,7),(93,9),
(91,8),(93,7),(94,9),(95,11),(97,12),(98,14),(99,16),(97,15),(96,13),(94,12),(96,11),(97,13),(98,15),(99,17),(97,18),(96,16),(95,14),(93,13),
(95,12),(94,10),(93,8),(92,10),(93,12),(95,13),(96,15),(97,17),(98,19),(99,21),(97,22),(96,20),(95,18),(97,19),(99,20),(98,18),(97,16),
(96,14),(94,15),(95,17),(96,19),(97,21),(98,23),(99,25),(97,26),(96,24),(95,22),(97,23),(99,24),(98,22),(97,20),(96,18),(95,16),(94,14),
(92,13),(93,11),(92,9),(91,7),(90,5),(88,4),(86,3),(87,5),(89,6),(90,8),(91,6),(89,5),(87,4),(85,5),(87,6),(89,7),(90,9),(92,8),(93,10),
(91,11),(89,10),(91,9),(90,7),(88,8),(86,7),(88,6),(86,5),(84,4),(85,6),(87,7),(89,8),(90,10),(92,11),(90,12),(91,10),(92,12),(94,13),(95,15),
(96,17),(94,16),(93,14),(91,13),(90,11),(89,9),(88,7),(86,6),(87,8),(85,7),(83,6),(84,8),(86,9),(88,10),(89,12),(87,11),(88,9),(86,8),
(84,7),(82,8),(84,9),(83,7),(82,5),(84,6),(85,8),(87,9),(88,11),(86,10),(87,12),(89,11),(91,12),(92,14),(93,16),(94,18),(95,20),(96,22),
(97,24),(98,26),(99,28),(97,27),(96,25),(95,23),(96,21),(95,19),(94,17),(93,15),(91,14),(89,13),(90,15),(92,16),(93,18),(94,20),(92,19),
(93,17),(92,15),(91,17),(89,16),(90,14),(91,16),(92,18),(94,19),(95,21),(96,23),(97,25),(98,27),(99,29),(97,30),(96,28),(95,26),(94,24),
(93,22),(92,20),(94,21),(93,19),(92,17),(91,15),(90,13),(88,14),(86,13),(88,12),(87,10),(85,11),(83,10),(85,9),(83,8),(81,7),(80,9),(82,10),
(81,8),(80,6),(82,7),(83,9),(85,10),(86,12),(88,13),(89,15),(90,17),(91,19),(93,20),(94,22),(95,24),(96,26),(97,28),(98,30),(99,32),(97,31),
(96,29),(95,27),(94,25),(93,23),(92,21),(90,20),(91,18),(90,16),(89,14),(87,15),(88,17),(90,18),(91,20),(93,21),(94,23),(95,25),(96,27),
(97,29),(98,31),(99,33),(97,34),(96,32),(95,30),(94,28),(93,26),(92,24),(91,22),(89,21),(90,19),(89,17),(88,15),(87,13),(86,11),(84,10),
(82,9),(80,8),(78,7),(79,9),(81,10),(83,11),(85,12),(86,14),(87,16),(88,18),(89,20),(91,21),(92,23),(93,25),(94,27),(95,29),(96,31),(97,33),
(98,35),(99,37),(97,38),(96,36),(95,34),(97,35),(99,36),(98,34),(97,32),(96,30),(95,28),(94,26),(93,24),(92,22),(90,23),(91,25),(92,27),
(93,29),(94,31),(95,33),(96,35),(97,37),(98,39),(99,41),(97,42),(96,40),(95,38),(97,39),(99,40),(98,38),(97,36),(96,34),(95,32),(94,30),
(93,28),(92,26),(91,24),(90,22),(88,21),(89,19),(90,21),(91,23),(92,25),(93,27),(94,29),(95,31),(96,33),(94,32),(93,30),(92,28),(91,26),
(90,24),(89,22),(88,20),(89,18),(88,16),(87,14),(85,13),(84,11),(82,12),(84,13),(85,15),(86,17),(87,19),(86,21),(88,22),(87,20),(86,18),
(88,19),(87,17),(86,15),(84,14),(83,12),(81,11),(79,10),(81,9),(79,8),(77,9),(75,10),(76,8),(78,9),(80,10),(82,11),(84,12),(85,14),(83,13),
(81,12),(79,11),(77,10),(75,11),(74,9),(76,10),(78,11),(80,12),(82,13),(83,15),(85,16),(84,18),(86,19),(87,21),(88,23),(89,25),(90,27),
(91,29),(92,31),(93,33),(94,35),(95,37),(96,39),(97,41),(98,43),(99,45),(97,46),(96,44),(95,42),(97,43),(99,44),(98,42),(97,40),(96,38),
(95,36),(94,34),(93,32),(92,30),(91,28),(90,26),(89,24),(87,23),(88,25),(89,23),(90,25),(91,27),(92,29),(93,31),(94,33),(95,35),(96,37),
(94,36),(93,34),(92,32),(91,30),(90,28),(89,26),(88,24),(87,22),(86,20),(87,18),(86,16),(84,15),(85,17),(83,16),(82,14),(80,13),(78,12),
(80,11),(78,10),(76,11),(74,12),(76,13),(77,11),(79,12),(81,13),(83,14),(84,16),(85,18),(83,17),(82,15),(80,14),(78,13),(76,12),(74,11),
(72,10),(73,12),(75,13),(77,12),(79,13),(81,14),(82,16),(84,17),(85,19),(83,18),(84,20),(85,22),(86,24),(87,26),(89,27),(90,29),(91,31),
(92,33),(93,35),(94,37),(95,39),(96,41),(94,40),(93,38),(92,36),(91,34),(90,32),(89,30),(88,28),(86,27),(88,26),(87,24),(86,22),(85,20),
(83,19),(82,17),(81,15),(79,14),(77,13),(75,12),(73,11),(71,12),(73,13),(75,14),(77,15),(79,16),(78,14),(80,15),(81,17),(82,19),(83,21),
(84,19),(85,21),(86,23),(87,25),(88,27),(89,29),(90,31),(91,33),(92,35),(93,37),(94,39),(95,41),(96,43),(97,45),(98,47),(99,49),(97,50),
(96,48),(95,46),(97,47),(99,48),(98,46),(97,44),(96,42),(95,40),(94,38),(93,36),(92,34),(91,32),(90,30),(89,28),(87,29),(88,31),(89,33),
(90,35),(91,37),(92,39),(93,41),(94,43),(95,45),(96,47),(97,49),(98,51),(99,53),(97,54),(96,52),(95,50),(97,51),(99,52),(98,50),(97,48),
(96,46),(95,44),(94,42),(93,40),(92,38),(91,36),(90,34),(89,32),(88,30),(87,28),(86,26),(85,24),(84,22),(83,20),(82,18),(81,16),(79,15),
(77,14),(78,16),(80,17),(81,19),(82,21),(83,23),(84,21),(85,23),(86,25),(87,27),(88,29),(89,31),(90,33),(91,35),(92,37),(93,39),(94,41),
(95,43),(96,45),(94,44),(93,42),(92,40),(91,38),(90,36),(89,34),(88,32),(87,30),(86,28),(85,26),(84,24),(83,22),(82,20),(81,18),(80,16),
(78,15),(76,14),(74,13),(72,12),(70,11),(71,13),(73,14),(75,15),(77,16),(79,17),(80,19),(78,18),(76,17),(74,16),(76,15),(74,14),(72,13),
(70,14),(72,15),(73,17),(74,15),(76,16),(78,17),(80,18),(81,20),(79,19),(77,18),(75,17),(73,16),(72,14),(70,13),(68,12),(69,14),(71,15),
(72,17),(73,15),(75,16),(77,17),(79,18),(80,20),(78,19),(76,18),(74,17),(72,16),(71,14),(69,13),(70,15),(68,14),(66,13),(67,15),(69,16),
(71,17),(73,18),(75,19),(77,20),(79,21),(81,22),(82,24),(84,23),(85,25),(83,24),(82,22),(80,21),(81,23),(82,25),(84,26),(85,28),(86,30),
(87,32),(88,34),(89,36),(90,38),(91,40),(92,42),(93,44),(94,46),(95,48),(96,50),(97,52),(98,54),(99,56),(97,55),(96,53),(95,51),(96,49),
(95,47),(94,45),(93,43),(92,41),(91,39),(90,37),(89,35),(88,33),(87,31),(86,29),(85,27),(84,25),(83,27),(84,29),(85,31),(86,33),(87,35),
(88,37),(89,39),(90,41),(91,43),(92,45),(93,47),(94,49),(93,51),(95,52),(97,53),(98,55),(99,57),(97,58),(96,56),(95,54),(94,52),(96,51),
(95,49),(94,47),(93,45),(92,43),(91,41),(90,39),(89,37),(88,35),(87,33),(86,31),(85,29),(84,27),(83,25),(82,23),(81,21),(79,20),(77,19),
(75,18),(76,20),(78,21),(80,22),(81,24),(82,26),(83,28),(84,30),(85,32),(86,34),(87,36),(88,38),(89,40),(90,42),(91,44),(92,46),(93,48),
(94,50),(92,49),(94,48),(93,46),(92,44),(91,42),(90,40),(89,38),(88,36),(87,34),(86,32),(85,30),(84,28),(83,26),(81,25),(80,23),(78,22),
(79,24),(80,26),(82,27),(83,29),(84,31),(85,33),(86,35),(87,37),(88,39),(89,41),(90,43),(91,45),(92,47),(93,49),(94,51),(95,53),(96,55),
(97,57),(98,59),(99,61),(97,62),(96,60),(95,58),(97,59),(99,60),(98,58),(97,56),(96,54),(94,53),(95,55),(96,57),(94,56),(93,54),(92,52),
(93,50),(92,48),(91,46),(90,44),(89,42),(88,40),(87,38),(86,36),(85,34),(84,32),(83,30),(82,28),(81,26),(80,24),(79,22),(78,20),(76,19),
(74,18),(75,20),(77,21),(78,23),(79,25),(80,27),(81,29),(82,31),(83,33),(84,35),(85,37),(86,39),(87,41),(88,43),(89,45),(90,47),(91,49),
(92,51),(93,53),(94,55),(95,57),(96,59),(97,61),(98,63),(99,65),(97,66),(96,64),(95,62),(97,63),(99,64),(98,62),(97,60),(96,58),(95,56),
(94,54),(93,52),(92,50),(91,48),(90,46),(89,44),(88,42),(87,40),(86,38),(85,36),(84,34),(83,32),(82,30),(81,28),(79,27),(80,25),(79,23),
(77,22),(78,24),(79,26),(81,27),(82,29),(83,31),(84,33),(85,35),(86,37),(87,39),(88,41),(89,43),(90,45),(91,47),(90,49),(91,51),(92,53),
(93,55),(94,57),(95,59),(96,61),(94,60),(93,58),(92,56),(91,54),(90,52),(91,50),(90,48),(89,46),(88,44),(87,42),(86,40),(85,38),(84,36),
(83,34),(82,32),(81,30),(80,28),(78,27),(77,25),(76,23),(75,21),(74,19),(72,18),(71,16),(69,15),(67,14),(65,15),(67,16),(69,17),(68,15),
(70,16),(71,18),(73,19),(74,21),(76,22),(77,24),(78,26),(79,28),(80,30),(81,32),(82,34),(83,36),(84,38),(85,40),(86,42),(87,44),(88,46),
(89,48),(90,50),(91,52),(92,54),(93,56),(94,58),(95,60),(96,62),(97,64),(98,66),(99,68),(97,67),(96,65),(95,63),(94,61),(93,59),(92,57),
(91,55),(90,53),(89,51),(88,49),(89,47),(88,45),(87,43),(86,41),(85,39),(84,37),(83,35),(82,33),(81,31),(80,29),(78,28),(77,26),(76,24),
(78,25),(77,23),(76,21),(74,20),(75,22),(73,21),(72,19),(70,18),(68,17),(66,16),(64,17),(66,18),(65,16),(64,14),(66,15),(68,16),(70,17),
(71,19),(73,20),(74,22),(72,21),(70,20),(69,18),(67,17),(68,19),(69,21),(71,20),(69,19),(67,18),(65,17),(63,16),(61,17),(62,15),(64,16),
(66,17),(68,18),(70,19),(72,20),(71,22),(73,23),(75,24),(76,26),(77,28),(79,29),(80,31),(81,33),(82,35),(83,37),(84,39),(85,41),(86,43),
(87,45),(88,47),(89,49),(90,51),(91,53),(92,55),(93,57),(94,59),(95,61),(96,63),(97,65),(98,67),(99,69),(97,70),(96,68),(95,66),(94,64),
(93,62),(92,60),(91,58),(90,56),(89,54),(88,52),(89,50),(88,48),(87,46),(86,44),(85,42),(84,40),(83,38),(82,36),(81,34),(80,32),(79,30),
(77,29),(76,27),(75,25),(74,23),(72,22),(70,21),(68,20),(66,19),(64,18),(62,17),(60,16),(58,17),(60,18),(61,16),(63,17),(65,18),(67,19),
(69,20),(71,21),(73,22),(75,23),(76,25),(77,27),(78,29),(79,31),(80,33),(81,35),(82,37),(83,39),(84,41),(85,43),(86,45),(87,47),(85,46),
(86,48),(87,50),(86,52),(88,51),(89,53),(90,55),(91,57),(92,59),(93,61),(94,63),(95,65),(96,67),(97,69),(98,71),(99,73),(97,74),(96,72),
(95,70),(97,71),(99,72),(98,70),(97,68),(96,66),(95,64),(94,62),(93,60),(92,58),(91,56),(90,54),(89,52),(88,50),(87,48),(86,46),(85,44),
(84,42),(83,40),(82,38),(81,36),(80,34),(79,32),(78,30),(76,29),(75,27),(74,25),(72,24),(70,23),(68,22),(67,20),(65,19),(63,18),(64,20),
(62,19),(63,21),(64,19),(62,18),(60,17),(58,18),(57,16),(59,17),(61,18),(63,19),(65,20),(67,21),(69,22),(71,23),(73,24),(74,26),(75,28),
(76,30),(78,31),(79,33),(80,35),(81,37),(82,39),(83,41),(84,43),(85,45),(86,47),(87,49),(86,51),(87,53),(88,55),(89,57),(90,59),(91,61),
(92,63),(93,65),(94,67),(95,69),(96,71),(97,73),(98,75),(99,77),(97,78),(96,76),(95,74),(97,75),(99,76),(98,74),(97,72),(96,70),(95,68),
(94,66),(93,64),(92,62),(91,60),(90,58),(89,56),(88,54),(87,52),(86,50),(85,48),(84,46),(83,44),(82,42),(81,40),(80,38),(79,36),(78,34),
(77,32),(75,31),(77,30),(76,28),(75,26),(74,24),(72,23),(70,22),(68,21),(66,20),(65,22),(67,23),(66,21),(64,22),(63,20),(61,19),(59,18),
(57,19),(59,20),(61,21),(60,19),(62,20),(64,21),(66,22),(68,23),(70,24),(72,25),(73,27),(74,29),(72,28),(73,26),(71,25),(69,24),(70,26),
(71,24),(73,25),(74,27),(75,29),(76,31),(78,32),(79,34),(80,36),(81,38),(82,40),(83,42),(84,44),(82,43),(83,45),(84,47),(85,49),(84,51),
(85,53),(87,54),(89,55),(88,53),(87,51),(86,49),(85,47),(84,45),(83,43),(82,41),(81,39),(80,37),(79,35),(78,33),(77,31),(76,33),(77,35),
(78,37),(79,39),(80,41),(81,43),(82,45),(83,47),(84,49),(85,51),(86,53),(87,55),(88,57),(89,59),(90,57),(91,59),(92,61),(93,63),(94,65),
(95,67),(96,69),(94,68),(93,66),(92,64),(91,62),(90,60),(89,58),(88,56),(86,55),(87,57),(88,59),(89,61),(90,63),(91,65),(92,67),(93,69),
(94,71),(95,73),(96,75),(97,77),(98,79),(99,81),(97,82),(96,80),(95,78),(97,79),(99,80),(98,78),(97,76),(96,74),(95,72),(94,70),(93,68),
(92,66),(91,64),(90,62),(89,60),(88,58),(87,56),(86,54),(85,52),(84,50),(83,48),(82,46),(81,44),(80,42),(79,40),(81,41),(80,39),(79,37),
(78,35),(77,33),(75,32),(74,30),(73,28),(72,26),(70,25),(69,23),(67,22),(65,21),(66,23),(68,24),(69,26),(71,27),(72,29),(74,28),(72,27),
(73,29),(75,30),(76,32),(77,34),(78,36),(79,38),(80,40),(81,42),(82,44),(83,46),(84,48),(85,50),(83,49),(82,47),(81,45),(80,43),(79,41),
(78,39),(77,37),(76,35),(75,33),(74,31),(72,30),(71,28),(69,27),(71,26),(69,25),(67,24),(65,23),(63,22),(64,24),(66,25),(68,26),(70,27),
(71,29),(73,30),(74,32),(75,34),(76,36),(77,38),(78,40),(79,42),(80,44),(81,46),(82,48),(83,50),(84,52),(85,54),(86,56),(87,58),(88,60),
(90,61),(91,63),(92,65),(93,67),(94,69),(95,71),(96,73),(94,72),(93,70),(92,68),(91,66),(90,64),(89,62),(87,61),(88,63),(89,65),(90,67),
(91,69),(92,71),(93,73),(94,75),(95,77),(96,79),(97,81),(98,83),(99,85),(97,86),(96,84),(95,82),(97,83),(99,84),(98,82),(97,80),(96,78),
(95,76),(94,74),(93,72),(92,70),(91,68),(90,66),(89,64),(88,62),(87,60),(86,58),(85,56),(84,54),(83,52),(82,50),(81,48),(80,46),(79,44),
(78,42),(77,40),(78,38),(77,36),(76,34),(74,33),(73,31),(71,30),(70,28),(68,27),(67,25),(65,24),(63,23),(62,21),(60,20),(58,19),(56,18),
(55,20),(57,21),(56,19),(55,17),(57,18),(59,19),(61,20),(62,22),(60,21),(58,20),(59,22),(61,23),(63,24),(65,25),(64,23),(66,24),(68,25),
(66,26),(64,25),(62,24),(61,22),(59,21),(57,20),(55,19),(53,18),(51,19),(53,20),(55,21),(54,19),(52,20),(54,21),(56,20),(58,21),(60,22),
(62,23),(63,25),(65,26),(67,27),(69,28),(70,30),(72,31),(73,33),(74,35),(75,37),(76,39),(77,41),(78,43),(79,45),(80,47),(81,49),(82,51),
(83,53),(84,55),(85,57),(86,59),(85,61),(87,62),(89,63),(90,65),(91,67),(92,69),(93,71),(94,73),(95,75),(96,77),(94,76),(93,74),(92,72),
(91,70),(90,68),(89,66),(88,64),(86,63),(87,65),(88,67),(89,69),(90,71),(91,73),(92,75),(93,77),(94,79),(95,81),(96,83),(97,85),(98,87),
(99,89),(97,90),(96,88),(95,86),(97,87),(99,88),(98,86),(97,84),(96,82),(95,80),(94,78),(93,76),(92,74),(91,72),(90,70),(89,68),(88,66),
(87,64),(86,62),(88,61),(87,59),(86,57),(85,55),(84,53),(83,51),(82,49),(81,47),(80,45),(79,43),(78,41),(77,39),(76,37),(75,35),(73,34),
(72,32),(70,31),(69,29),(67,28),(65,27),(67,26),(68,28),(70,29),(68,30),(66,29),(64,28),(66,27),(64,26),(62,25),(60,24),(58,23),(56,22),
(54,23),(53,21),(55,22),(54,20),(56,21),(58,22),(60,23),(61,25),(63,26),(61,27),(60,25),(59,23),(57,22),(58,24),(56,23),(54,22),(52,21),
(50,20),(48,21),(46,22),(44,23),(42,24),(40,25),(38,26),(36,27),(34,28),(32,29),(30,30),(29,32),(28,34),(27,36),(26,38),(25,40),(24,42),
(23,44),(22,46),(21,48),(22,50),(21,52),(22,54),(23,52),(21,51),(22,53),(23,55),(24,57),(25,59),(26,61),(27,63),(28,65),(29,67),(30,69),
(32,70),(34,71),(36,72),(38,73),(40,74),(39,76),(41,77),(43,78),(45,79),(47,80),(49,81),(51,82),(53,83),(55,84),(57,85),(59,86),(61,87),
(63,88),(65,89),(67,90),(69,91),(71,92),(73,93),(75,94),(77,95),(79,96),(78,94),(76,93),(74,92),(72,91),(70,90),(68,89),(66,88),(64,87),
(62,86),(60,85),(58,84),(56,83),(54,82),(52,81),(50,80),(48,79),(46,78),(44,77),(42,76),(40,75),(38,74),(36,73),(34,72),(32,71),(30,70),
(29,68),(28,66),(27,64),(26,62),(25,60),(24,58),(25,56),(24,54),(25,52),(23,53),(22,51),(21,49),(22,47),(23,45),(24,43),(25,41),(26,39),
(27,37),(28,35),(29,33),(30,31),(32,30),(34,29),(36,28),(38,27),(39,25),(41,24),(43,23),(45,22),(47,21),(49,20),(51,21),(53,22),(55,23),
(57,24),(59,25),(61,24),(62,26),(64,27),(66,28),(68,29),(69,31),(71,32),(72,34),(73,32),(74,34),(75,36),(76,38),(74,37),(73,35),(72,33),
(71,31),(69,30),(67,29),(65,28),(63,27),(61,26),(62,28),(64,29),(66,30),(68,31),(70,32),(71,34),(72,36),(73,38),(74,36),(75,38),(76,40),
(77,42),(78,44),(79,46),(80,48),(81,50),(82,52),(83,54),(84,56),(85,58),(86,60),(84,59),(83,57),(82,55),(81,53),(80,51),(79,49),(78,47),
(77,45),(76,43),(75,41),(74,39),(73,37),(72,35),(71,33),(69,32),(70,34),(71,36),(72,38),(73,36),(74,38),(75,40),(76,42),(77,44),(78,46),
(79,48),(80,50),(81,52),(82,54),(83,56),(84,58),(85,60),(84,62),(86,61),(87,63),(88,65),(89,67),(90,69),(91,71),(92,73),(93,75),(94,77),
(95,79),(96,81),(94,80),(93,78),(92,76),(91,74),(90,72),(89,70),(88,68),(87,66),(86,64),(85,62),(84,60),(83,58),(85,59),(84,57),(83,55),
(82,53),(81,51),(80,49),(79,47),(78,45),(77,43),(76,41),(75,39),(73,40),(74,42),(75,44),(76,46),(77,48),(78,50),(79,52),(80,54),(81,56),
(82,58),(83,60),(81,59),(82,57),(83,59),(84,61),(85,63),(86,65),(87,67),(88,69),(89,71),(90,73),(91,75),(92,77),(93,79),(94,81),(95,83),
(96,85),(94,84),(93,82),(92,80),(91,78),(90,76),(89,74),(88,72),(87,70),(86,68),(85,66),(84,64),(83,62),(82,60),(81,58),(82,56),(81,54),
(80,56),(79,58),(81,57),(82,59),(83,61),(84,63),(85,65),(86,67),(87,69),(88,71),(89,73),(90,75),(91,77),(92,79),(93,81),(94,83),(95,85),
(96,87),(97,89),(98,91),(99,93),(98,95),(96,96),(97,94),(96,92),(95,94),(97,93),(99,92),(98,94),(96,95),(94,96),(92,97),(91,99),(89,98),
(90,96),(92,95),(93,97),(95,96),(96,94),(97,92),(98,90),(96,91),(95,93),(94,95),(92,96),(94,97),(92,98),(90,99),(91,97),(93,96),(95,95),
(96,93),(97,91),(96,89),(95,91),(94,93),(93,95),(91,96),(89,97),(90,95),(92,94),(93,92),(94,94),(95,92),(96,90),(97,88),(95,89),(94,91),
(93,93),(91,94),(89,95),(90,97),(88,98),(87,96),(88,94),(89,96),(87,97),(88,95),(90,94),(92,93),(91,95),(93,94),(94,92),(95,90),(93,91),
(94,89),(95,87),(94,85),(96,86),(95,88),(94,90),(92,91),(91,93),(89,94),(88,96),(86,97),(87,95),(85,96),(86,94),(88,93),(90,92),(91,90),
(92,92),(90,93),(91,91),(93,90),(94,88),(92,89),(93,87),(92,85),(94,86),(95,84),(93,83),(92,81),(94,82),(93,84),(91,83),(90,81),(92,82),
(93,80),(91,79),(90,77),(92,78),(91,80),(89,79),(88,77),(90,78),(91,76),(89,75),(88,73),(90,74),(89,76),(87,75),(86,73),(88,74),(89,72),
(87,71),(86,69),(88,70),(87,72),(85,71),(84,69),(86,70),(87,68),(85,67),(84,65),(86,66),(85,64),(83,63),(82,61),(80,60),(81,62),(82,64),
(83,66),(84,68),(85,70),(86,72),(87,74),(88,76),(89,78),(90,80),(91,82),(92,84),(93,86),(92,88),(94,87),(93,89),(92,87),(93,85),(91,86),
(90,88),(89,90),(91,89),(93,88),(92,90),(91,92),(89,93),(90,91),(88,92),(87,94),(85,95),(83,96),(81,95),(79,94),(77,93),(75,92),(73,91),
(71,90),(69,89),(67,88),(65,87),(63,86),(61,85),(59,84),(57,83),(55,82),(53,81),(51,80),(49,79),(47,78),(45,77),(43,76),(41,75),(39,74),
(37,73),(36,71),(34,70),(32,69),(30,68),(29,66),(28,64),(27,62),(26,60),(25,58),(24,56),(23,54),(22,52),(21,50),(22,48),(23,46),(24,44),
(25,42),(26,40),(27,38),(28,36),(26,37),(27,35),(29,34),(30,32),(31,30),(33,29),(35,28),(37,27),(39,26),(41,25),(43,24),(45,23),(47,22),
(49,23),(51,22),(53,23),(55,24),(57,23),(59,24),(57,25),(59,26),(60,28),(62,27),(60,26),(58,25),(56,24),(54,25),(52,24),(50,23),(52,22),
(53,24),(51,23),(49,22),(47,23),(45,24),(43,25),(41,26),(39,27),(37,28),(35,29),(33,30),(31,31),(30,33),(29,35),(28,37),(27,39),(26,41),
(25,43),(24,45),(23,47),(22,49),(23,51),(24,53),(25,55),(26,57),(27,59),(28,61),(29,63),(30,65),(31,67),(33,68),(31,69),(33,70),(35,71),
(37,72),(39,73),(41,74),(43,75),(45,76),(47,77),(49,78),(51,79),(53,80),(55,81),(57,82),(59,83),(61,84),(63,85),(65,86),(67,87),(69,88),
(71,89),(73,90),(75,91),(77,92),(79,93),(81,94),(83,95),(85,94),(84,96),(86,95),(87,93),(89,92),(90,90),(91,88),(92,86),(91,84),(90,86),
(89,88),(91,87),(90,89),(89,91),(87,92),(88,90),(86,91),(85,93),(83,94),(84,92),(86,93),(84,94),(82,95),(83,93),(85,92),(87,91),(88,89),
(89,87),(90,85),(89,83),(88,85),(90,84),(92,83),(91,85),(90,87),(89,89),(88,91),(86,92),(84,93),(82,94),(80,93),(82,92),(84,91),(86,90),
(87,88),(88,86),(89,84),(90,82),(88,81),(87,83),(89,82),(91,81),(90,83),(89,85),(88,87),(87,89),(85,90),(83,91),(82,93),(80,94),(81,92),
(79,91),(78,93),(80,92),(81,90),(83,89),(82,91),(81,93),(83,92),(85,91),(87,90),(88,88),(89,86),(87,87),(86,89),(84,90),(85,88),(86,86),
(87,84),(88,82),(89,80),(87,79),(86,81),(88,80),(90,79),(89,81),(88,83),(87,85),(86,87),(85,89),(83,90),(81,91),(79,92),(77,91),(79,90),
(78,92),(80,91),(82,90),(84,89),(86,88),(87,86),(88,84),(86,85),(85,87),(83,88),(81,89),(82,87),(84,88),(82,89),(80,90),(78,91),(76,92),
(77,90),(79,89),(81,88),(83,87),(85,86),(86,84),(87,82),(85,83),(84,85),(82,86),(84,87),(82,88),(80,89),(78,90),(76,91),(74,90),(76,89),
(78,88),(80,87),(81,85),(83,86),(85,85),(86,83),(87,81),(88,79),(89,77),(87,78),(86,80),(85,82),(84,84),(82,85),(84,86),(83,84),(84,82),
(85,84),(86,82),(87,80),(88,78),(87,76),(86,78),(85,80),(83,81),(84,83),(83,85),(82,83),(80,84),(81,86),(80,88),(78,89),(76,90),(74,91),
(75,89),(77,88),(79,87),(80,85),(81,87),(79,86),(77,87),(79,88),(77,89),(75,90),(73,89),(75,88),(76,86),(78,87),(80,86),(78,85),(79,83),
(81,84),(83,83),(84,81),(85,79),(86,77),(85,75),(84,77),(86,76),(88,75),(87,77),(86,79),(85,81),(84,79),(85,77),(86,75),(87,73),(85,74),
(84,76),(85,78),(84,80),(83,82),(82,84),(81,82),(82,80),(83,78),(82,76),(84,75),(86,74),(85,76),(84,78),(83,80),(82,82),(80,83),(79,85),
(77,86),(76,88),(74,89),(72,90),(73,88),(75,87),(76,85),(78,86),(76,87),(74,88),(72,89),(70,88),(72,87),(74,86),(75,84),(77,85),(79,84),
(81,83),(82,81),(83,79),(81,80),(80,82),(78,83),(79,81),(77,82),(78,84),(79,82),(81,81),(82,79),(83,77),(81,78),(80,80),(78,81),(77,83),
(75,82),(76,84),(75,86),(73,87),(71,88),(69,87),(70,89),(72,88),(74,87),(73,85),(71,86),(72,84),(74,85),(72,86),(70,87),(68,88),(66,87),
(68,86),(70,85),(71,87),(73,86),(75,85),(77,84),(75,83),(73,84),(71,85),(69,86),(67,85),(68,87),(70,86),(72,85),(74,84),(76,83),(78,82),
(80,81),(81,79),(82,77),(83,75),(84,73),(83,71),(85,72),(84,74),(83,76),(82,78),(80,79),(81,77),(82,75),(83,73),(84,71),(85,73),(86,71),
(85,69),(84,67),(83,65),(82,63),(81,61),(80,59),(79,57),(80,55),(79,53),(78,55),(77,57),(79,56),(81,55),(80,57),(79,55),(80,53),(79,51),
(78,49),(77,47),(76,45),(75,43),(74,41),(73,39),(72,37),(71,35),(70,33),(68,32),(67,30),(65,29),(63,28),(64,30),(66,31),(67,33),(69,34),
(70,36),(71,38),(72,40),(73,42),(74,40),(75,42),(76,44),(77,46),(78,48),(79,50),(80,52),(79,54),(78,56),(77,54),(78,52),(77,50),(76,48),
(75,46),(74,44),(72,43),(73,41),(74,43),(75,45),(76,47),(77,49),(78,51),(77,53),(76,51),(75,49),(74,47),(73,45),(72,47),(74,46),(75,48),
(76,50),(77,52),(78,54),(76,55),(75,53),(74,51),(76,52),(78,53),(77,51),(76,49),(75,47),(74,45),(73,43),(72,41),(71,39),(70,37),(69,35),
(68,33),(67,31),(65,30),(63,29),(61,28),(59,27),(57,26),(55,25),(53,26),(54,24),(52,23),(50,22),(48,23),(46,24),(44,25),(42,26),(40,27),
(38,28),(36,29),(34,30),(32,31),(31,33),(30,35),(29,37),(28,39),(27,41),(26,43),(25,45),(24,47),(23,49),(24,51),(25,53),(24,55),(25,57),
(26,59),(27,61),(28,63),(29,65),(30,67),(32,68),(34,69),(36,70),(38,71),(40,72),(42,73),(44,74),(42,75),(44,76),(46,77),(48,78),(50,79),
(52,80),(54,81),(56,82),(58,83),(60,84),(62,85),(64,86),(66,85),(64,84),(62,83),(60,82),(58,81),(56,80),(54,79),(52,78),(50,77),(48,76),
(46,75),(48,74),(47,76),(49,77),(51,78),(53,79),(55,80),(57,81),(59,82),(61,83),(63,84),(65,85),(67,86),(69,85),(71,84),(73,83),(74,81),
(76,82),(74,83),(72,82),(70,83),(68,84),(66,83),(64,82),(65,84),(66,86),(68,85),(70,84),(72,83),(74,82),(76,81),(78,80),(79,78),(80,76),
(81,74),(82,72),(83,74),(84,72),(83,70),(82,68),(81,70),(83,69),(85,68),(84,70),(83,72),(82,74),(81,76),(80,78),(79,80),(77,81),(78,79),
(76,80),(77,78),(79,79),(80,77),(81,75),(82,73),(80,74),(79,76),(78,78),(77,80),(75,81),(73,82),(71,83),(69,84),(67,83),(69,82),(71,81),
(73,80),(75,79),(76,77),(77,79),(75,80),(73,81),(71,82),(69,83),(67,84),(68,82),(70,81),(72,80),(74,79),(76,78),(78,77),(79,75),(80,73),
(81,71),(82,69),(83,67),(81,66),(80,68),(82,67),(84,66),(83,68),(82,70),(81,72),(79,71),(80,69),(81,67),(82,65),(80,64),(79,66),(81,65),
(83,64),(82,66),(81,68),(80,70),(82,71),(81,73),(80,75),(79,77),(77,76),(78,74),(79,72),(78,70),(80,71),(81,69),(80,67),(79,69),(78,71),
(80,72),(79,74),(78,76),(77,74),(79,73),(78,75),(77,77),(76,79),(74,80),(72,81),(70,82),(68,83),(66,84),(64,85),(65,83),(67,82),(69,81),
(71,80),(73,79),(75,78),(76,76),(74,77),(72,78),(70,79),(68,80),(66,81),(67,79),(68,81),(70,80),(72,79),(74,78),(75,76),(77,75),(78,73),
(76,74),(77,72),(75,73),(76,75),(75,77),(73,78),(71,79),(69,80),(67,81),(65,82),(63,83),(62,81),(64,80),(63,82),(62,84),(64,83),(66,82),
(65,80),(63,81),(61,82),(60,80),(62,79),(61,81),(60,83),(62,82),(64,81),(66,80),(68,79),(70,78),(72,77),(74,76),(75,74),(77,73),(76,71),
(78,72),(79,70),(78,68),(77,70),(76,72),(74,73),(75,75),(73,76),(71,77),(69,78),(70,76),(71,78),(73,77),(74,75),(72,76),(73,74),(71,75),
(70,77),(69,79),(67,80),(65,81),(66,79),(68,78),(69,76),(67,77),(65,78),(63,79),(61,80),(59,81),(58,79),(60,78),(59,80),(58,82),(60,81),
(62,80),(64,79),(66,78),(68,77),(69,75),(71,76),(73,75),(71,74),(73,73),(72,75),(74,74),(76,73),(77,71),(75,72),(76,70),(78,69),(79,67),
(80,65),(81,63),(79,62),(78,64),(80,63),(82,62),(81,64),(80,66),(79,68),(77,69),(78,67),(79,65),(77,66),(76,68),(75,70),(74,72),(72,73),
(70,74),(68,75),(69,77),(67,78),(65,79),(63,80),(64,78),(66,77),(68,76),(70,75),(72,74),(73,72),(75,71),(76,69),(77,67),(78,65),(79,63),
(80,61),(78,60),(77,62),(79,61),(81,60),(80,58),(78,59),(77,61),(78,63),(80,62),(79,60),(78,58),(77,56),(76,54),(75,52),(74,50),(73,48),
(72,46),(73,44),(72,42),(71,40),(70,38),(72,39),(71,37),(70,35),(69,33),(67,32),(65,31),(63,30),(61,29),(60,27),(58,26),(56,25),(55,27),
(57,28),(56,26),(58,27),(59,29),(61,30),(63,31),(62,29),(60,30),(59,28),(57,27),(55,26),(53,25),(51,24),(49,25),(47,24),(48,22),(46,23),
(44,24),(42,25),(40,26),(39,28),(41,27),(43,26),(45,25),(47,26),(48,24),(46,25),(44,26),(42,27),(40,28),(38,29),(36,30),(34,31),(32,32),
(31,34),(30,36),(29,38),(28,40),(27,42),(26,44),(25,46),(24,48),(23,50),(24,52),(25,54),(26,56),(27,58),(28,60),(29,62),(30,64),(31,66),
(33,67),(31,68),(30,66),(29,64),(28,62),(27,60),(26,58),(27,56),(26,54),(27,52),(25,51),(24,49),(26,50),(25,48),(24,50),(23,48),(24,46),
(25,44),(26,42),(27,40),(28,38),(29,36),(30,34),(31,32),(33,31),(35,30),(37,29),(36,31),(34,32),(32,33),(31,35),(30,37),(29,39),(28,41),
(27,43),(26,45),(25,47),(26,49),(27,47),(28,45),(26,46),(27,44),(28,42),(29,40),(30,38),(31,36),(32,34),(33,32),(35,31),(37,30),(39,29),
(41,28),(43,27),(45,26),(47,25),(49,24),(51,25),(49,26),(50,24),(52,25),(54,26),(56,27),(58,28),(60,29),(62,30),(64,31),(66,32),(67,34),
(68,36),(69,38),(70,40),(71,42),(72,44),(73,46),(74,48),(75,50),(73,49),(72,51),(74,52),(76,53),(77,55),(78,57),(79,59),(78,61),(77,59),
(76,57),(75,55),(74,53),(75,51),(74,49),(73,47),(72,45),(71,43),(70,41),(69,39),(68,37),(67,35),(69,36),(68,34),(66,33),(64,32),(62,31),
(63,33),(65,32),(66,34),(68,35),(69,37),(70,39),(71,41),(69,40),(68,38),(67,36),(65,35),(64,33),(62,32),(60,31),(58,30),(56,29),(54,28),
(52,27),(50,26),(48,25),(46,26),(44,27),(42,28),(40,29),(38,30),(37,32),(35,33),(33,34),(32,36),(31,38),(30,40),(29,42),(28,44),(27,46),
(26,48),(25,50),(26,52),(27,54),(28,56),(26,55),(27,57),(28,59),(29,61),(30,63),(31,65),(32,67),(33,69),(35,70),(37,71),(39,72),(41,73),
(43,74),(45,75),(46,73),(47,75),(48,77),(50,78),(49,76),(51,77),(52,79),(54,80),(56,81),(58,80),(60,79),(62,78),(64,77),(66,76),(67,74),
(69,73),(71,72),(73,71),(74,69),(75,67),(77,68),(78,66),(79,64),(77,65),(76,67),(75,69),(74,71),(72,72),(70,73),(68,74),(67,76),(65,77),
(63,78),(61,79),(62,77),(64,76),(66,75),(67,73),(69,74),(71,73),(69,72),(71,71),(73,70),(74,68),(75,66),(76,64),(74,65),(76,66),(75,68),
(74,70),(72,71),(73,69),(74,67),(75,65),(77,64),(78,62),(76,63),(74,64),(76,65),(77,63),(76,61),(75,63),(73,64),(74,66),(73,68),(72,70),
(70,71),(68,72),(66,73),(67,75),(65,76),(63,77),(61,78),(59,79),(57,80),(55,79),(53,78),(52,76),(50,75),(52,74),(51,76),(53,77),(55,78),
(57,79),(59,78),(61,77),(63,76),(65,75),(63,74),(62,76),(60,77),(58,78),(56,79),(54,78),(56,77),(58,76),(57,78),(59,77),(61,76),(63,75),
(65,74),(64,72),(66,71),(65,73),(64,75),(66,74),(68,73),(70,72),(71,70),(72,68),(73,66),(71,67),(72,69),(73,67),(72,65),(73,63),(75,64),
(76,62),(77,60),(76,58),(75,60),(74,62),(72,63),(73,65),(72,67),(71,69),(69,70),(67,71),(65,72),(64,74),(62,75),(60,76),(58,77),(56,78),
(54,77),(56,76),(54,75),(55,77),(53,76),(55,75),(57,76),(59,75),(61,74),(63,73),(64,71),(66,72),(68,71),(70,70),(71,68),(72,66),(70,67),
(69,69),(67,70),(69,71),(67,72),(68,70),(70,69),(68,68),(66,69),(65,71),(64,73),(62,74),(60,75),(61,73),(63,72),(64,70),(62,71),(60,72),
(62,73),(61,75),(59,74),(57,75),(59,76),(57,77),(55,76),(53,75),(52,77),(54,76),(56,75),(58,74),(60,73),(62,72),(63,70),(65,69),(67,68),
(66,70),(68,69),(70,68),(71,66),(69,67),(70,65),(72,64),(74,63),(75,61),(76,59),(75,57),(77,58),(76,60),(75,62),(73,61),(74,59),(72,60),
(74,61),(75,59),(73,60),(74,58),(75,56),(74,54),(73,56),(72,58),(74,57),(76,56),(75,54),(73,55),(72,53),(73,51),(72,49),(71,47),(70,45),
(69,43),(71,44),(70,42),(68,41),(67,39),(66,37),(64,36),(65,34),(66,36),(67,38),(68,40),(69,42),(70,44),(71,46),(72,48),(73,50),(71,49),
(70,47),(71,45),(70,43),(69,41),(68,39),(67,37),(66,35),(65,33),(63,34),(61,33),(63,32),(61,31),(59,30),(57,29),(55,28),(53,27),(51,26),
(49,27),(50,25),(52,26),(54,27),(56,28),(58,29),(59,31),(61,32),(62,34),(64,35),(65,37),(66,39),(67,41),(68,43),(69,45),(67,44),(68,42),
(69,44),(70,46),(71,48),(72,50),(73,52),(71,51),(70,49),(69,47),(68,45),(67,43),(66,41),(65,39),(67,40),(66,38),(65,36),(64,34),(62,33),
(60,32),(58,31),(56,30),(54,29),(52,28),(50,27),(48,26),(46,27),(44,28),(42,29),(40,30),(38,31),(36,32),(34,33),(33,35),(32,37),(31,39),
(30,41),(29,43),(31,42),(29,41),(28,43),(27,45),(26,47),(25,49),(26,51),(27,53),(28,55),(29,57),(30,59),(28,58),(29,60),(30,62),(31,64),
(32,66),(34,67),(35,69),(37,70),(38,72),(40,73),(42,74),(44,75),(46,76),(45,74),(43,73),(41,72),(39,71),(38,69),(36,68),(35,66),(34,68),
(36,69),(38,70),(40,71),(42,72),(44,73),(46,74),(48,75),(50,76),(52,75),(54,74),(56,73),(58,72),(57,74),(59,73),(58,75),(60,74),(61,72),
(63,71),(65,70),(67,69),(69,68),(70,66),(71,64),(72,62),(71,60),(73,59),(75,58),(74,60),(73,62),(71,63),(72,61),(70,62),(69,64),(71,65),
(69,66),(70,64),(71,62),(69,63),(68,65),(67,67),(65,68),(63,69),(61,70),(59,71),(58,73),(56,74),(54,73),(56,72),(55,74),(57,73),(59,72),
(61,71),(62,69),(64,68),(66,67),(68,66),(67,64),(69,65),(68,67),(66,66),(64,67),(66,68),(64,69),(62,70),(60,71),(61,69),(63,68),(65,67),
(67,66),(65,65),(63,66),(62,68),(60,69),(61,67),(59,68),(60,70),(58,71),(59,69),(57,70),(55,71),(57,72),(58,70),(56,71),(55,73),(53,74),
(51,75),(49,74),(47,73),(45,72),(43,71),(41,70),(39,69),(37,68),(35,67),(33,66),(32,64),(31,62),(30,60),(29,58),(31,59),(30,61),(31,63),
(32,65),(34,66),(35,68),(37,69),(39,70),(41,71),(43,72),(45,73),(47,74),(49,75),(51,74),(53,73),(55,72),(57,71),(59,70),(57,69),(55,70),
(54,72),(52,73),(50,74),(48,73),(46,72),(44,71),(42,70),(40,69),(38,68),(36,67),(35,65),(33,64),(32,62),(31,60),(29,59),(28,57),(27,55),
(26,53),(27,51),(28,53),(29,55),(30,57),(32,58),(31,56),(30,58),(29,56),(28,54),(29,52),(30,54),(31,52),(29,53),(28,51),(27,49),(28,47),
(29,45),(30,43),(31,41),(30,39),(31,37),(32,35),(33,33),(35,32),(37,31),(39,30),(41,29),(43,28),(45,27),(47,28),(45,29),(43,30),(41,31),
(39,32),(37,33),(35,34),(34,36),(33,38),(32,40),(33,42),(31,43),(29,44),(28,46),(27,48),(28,50),(29,48),(30,46),(31,44),(30,42),(31,40),
(32,38),(33,36),(34,34),(36,33),(38,32),(40,31),(42,30),(44,29),(46,28),(48,27),(50,28),(52,29),(51,27),(53,28),(55,29),(57,30),(58,32),
(60,33),(61,35),(63,36),(64,38),(65,40),(66,42),(64,41),(66,40),(65,38),(63,37),(62,35),(60,34),(59,32),(57,31),(55,30),(53,29),(51,28),
(49,29),(51,30),(53,31),(55,32),(54,30),(56,31),(57,33),(59,34),(60,36),(61,34),(63,35),(64,37),(62,36),(63,38),(64,40),(65,42),(66,44),
(67,42),(68,44),(69,46),(70,48),(71,50),(72,52),(73,54),(74,56),(73,58),(71,59),(72,57),(71,55),(70,57),(72,56),(74,55),(73,53),(71,54),
(70,52),(69,50),(68,48),(67,46),(65,45),(66,43),(67,45),(68,47),(69,49),(70,51),(71,53),(72,55),(73,57),(72,59),(71,61),(70,63),(68,64),
(69,62),(70,60),(71,58),(70,56),(69,54),(68,52),(70,53),(72,54),(71,56),(70,58),(69,60),(68,62),(70,61),(69,59),(68,61),(67,63),(66,65),
(64,66),(62,67),(60,68),(58,69),(56,70),(54,71),(52,72),(50,73),(48,72),(46,71),(44,72),(42,71),(40,70),(39,68),(37,67),(36,65),(34,64),
(32,63),(33,65),(34,63),(33,61),(32,59),(31,61),(33,62),(32,60),(31,58),(30,56),(29,54),(28,52),(27,50),(28,48),(29,46),(30,44),(32,43),
(31,45),(30,47),(29,49),(30,51),(31,53),(30,55),(31,57),(32,55),(33,57),(34,59),(35,61),(33,60),(34,62),(32,61),(33,63),(34,65),(36,66),
(35,64),(37,65),(38,67),(40,68),(42,69),(44,70),(43,68),(41,69),(43,70),(45,71),(47,72),(49,73),(51,72),(53,71),(54,69),(56,68),(58,67),
(60,66),(61,68),(63,67),(65,66),(67,65),(68,63),(69,61),(70,59),(71,57),(70,55),(69,57),(68,59),(67,61),(66,63),(64,64),(62,65),(63,63),
(65,64),(66,62),(67,60),(68,58),(69,56),(70,54),(71,52),(70,50),(69,52),(68,54),(67,56),(69,55),(68,57),(66,58),(65,60),(67,59),(69,58),
(68,60),(67,62),(66,64),(64,65),(62,66),(60,67),(58,68),(56,69),(54,70),(53,72),(51,73),(49,72),(47,71),(45,70),(43,69),(41,68),(39,67),
(37,66),(36,64),(38,65),(40,66),(42,67),(44,68),(46,69),(48,70),(50,71),(52,70),(50,69),(49,71),(47,70),(45,69),(47,68),(46,70),(48,71),
(50,72),(52,71),(50,70),(48,69),(46,68),(44,69),(42,68),(40,67),(38,66),(37,64),(35,63),(34,61),(33,59),(32,57),(31,55),(30,53),(29,51),
(28,49),(30,50),(31,48),(29,47),(30,45),(32,44),(31,46),(30,48),(29,50),(30,52),(31,54),(32,56),(33,58),(34,60),(35,62),(37,63),(36,61),
(35,59),(34,57),(33,55),(32,53),(31,51),(30,49),(31,47),(32,45),(33,43),(32,41),(33,39),(34,37),(35,35),(37,34),(39,33),(41,32),(39,31),
(41,30),(43,29),(45,28),(47,27),(49,28),(47,29),(45,30),(43,31),(42,33),(40,32),(38,33),(36,34),(34,35),(33,37),(32,39),(33,41),(34,39),
(35,37),(36,35),(38,34),(40,33),(42,32),(44,31),(46,30),(48,29),(50,30),(48,31),(46,32),(47,30),(48,28),(46,29),(44,30),(42,31),(44,32),
(46,31),(48,30),(50,29),(52,30),(54,31),(56,32),(58,33),(59,35),(61,36),(62,38),(64,39),(65,41),(63,40),(64,42),(65,44),(66,46),(67,48),
(68,46),(69,48),(68,50),(67,52),(69,53),(68,55),(67,57),(66,59),(65,61),(64,63),(63,65),(61,66),(59,67),(57,68),(55,69),(53,70),(51,71),
(49,70),(47,69),(45,68),(43,67),(41,66),(39,65),(38,63),(36,62),(35,60),(34,58),(33,56),(32,54),(33,52),(32,50),(33,48),(31,49),(32,47),
(33,45),(34,43),(32,42),(33,40),(34,38),(35,36),(37,35),(39,34),(41,33),(43,32),(45,31),(44,33),(42,34),(40,35),(38,36),(36,37),(35,39),
(34,41),(36,40),(35,38),(36,36),(37,38),(39,37),(38,35),(40,34),(39,36),(37,37),(36,39),(34,40),(35,42),(34,44),(33,46),(32,48),(31,50),
(32,52),(33,54),(34,56),(35,58),(36,60),(37,62),(38,64),(36,63),(37,61),(36,59),(35,57),(34,55),(33,53),(32,51),(33,49),(34,51),(35,53),
(36,55),(34,54),(35,56),(36,58),(37,60),(38,62),(39,64),(41,65),(39,66),(41,67),(40,65),(42,66),(44,67),(43,65),(45,66),(47,67),(49,68),
(51,69),(53,68),(55,67),(57,66),(59,65),(61,64),(62,62),(63,64),(65,63),(66,61),(64,62),(62,63),(61,65),(59,66),(57,67),(55,68),(53,69),
(51,70),(49,69),(51,68),(49,67),(47,66),(48,68),(46,67),(44,66),(42,65),(40,64),(39,62),(41,63),(43,64),(45,65),(43,66),(45,67),(44,65),
(46,66),(48,67),(50,68),(52,69),(54,68),(56,67),(58,66),(60,65),(62,64),(63,62),(61,63),(59,64),(57,65),(55,66),(53,67),(51,66),(52,68),
(54,67),(56,66),(58,65),(60,64),(61,62),(63,61),(65,62),(66,60),(64,61),(65,59),(67,58),(68,56),(67,54),(66,56),(65,58),(64,60),(62,61),
(63,59),(64,57),(65,55),(66,57),(67,55),(68,53),(69,51),(68,49),(67,47),(66,45),(65,43),(63,42),(62,40),(61,38),(63,39),(62,37),(61,39),
(60,37),(58,36),(60,35),(59,33),(57,34),(55,33),(57,32),(55,31),(53,30),(51,29),(49,30),(47,31),(45,32),(43,33),(41,34),(39,35),(37,36),
(36,38),(35,40),(34,42),(33,44),(32,46),(34,47),(35,45),(36,43),(35,41),(37,40),(38,38),(40,37),(41,35),(43,34),(45,33),(47,32),(49,31),
(51,32),(53,33),(52,31),(54,32),(56,33),(58,34),(56,35),(54,34),(53,32),(51,31),(49,32),(47,33),(45,34),(43,35),(41,36),(40,38),(38,37),
(40,36),(42,35),(44,34),(46,33),(48,32),(50,31),(52,32),(54,33),(56,34),(58,35),(59,37),(57,36),(55,35),(53,34),(51,33),(49,34),(50,32),
(52,33),(50,34),(48,33),(46,34),(44,35),(42,36),(41,38),(39,39),(38,41),(37,39),(36,41),(35,43),(34,45),(33,47),(32,49),(33,51),(34,53),
(35,55),(36,57),(37,59),(38,61),(39,63),(41,64),(40,62),(42,63),(44,64),(46,65),(48,66),(50,67),(52,66),(54,65),(56,64),(58,63),(60,62),
(61,60),(59,61),(60,63),(58,64),(56,65),(54,66),(52,67),(50,66),(48,65),(46,64),(44,63),(42,64),(40,63),(39,61),(41,62),(43,63),(45,64),
(47,65),(49,66),(51,67),(53,66),(55,65),(57,64),(59,63),(57,62),(55,63),(53,64),(51,65),(49,64),(47,63),(45,62),(43,61),(41,60),(42,62),
(40,61),(38,60),(37,58),(39,59),(38,57),(36,56),(35,54),(34,52),(33,50),(34,48),(35,46),(36,44),(37,42),(38,40),(39,38),(41,37),(43,36),
(45,35),(47,34),(49,33),(51,34),(53,35),(55,34),(57,35),(59,36),(61,37),(62,39),(63,41),(64,43),(62,42),(61,40),(60,38),(58,37),(56,36),
(54,35),(52,34),(50,33),(48,34),(46,35),(44,36),(42,37),(41,39),(39,40),(37,41),(38,39),(40,40),(42,39),(43,37),(45,36),(47,35),(49,36),
(51,35),(53,36),(55,37),(57,38),(59,39),(60,41),(61,43),(62,41),(63,43),(64,45),(65,47),(66,49),(67,51),(66,53),(65,51),(67,50),(66,48),
(65,46),(64,44),(62,43),(61,41),(60,39),(58,38),(56,37),(54,36),(52,35),(50,36),(48,35),(46,36),(44,37),(42,38),(40,39),(39,41),(41,40),
(43,39),(45,38),(47,37),(49,38),(48,36),(50,35),(51,37),(53,38),(52,36),(54,37),(55,39),(57,40),(56,38),(55,36),(57,37),(59,38),(60,40),
(58,39),(59,41),(61,42),(62,44),(63,46),(64,48),(66,47),(67,49),(68,51),(67,53),(66,55),(65,57),(64,59),(62,60),(63,58),(64,56),(65,54),
(66,52),(65,50),(64,52),(66,51),(65,53),(63,54),(62,56),(64,55),(66,54),(65,56),(64,58),(63,60),(61,61),(62,59),(63,57),(61,58),(60,60),
(59,62),(57,63),(55,64),(53,65),(51,64),(49,65),(47,64),(45,63),(43,62),(41,61),(39,60),(38,58),(37,56),(36,54),(35,52),(34,50),(35,48),
(34,46),(35,44),(36,42),(38,43),(37,45),(36,47),(35,49),(36,51),(37,53),(38,55),(37,57),(38,59),(40,60),(42,61),(44,62),(46,63),(48,64),
(50,65),(52,64),(54,63),(56,62),(58,61),(59,59),(60,61),(58,62),(56,63),(54,64),(52,65),(50,64),(52,63),(54,62),(56,61),(58,60),(60,59),
(62,58),(63,56),(64,54),(65,52),(66,50),(65,48),(64,46),(63,44),(61,45),(60,43),(58,42),(59,40),(57,39),(55,38),(53,37),(51,36),(49,35),
(47,36),(45,37),(43,38),(42,40),(40,41),(38,42),(37,44),(36,46),(37,48),(35,47),(34,49),(36,50),(37,52),(35,51),(36,53),(37,55),(39,56),
(40,58),(42,59),(44,60),(46,61),(48,62),(50,63),(52,62),(54,61),(53,63),(55,62),(57,61),(59,60),(61,59),(62,57),(63,55),(64,53),(63,51),
(64,49),(63,47),(62,45),(60,44),(59,42),(58,40),(56,39),(54,38),(52,37),(50,38),(48,37),(46,38),(44,39),(43,41),(41,42),(39,43),(38,45),
(37,43),(36,45),(37,47),(36,49),(38,50),(39,52),(38,54),(40,55),(39,57),(40,59),(42,60),(44,61),(46,62),(48,63),(50,62),(52,61),(51,63),
(53,62),(55,61),(57,60),(58,58),(60,57),(61,55),(62,53),(61,51),(63,52),(64,50),(62,49),(61,47),(63,48),(65,49),(63,50),(62,52),(64,51),
(63,53),(62,55),(61,57),(59,58),(60,56),(61,54),(59,55),(61,56),(60,58),(58,59),(56,60),(57,58),(59,57),(60,55),(62,54),(60,53),(58,54),
(59,56),(60,54),(61,52),(62,50),(60,49),(62,48),(64,47),(63,45),(61,46),(59,45),(61,44),(60,42),(58,41),(56,40),(54,39),(52,38),(50,37),
(51,39),(53,40),(55,41),(57,42),(59,43),(60,45),(62,46),(60,47),(61,49),(62,47),(63,49),(62,51),(61,53),(60,51),(59,53),(58,55),(57,57),
(56,59),(54,60),(55,58),(57,59),(58,57),(56,56),(57,54),(58,56),(59,54),(60,52),(61,50),(60,48),(59,46),(58,44),(56,43),(57,41),(58,43),
(56,42),(55,40),(53,39),(51,38),(49,37),(47,38),(49,39),(51,40),(53,41),(52,39),(54,40),(56,41),(54,42),(52,41),(50,40),(48,39),(46,40),
(44,41),(45,39),(46,37),(44,38),(43,40),(41,41),(39,42),(38,44),(37,46),(36,48),(35,50),(37,51),(38,49),(39,47),(40,45),(38,46),(39,44),
(40,42),(42,41),(41,43),(43,42),(44,40),(46,39),(48,38),(50,39),(52,40),(54,41),(55,43),(57,44),(58,46),(59,44),(60,46),(61,48),(60,50),
(59,48),(58,50),(59,52),(57,53),(58,51),(59,49),(58,47),(57,45),(55,44),(57,43),(55,42),(53,43),(51,42),(49,41),(47,40),(45,41),(47,42),
(48,40),(50,41),(52,42),(54,43),(56,44),(58,45),(59,47),(57,46),(58,48),(59,50),(58,52),(57,50),(59,51),(58,53),(57,55),(56,57),(55,59),
(53,60),(51,61),(49,62),(47,61),(45,60),(43,59),(41,58),(40,56),(39,58),(38,56),(37,54),(36,52),(37,50),(38,52),(39,54),(41,53),(40,51),
(39,53),(38,51),(37,49),(38,47),(39,49),(40,47),(38,48),(39,46),(40,44),(42,43),(41,45),(40,43),(39,45),(41,44),(42,42),(43,44),(44,42),
(45,40),(47,39),(46,41),(45,43),(44,45),(42,44),(41,46),(40,48),(39,50),(40,52),(38,53),(39,55),(40,57),(41,59),(43,60),(45,61),(47,62),
(49,63),(51,62),(53,61),(55,60),(56,58),(57,56),(55,57),(54,59),(52,60),(50,61),(48,60),(46,59),(44,58),(42,57),(41,55),(40,53),(39,51),
(40,49),(41,51),(42,53),(40,54),(41,56),(42,58),(44,59),(46,60),(48,61),(50,60),(52,59),(54,58),(55,56),(53,57),(51,58),(53,59),(51,60),
(49,61),(47,60),(49,59),(47,58),(45,59),(43,58),(41,57),(42,55),(43,57),(45,58),(47,59),(49,60),(51,59),(53,58),(54,56),(56,55),(55,53),
(57,52),(56,54),(54,55),(52,56),(54,57),(52,58),(50,59),(48,58),(50,57),(48,56),(49,58),(51,57),(53,56),(55,55),(56,53),(57,51),(58,49),
(57,47),(56,45),(54,44),(53,42),(51,41),(49,40),(47,41),(45,42),(43,43),(42,45),(40,46),(39,48),(41,47),(43,46),(44,44),(46,43),(48,42),
(50,43),(52,44),(54,45),(56,46),(57,48),(56,50),(55,52),(54,54),(52,55),(50,56),(52,57),(50,58),(48,59),(46,58),(48,57),(46,56),(44,57),
(42,56),(41,54),(43,55),(45,56),(47,57),(49,56),(51,55),(53,54),(54,52),(55,54),(56,52),(55,50),(57,49),(56,51),(55,49),(56,47),(55,45),
(53,44),(51,43),(49,42),(48,44),(46,45),(47,43),(48,41),(46,42),(44,43),(43,45),(45,44),(44,46),(42,47),(41,49),(42,51),(40,50),(41,52),
(42,54),(43,56),(45,57),(44,55),(43,53),(45,54),(44,56),(46,57),(47,55),(49,54),(51,53),(50,55),(49,57),(47,56),(45,55),(43,54),(42,52),
(41,50),(42,48),(43,50),(44,52),(46,53),(44,54),(46,55),(48,54),(50,53),(49,55),(51,56),(53,55),(54,53),(52,54),(53,52),(55,51),(56,49),
(55,47),(53,46),(54,48),(55,46),(56,48),(54,47),(53,45),(52,43),(50,42),(48,43),(46,44),(45,46),(43,47),(41,48),(42,46),(43,48),(42,50),
(43,52),(45,53),(47,54),(48,52),(46,51),(44,50),(42,49),(44,48),(46,47),(45,45),(44,47),(43,49),(44,51),(45,49),(47,50),(45,51),(44,53),
(43,51),(44,49),(45,47),(47,46),(46,48),(45,50),(46,52),(48,53),(46,54),(45,52),(47,53),(48,55),(50,54),(52,53),(53,51),(54,49),(53,47),
(55,48),(54,46),(52,45),(50,44),(51,46),(49,45),(47,44),(49,43),(51,44),(52,46),(50,45),(48,46),(49,44),(47,45),(49,46),(51,45),(52,47),
(50,46),(48,45),(46,46),(45,48),(47,47),(46,49),(47,51),(49,52),(51,51),(53,50),(52,48),(50,47),(48,48),(49,50),(47,49),(48,47),(50,48),
(52,49),(54,50),(53,48),(51,47),(49,48),(51,49),(52,51),(53,53),(51,54),(50,52),(48,51),(46,50),(47,52),(49,53),(51,52),(50,50),(48,49),
(49,51),(50,49),(49,47),(47,48),(48,50),(50,51),(52,52),(54,51),(52,50),(51,48),(53,49),(51,50),(49,49)]
