
==< Knight's tour on a 89x89 chessboard starting at (21,13) >==

Execution time: 3.576 s

Path:
(21,13),(20,11),(19,9),(18,7),(17,5),(16,3),(15,1),(13,0),(11,1),(9,0),(7,1),(5,0),(3,1),(1,0),(0,2),(2,1)
(0,0),(1,2),(2,0),(0,1),(1,3),(0,5),(1,7),(0,9),(1,11),(0,13),(1,15),(0,17),(1,19),(0,21),(1,23)
(0,25),(1,27),(0,29),(1,31),(0,33),(1,35),(0,37),(1,39),(0,41),(1,43),(0,45),(1,47),(0,49),(1,51),(0,53)
(1,55),(0,57),(1,59),(0,61),(1,63),(0,65),(1,67),(0,69),(1,71),(0,73),(1,75),(0,77),(1,79),(0,81),(1,83)
(0,85),(1,87),(3,88),(5,87),(7,88),(9,87),(11,88),(13,87),(15,88),(17,87),(19,88),(21,87),(23,88),(25,87),(27,88)
(29,87),(31,88),(33,87),(35,88),(37,87),(39,88),(41,87),(43,88),(45,87),(47,88),(49,87),(51,88),(53,87),(55,88),(57,87)
(59,88),(61,87),(63,88),(65,87),(67,88),(69,87),(71,88),(73,87),(75,88),(77,87),(79,88),(81,87),(83,88),(85,87),(87,88)
(88,86),(86,87),(88,88),(87,86),(86,88),(88,87),(87,85),(88,83),(87,81),(88,79),(87,77),(88,75),(87,73),(88,71),(87,69)
(88,67),(87,65),(88,63),(87,61),(88,59),(87,57),(88,55),(87,53),(88,51),(87,49),(88,47),(87,45),(88,43),(87,41),(88,39)
(87,37),(88,35),(87,33),(88,31),(87,29),(88,27),(87,25),(88,23),(87,21),(88,19),(87,17),(88,15),(87,13),(88,11),(87,9)
(88,7),(87,5),(88,3),(87,1),(85,0),(83,1),(81,0),(79,1),(77,0),(75,1),(73,0),(71,1),(69,0),(67,1),(65,0)
(63,1),(61,0),(59,1),(57,0),(55,1),(53,0),(51,1),(49,0),(47,1),(45,0),(43,1),(41,0),(39,1),(37,0),(35,1)
(33,0),(31,1),(29,0),(27,1),(25,0),(23,1),(21,0),(19,1),(17,0),(18,2),(19,0),(17,1),(15,0),(13,1),(11,0)
(9,1),(7,0),(5,1),(3,0),(1,1),(0,3),(2,2),(4,1),(6,0),(5,2),(4,0),(3,2),(2,4),(4,3),(6,2)
(8,1),(10,0),(9,2),(8,0),(6,1),(4,2),(2,3),(0,4),(1,6),(0,8),(1,10),(0,12),(1,14),(0,16),(1,18)
(0,20),(1,22),(0,24),(1,26),(0,28),(1,30),(0,32),(1,34),(0,36),(1,38),(0,40),(1,42),(0,44),(1,46),(0,48)
(1,50),(0,52),(1,54),(0,56),(1,58),(0,60),(1,62),(0,64),(1,66),(0,68),(1,70),(0,72),(1,74),(0,76),(1,78)
(0,80),(1,82),(0,84),(1,86),(0,88),(2,87),(0,86),(1,88),(3,87),(5,88),(4,86),(2,85),(3,83),(1,84),(0,82)
(2,81),(3,79),(1,80),(0,78),(2,77),(3,75),(1,76),(0,74),(2,73),(3,71),(1,72),(0,70),(2,69),(3,67),(1,68)
(0,66),(2,65),(3,63),(1,64),(0,62),(2,61),(3,59),(1,60),(0,58),(2,57),(3,55),(1,56),(0,54),(2,53),(3,51)
(1,52),(0,50),(2,49),(3,47),(1,48),(0,46),(2,45),(3,43),(1,44),(0,42),(2,41),(3,39),(1,40),(0,38),(2,37)
(3,35),(1,36),(0,34),(2,33),(3,31),(1,32),(0,30),(2,29),(3,27),(2,25),(0,26),(1,28),(2,30),(0,31),(2,32)
(4,33),(2,34),(0,35),(1,33),(3,32),(4,30),(2,31),(1,29),(0,27),(2,28),(3,30),(4,32),(3,34),(2,36),(4,37)
(2,38),(0,39),(1,37),(2,35),(3,33),(4,31),(3,29),(2,27),(1,25),(0,23),(2,24),(3,26),(4,28),(5,30),(6,32)
(5,34),(4,36),(3,38),(2,40),(4,41),(2,42),(0,43),(1,41),(2,39),(3,37),(4,35),(5,33),(6,31),(5,29),(3,28)
(2,26),(1,24),(0,22),(2,21),(3,23),(4,25),(5,27),(4,29),(5,31),(6,29),(7,31),(5,32),(4,34),(3,36),(5,35)
(6,33),(7,35),(5,36),(4,38),(3,40),(5,39),(6,37),(7,39),(5,38),(4,40),(3,42),(2,44),(4,45),(2,46),(0,47)
(1,45),(2,43),(3,41),(4,39),(5,37),(6,35),(7,33),(8,31),(6,30),(5,28),(4,26),(3,24),(2,22),(1,20),(0,18)
(2,17),(3,19),(4,21),(2,20),(0,19),(1,21),(2,23),(3,25),(4,27),(5,25),(4,23),(3,21),(2,19),(1,17),(0,15)
(2,16),(3,18),(4,20),(3,22),(4,24),(5,22),(6,24),(5,26),(6,28),(7,26),(8,28),(6,27),(7,29),(9,30),(8,32)
(7,30),(9,29),(7,28),(6,26),(5,24),(4,22),(3,20),(2,18),(1,16),(0,14),(2,13),(3,15),(4,17),(5,19),(6,21)
(5,23),(6,25),(7,23),(8,25),(7,27),(8,29),(9,27),(10,29),(8,30),(7,32),(6,34),(8,33),(9,31),(11,30),(10,32)
(9,34),(8,36),(7,34),(6,36),(7,38),(6,40),(5,42),(4,44),(3,46),(2,48),(4,49),(2,50),(0,51),(1,49),(2,47)
(3,45),(4,43),(5,41),(6,39),(7,37),(8,35),(9,33),(10,31),(11,29),(9,28),(8,26),(7,24),(6,22),(5,20),(4,18)
(3,16),(2,14),(1,12),(0,10),(2,9),(3,11),(4,13),(2,12),(0,11),(1,13),(2,15),(3,17),(4,19),(5,21),(6,23)
(7,25),(8,27),(10,28),(9,26),(8,24),(7,22),(6,20),(5,18),(4,16),(3,14),(5,15),(6,17),(7,19),(8,21),(9,23)
(10,25),(11,27),(12,29),(10,30),(9,32),(8,34),(7,36),(6,38),(5,40),(4,42),(3,44),(5,43),(6,41),(8,40),(7,42)
(6,44),(5,46),(4,48),(3,50),(2,52),(4,53),(2,54),(0,55),(1,53),(2,51),(3,49),(4,47),(5,45),(6,43),(7,41)
(8,39),(9,37),(10,35),(11,33),(12,31),(13,29),(11,28),(10,26),(9,24),(8,22),(7,20),(6,18),(5,16),(4,14),(3,12)
(2,10),(1,8),(0,6),(1,4),(3,3),(2,5),(4,4),(6,3),(8,2),(10,1),(12,0),(11,2),(9,3),(7,2),(5,3)
(3,4),(1,5),(0,7),(2,6),(4,5),(3,7),(4,9),(2,8),(3,6),(5,5),(7,4),(6,6),(5,4),(3,5),(4,7)
(3,9),(2,7),(1,9),(2,11),(3,13),(4,11),(5,13),(4,15),(5,17),(6,15),(7,17),(6,19),(7,21),(8,19),(9,21)
(8,23),(9,25),(10,27),(11,25),(10,23),(12,24),(11,26),(10,24),(9,22),(8,20),(7,18),(6,16),(5,14),(4,12),(3,10)
(4,8),(5,6),(6,4),(8,3),(10,2),(12,1),(14,0),(13,2),(11,3),(9,4),(7,3),(8,5),(10,4),(12,3),(14,2)
(16,1),(18,0),(20,1),(22,0),(21,2),(20,0),(18,1),(16,0),(14,1),(12,2),(10,3),(8,4),(6,5),(4,6),(3,8)
(5,7),(7,6),(9,5),(11,4),(13,3),(15,2),(14,4),(12,5),(10,6),(8,7),(7,5),(6,7),(5,9),(7,8),(8,6)
(10,5),(12,4),(14,3),(16,2),(15,4),(13,5),(11,6),(9,7),(11,8),(12,6),(13,4),(11,5),(9,6),(7,7),(5,8)
(4,10),(6,9),(5,11),(6,13),(7,15),(8,17),(9,19),(10,21),(11,23),(12,25),(13,27),(14,25),(12,26),(11,24),(10,22)
(9,20),(8,18),(7,16),(6,14),(5,12),(6,10),(7,12),(8,14),(9,16),(10,18),(11,20),(12,22),(13,24),(15,23),(13,22)
(11,21),(10,19),(9,17),(8,15),(7,13),(6,11),(7,9),(5,10),(6,8),(8,9),(7,11),(8,13),(6,12),(7,10),(8,8)
(10,7),(9,9),(8,11),(10,10),(9,8),(8,10),(9,12),(10,14),(11,16),(9,15),(7,14),(8,12),(9,10),(10,8),(12,7)
(14,6),(16,5),(15,3),(17,2),(19,3),(17,4),(15,5),(13,6),(11,7),(10,9),(9,11),(10,13),(11,11),(12,9),(13,7)
(14,5),(16,4),(18,3),(20,2),(22,1),(24,0),(26,1),(28,0),(30,1),(32,0),(34,1),(36,0),(38,1),(40,0),(42,1)
(44,0),(46,1),(48,0),(50,1),(52,0),(54,1),(56,0),(58,1),(60,0),(62,1),(64,0),(66,1),(68,0),(70,1),(72,0)
(74,1),(76,0),(78,1),(80,0),(82,1),(84,0),(86,1),(88,0),(87,2),(86,0),(88,1),(87,3),(88,5),(86,4),(85,2)
(83,3),(84,1),(82,0),(81,2),(79,3),(80,1),(78,0),(77,2),(75,3),(76,1),(74,0),(73,2),(71,3),(72,1),(70,0)
(69,2),(67,3),(68,1),(66,0),(65,2),(63,3),(64,1),(62,0),(61,2),(59,3),(60,1),(58,0),(57,2),(55,3),(56,1)
(54,0),(53,2),(51,3),(52,1),(50,0),(49,2),(47,3),(48,1),(46,0),(45,2),(43,3),(44,1),(42,0),(41,2),(39,3)
(40,1),(38,0),(37,2),(35,3),(36,1),(34,0),(33,2),(31,3),(32,1),(30,0),(29,2),(27,3),(25,2),(26,0),(28,1)
(30,2),(31,0),(32,2),(33,4),(34,2),(35,0),(33,1),(32,3),(30,4),(31,2),(29,1),(27,0),(28,2),(30,3),(32,4)
(34,3),(36,2),(37,4),(38,2),(39,0),(37,1),(35,2),(33,3),(31,4),(29,3),(27,2),(25,1),(23,0),(21,1),(19,2)
(17,3),(19,4),(21,3),(23,2),(25,3),(24,1),(22,2),(20,3),(18,4),(17,6),(19,5),(21,4),(23,3),(22,5),(20,4)
(18,5),(16,6),(14,7),(12,8),(11,10),(13,9),(15,8),(17,7),(15,6),(14,8),(16,7),(18,6),(20,5),(22,4),(24,3)
(26,2),(28,3),(26,4),(24,5),(22,6),(23,4),(24,2),(22,3),(21,5),(19,6),(18,8),(20,7),(21,9),(19,8),(20,6)
(22,7),(23,5),(25,4),(24,6),(26,5),(24,4),(26,3),(28,4),(30,5),(32,6),(34,5),(36,4),(38,3),(40,2),(41,4)
(42,2),(43,0),(41,1),(39,2),(37,3),(35,4),(33,5),(31,6),(29,5),(27,4),(25,5),(23,6),(21,7),(23,8),(25,7)
(27,6),(29,7),(28,5),(26,6),(24,7),(22,8),(21,6),(19,7),(17,8),(15,7),(13,8),(11,9),(10,11),(9,13),(11,12)
(12,10),(14,9),(16,8),(15,10),(13,11),(12,13),(10,12),(9,14),(8,16),(10,15),(11,13),(12,11),(14,10),(16,9),(18,10)
(20,9),(22,10),(21,8),(23,7),(25,6),(27,5),(29,4),(28,6),(26,7),(24,8),(22,9),(20,8),(18,9),(16,10),(14,11)
(15,9),(13,10),(12,12),(11,14),(10,16),(9,18),(11,17),(12,15),(13,13),(15,12),(17,11),(19,10),(17,9),(16,11),(14,12)
(13,14),(11,15),(10,17),(12,16),(11,18),(10,20),(11,22),(12,20),(13,18),(11,19),(12,17),(13,15),(14,13),(12,14),(13,12)
(15,11),(17,10),(16,12),(18,11),(20,10),(19,12),(17,13),(15,14),(14,16),(16,15),(15,13),(17,12),(19,11),(21,10),(23,9)
(25,8),(27,7),(29,6),(31,5),(30,7),(28,8),(26,9),(24,10),(22,11),(20,12),(18,13),(16,14),(14,15),(13,17),(12,19)
(13,21),(12,23),(13,25),(12,27),(14,26),(13,28),(12,30),(11,32),(10,34),(9,36),(8,38),(7,40),(6,42),(5,44),(4,46)
(3,48),(5,47),(6,45),(7,43),(8,41),(9,39),(8,37),(9,35),(10,33),(11,31),(12,33),(11,35),(10,37),(12,36),(11,34)
(10,36),(9,38),(10,40),(11,38),(12,40),(10,39),(9,41),(8,43),(7,45),(6,47),(5,49),(4,51),(3,53),(2,55),(1,57)
(0,59),(2,60),(4,61),(2,62),(0,63),(2,64),(4,65),(2,66),(0,67),(2,68),(4,69),(2,70),(0,71),(2,72),(4,73)
(2,74),(0,75),(2,76),(4,77),(2,78),(0,79),(2,80),(4,81),(2,82),(0,83),(1,85),(0,87),(2,88),(3,86),(4,88)
(6,87),(8,88),(7,86),(6,88),(4,87),(2,86),(3,84),(5,85),(4,83),(2,84),(4,85),(6,86),(8,87),(10,88),(12,87)
(14,88),(16,87),(18,88),(20,87),(22,88),(24,87),(26,88),(28,87),(30,88),(32,87),(34,88),(36,87),(38,88),(40,87),(42,88)
(44,87),(46,88),(48,87),(50,88),(52,87),(54,88),(56,87),(58,88),(60,87),(62,88),(64,87),(66,88),(68,87),(70,88),(72,87)
(74,88),(76,87),(78,88),(80,87),(82,88),(84,87),(86,86),(88,85),(87,87),(85,88),(83,87),(81,88),(82,86),(84,85),(86,84)
(85,86),(84,88),(83,86),(85,85),(87,84),(88,82),(86,83),(88,84),(86,85),(87,83),(88,81),(86,82),(85,84),(84,86),(82,87)
(80,88),(79,86),(81,85),(83,84),(85,83),(87,82),(88,80),(86,81),(87,79),(88,77),(87,75),(88,73),(87,71),(88,69),(87,67)
(88,65),(87,63),(88,61),(87,59),(88,57),(87,55),(88,53),(87,51),(88,49),(87,47),(88,45),(87,43),(88,41),(87,39),(88,37)
(87,35),(88,33),(87,31),(88,29),(87,27),(88,25),(87,23),(88,21),(87,19),(88,17),(87,15),(88,13),(87,11),(88,9),(87,7)
(85,6),(86,8),(87,6),(88,4),(86,3),(88,2),(87,0),(85,1),(83,0),(84,2),(85,4),(86,2),(87,4),(88,6),(86,5)
(85,3),(83,2),(84,4),(82,3),(81,1),(79,0),(80,2),(81,4),(82,2),(84,3),(83,5),(84,7),(86,6),(87,8),(88,10)
(86,9),(88,8),(86,7),(85,5),(83,4),(81,3),(79,2),(77,1),(75,0),(76,2),(78,3),(80,4),(82,5),(84,6),(85,8)
(86,10),(87,12),(88,14),(86,13),(88,12),(87,10),(85,9),(86,11),(84,10),(85,12),(86,14),(87,16),(88,18),(86,17),(88,16)
(87,14),(86,12),(85,10),(84,8),(83,6),(85,7),(84,5),(82,4),(80,3),(78,2),(77,4),(79,5),(81,6),(83,7),(84,9)
(85,11),(83,10),(82,8),(80,7),(81,5),(79,4),(77,3),(75,2),(73,1),(71,0),(72,2),(74,3),(76,4),(78,5),(80,6)
(82,7),(83,9),(84,11),(85,13),(86,15),(84,14),(83,12),(82,10),(83,8),(82,6),(81,8),(79,7),(80,5),(78,4),(76,3)
(74,2),(73,4),(75,5),(77,6),(78,8),(79,6),(81,7),(80,9),(81,11),(82,9),(83,11),(84,13),(85,15),(83,14),(84,12)
(85,14),(86,16),(87,18),(88,20),(86,19),(85,17),(84,15),(83,13),(82,11),(81,9),(79,8),(78,6),(76,5),(74,4),(72,3)
(70,2),(69,4),(68,2),(67,0),(69,1),(71,2),(73,3),(75,4),(77,5),(76,7),(74,6),(72,5),(70,4),(68,3),(66,2)
(65,4),(64,2),(63,0),(65,1),(67,2),(69,3),(71,4),(73,5),(75,6),(77,7),(78,9),(80,8),(78,7),(76,6),(74,5)
(72,4),(70,3),(71,5),(73,6),(75,7),(77,8),(79,9),(81,10),(82,12),(80,11),(81,13),(82,15),(84,16),(85,18),(86,20)
(87,22),(88,24),(86,23),(88,22),(87,20),(86,18),(85,16),(83,17),(84,19),(85,21),(83,20),(85,19),(86,21),(84,20),(83,18)
(82,16),(84,17),(83,15),(82,13),(80,12),(79,10),(77,9),(75,8),(73,7),(71,6),(69,5),(67,4),(65,3),(63,2),(61,1)
(59,0),(60,2),(62,3),(64,4),(66,3),(68,4),(70,5),(72,6),(74,7),(76,8),(77,10),(79,11),(81,12),(80,10),(78,11)
(76,10),(74,9),(72,8),(70,7),(68,6),(66,5),(64,6),(63,4),(62,2),(64,3),(66,4),(68,5),(70,6),(72,7),(74,8)
(76,9),(78,10),(79,12),(80,14),(81,16),(82,14),(83,16),(84,18),(85,20),(86,22),(87,24),(88,26),(86,25),(85,23),(84,21)
(83,19),(82,17),(81,15),(80,13),(78,12),(79,14),(80,16),(81,14),(79,13),(80,15),(81,17),(82,19),(83,21),(85,22),(86,24)
(87,26),(88,28),(86,27),(85,25),(84,23),(82,22),(81,20),(82,18),(80,17),(79,15),(78,13),(77,11),(75,10),(73,9),(71,8)
(69,7),(67,6),(65,5),(66,7),(67,5),(69,6),(71,7),(73,8),(75,9),(76,11),(74,10),(72,9),(70,8),(68,7),(66,6)
(64,5),(62,4),(60,3),(58,2),(57,4),(56,2),(55,0),(57,1),(59,2),(61,3),(62,5),(60,4),(58,3),(59,5),(61,4)
(63,5),(65,6),(67,7),(69,8),(71,9),(73,10),(75,11),(77,12),(78,14),(79,16),(80,18),(78,17),(77,15),(76,13),(74,12)
(72,11),(70,10),(68,9),(66,8),(64,7),(62,6),(60,5),(58,4),(56,3),(54,2),(53,4),(52,2),(51,0),(53,1),(55,2)
(57,3),(59,4),(61,5),(63,6),(65,7),(67,8),(69,9),(71,10),(73,11),(75,12),(77,13),(78,15),(76,14),(77,16),(79,17)
(81,18),(82,20),(83,22),(84,24),(85,26),(86,28),(87,30),(88,32),(87,34),(88,36),(87,38),(88,40),(87,42),(88,44),(87,46)
(88,48),(87,50),(88,52),(87,54),(88,56),(87,58),(88,60),(87,62),(88,64),(87,66),(88,68),(87,70),(88,72),(87,74),(88,76)
(87,78),(86,80),(85,82),(84,84),(82,85),(80,86),(78,87),(76,88),(75,86),(77,85),(79,84),(78,86),(77,88),(79,87),(81,86)
(83,85),(84,83),(82,84),(80,85),(81,83),(83,82),(85,81),(87,80),(88,78),(86,79),(84,80),(85,78),(86,76),(85,74),(86,72)
(85,70),(86,68),(85,66),(86,64),(85,62),(86,60),(85,58),(86,56),(85,54),(86,52),(85,50),(86,48),(85,46),(86,44),(85,42)
(86,40),(85,38),(86,36),(85,34),(86,32),(85,30),(84,28),(86,29),(88,30),(87,28),(86,26),(85,24),(84,22),(83,24),(84,26)
(85,28),(86,30),(87,32),(88,34),(86,33),(85,31),(84,29),(85,27),(84,25),(83,23),(82,21),(81,19),(79,18),(78,16),(77,14)
(76,12),(74,11),(72,10),(70,9),(68,8),(69,10),(71,11),(73,12),(75,13),(76,15),(77,17),(78,19),(80,20),(81,22),(82,24)
(83,26),(81,25),(82,23),(81,21),(80,19),(78,18),(79,20),(80,22),(81,24),(83,25),(84,27),(85,29),(86,31),(84,32),(83,30)
(82,28),(81,26),(83,27),(82,25),(81,23),(80,21),(79,19),(77,18),(76,16),(75,14),(73,13),(71,12),(69,11),(67,10),(65,9)
(63,8),(61,7),(59,6),(57,5),(55,4),(53,3),(51,2),(49,1),(47,0),(45,1),(47,2),(49,3),(51,4),(50,2),(52,3)
(54,4),(56,5),(58,6),(60,7),(62,8),(61,6),(63,7),(65,8),(67,9),(68,11),(70,12),(72,13),(74,14),(75,16),(76,18)
(77,20),(79,21),(80,23),(78,22),(79,24),(80,26),(82,27),(83,29),(84,31),(85,33),(86,35),(84,36),(86,37),(88,38),(87,36)
(86,34),(85,32),(84,30),(83,28),(82,26),(81,28),(82,30),(83,32),(84,34),(85,36),(86,38),(87,40),(88,42),(86,41),(85,39)
(84,37),(85,35),(84,33),(83,31),(82,29),(81,27),(80,25),(79,23),(78,21),(77,19),(76,17),(75,15),(74,13),(72,12),(70,11)
(68,10),(66,9),(64,8),(62,7),(60,6),(58,5),(56,4),(54,3),(55,5),(57,6),(59,7),(61,8),(63,9),(65,10),(67,11)
(69,12),(71,13),(73,14),(74,16),(75,18),(76,20),(77,22),(78,20),(79,22),(80,24),(78,23),(77,21),(76,19),(75,17),(74,15)
(72,14),(70,13),(68,12),(66,11),(64,10),(62,9),(60,8),(58,7),(56,6),(54,5),(52,4),(50,3),(48,2),(49,4),(51,5)
(53,6),(55,7),(57,8),(59,9),(61,10),(63,11),(64,9),(66,10),(65,12),(67,13),(69,14),(71,15),(73,16),(74,18),(75,20)
(76,22),(77,24),(79,25),(80,27),(81,29),(82,31),(83,33),(84,35),(85,37),(86,39),(84,40),(83,38),(82,36),(83,34),(82,32)
(81,30),(80,28),(79,26),(78,24),(76,23),(75,21),(74,19),(73,17),(72,15),(70,14),(68,13),(66,12),(64,11),(62,10),(60,9)
(58,8),(56,7),(54,6),(52,5),(50,4),(48,3),(46,2),(44,3),(46,4),(48,5),(50,6),(52,7),(53,5),(55,6),(57,7)
(59,8),(61,9),(63,10),(65,11),(67,12),(69,13),(71,14),(73,15),(74,17),(75,19),(76,21),(77,23),(78,25),(79,27),(80,29)
(81,31),(82,33),(83,35),(81,34),(80,32),(79,30),(78,28),(77,26),(76,24),(75,22),(74,20),(73,18),(72,16),(70,15),(68,14)
(66,13),(64,12),(62,11),(60,10),(58,9),(56,8),(54,7),(52,6),(50,5),(48,4),(46,3),(44,2),(42,3),(40,4),(38,5)
(36,6),(34,7),(35,5),(36,3),(34,4),(32,5),(30,6),(28,7),(26,8),(24,9),(23,11),(21,12),(19,13),(17,14),(18,12)
(16,13),(14,14),(13,16),(12,18),(13,20),(14,18),(15,16),(17,15),(19,14),(18,16),(16,17),(15,15),(14,17),(13,19),(12,21)
(13,23),(14,21),(15,19),(17,18),(15,17),(14,19),(16,18),(17,16),(18,14),(20,15),(19,17),(18,15),(16,16),(15,18),(14,20)
(16,19),(17,17),(19,16),(20,14),(22,13),(21,11),(23,10),(25,9),(27,8),(26,10),(24,11),(22,12),(20,13),(19,15),(21,14)
(23,13),(25,12),(27,11),(25,10),(27,9),(29,8),(31,7),(33,6),(32,8),(30,9),(28,10),(26,11),(24,12),(23,14),(21,15)
(20,17),(18,18),(17,20),(15,21),(14,23),(16,22),(15,20),(14,22),(15,24),(16,26),(14,27),(12,28),(13,26),(14,24),(15,22)
(16,20),(18,19),(17,21),(16,23),(15,25),(17,24),(18,22),(16,21),(17,19),(18,17),(20,16),(22,15),(24,14),(23,12),(25,11)
(27,10),(29,9),(31,8),(33,7),(35,6),(37,5),(39,4),(41,3),(43,2),(45,3),(47,4),(49,5),(51,6),(53,7),(55,8)
(57,9),(59,10),(61,11),(63,12),(65,13),(67,14),(69,15),(71,16),(72,18),(73,20),(74,22),(75,24),(77,25),(78,27),(79,29)
(80,31),(81,33),(82,35),(83,37),(84,39),(85,41),(86,43),(84,44),(86,45),(88,46),(87,44),(86,42),(85,40),(84,38),(83,36)
(82,34),(81,32),(80,30),(79,28),(78,26),(76,25),(75,23),(74,21),(73,19),(72,17),(70,16),(68,15),(66,14),(64,13),(62,12)
(60,11),(58,10),(56,9),(54,8),(55,10),(53,9),(51,8),(49,7),(47,6),(45,5),(43,4),(41,5),(40,3),(38,4),(36,5)
(34,6),(32,7),(30,8),(28,9),(30,10),(32,9),(34,8),(36,7),(38,6),(40,5),(42,4),(44,5),(42,6),(40,7),(39,5)
(37,6),(35,7),(33,8),(31,9),(29,10),(28,12),(26,13),(25,15),(24,13),(22,14),(21,16),(23,15),(25,14),(26,12),(28,11)
(27,13),(29,12),(31,11),(33,10),(35,9),(37,8),(39,7),(41,6),(43,5),(45,4),(47,5),(49,6),(51,7),(53,8),(55,9)
(57,10),(59,11),(61,12),(63,13),(65,14),(67,15),(69,16),(71,17),(72,19),(73,21),(74,23),(75,25),(76,27),(77,29),(78,31)
(79,33),(80,35),(81,37),(82,39),(83,41),(84,43),(85,45),(86,47),(84,48),(86,49),(88,50),(87,48),(86,46),(85,44),(84,42)
(83,40),(82,38),(81,36),(80,34),(79,32),(78,30),(77,28),(76,26),(74,25),(73,23),(72,21),(71,19),(70,17),(68,16),(66,15)
(64,14),(62,13),(60,12),(58,11),(56,10),(54,9),(52,8),(50,7),(48,6),(46,5),(44,4),(42,5),(40,6),(38,7),(36,8)
(34,9),(32,10),(30,11),(29,13),(27,12),(25,13),(27,14),(26,16),(24,15),(22,16),(24,17),(22,18),(23,16),(21,17),(19,18)
(18,20),(20,19),(19,21),(17,22),(16,24),(15,26),(14,28),(13,30),(12,32),(13,34),(14,32),(15,30),(13,31),(14,29),(15,27)
(16,25),(17,23),(18,21),(19,19),(21,18),(23,17),(25,16),(26,14),(28,15),(30,14),(28,13),(29,11),(31,12),(33,11),(31,10)
(33,9),(35,8),(37,7),(39,6),(38,8),(36,9),(34,10),(32,11),(30,12),(32,13),(34,12),(35,10),(37,9),(39,8),(41,7)
(43,6),(45,7),(47,8),(46,6),(48,7),(50,8),(52,9),(54,10),(56,11),(58,12),(60,13),(62,14),(64,15),(66,16),(68,17)
(70,18),(71,20),(72,22),(73,24),(74,26),(75,28),(77,27),(78,29),(79,31),(80,33),(81,35),(82,37),(83,39),(84,41),(85,43)
(83,42),(82,40),(81,38),(80,36),(79,34),(78,32),(77,30),(76,28),(75,26),(74,24),(73,22),(72,20),(71,18),(69,17),(67,16)
(65,15),(63,14),(61,13),(59,12),(57,11),(58,13),(56,12),(54,11),(52,10),(50,9),(48,8),(46,7),(44,6),(42,7),(40,8)
(38,9),(36,10),(34,11),(32,12),(30,13),(28,14),(26,15),(24,16),(22,17),(20,18),(19,20),(21,19),(23,18),(25,17),(27,16)
(29,15),(31,14),(33,13),(35,12),(37,11),(39,10),(41,9),(43,8),(45,9),(44,7),(42,8),(40,9),(38,10),(36,11),(38,12)
(37,10),(39,9),(41,8),(43,7),(45,6),(47,7),(49,8),(51,9),(53,10),(55,11),(57,12),(59,13),(61,14),(63,15),(65,16)
(67,17),(69,18),(70,20),(71,22),(72,24),(73,26),(75,27),(76,29),(77,31),(78,33),(79,35),(80,37),(81,39),(82,41),(83,43)
(84,45),(85,47),(83,46),(82,44),(81,42),(80,40),(79,38),(78,36),(77,34),(76,32),(75,30),(74,28),(72,27),(73,25),(72,23)
(71,21),(70,19),(68,18),(66,17),(64,16),(62,15),(60,14),(61,16),(63,17),(65,18),(67,19),(69,20),(70,22),(71,24),(72,26)
(74,27),(75,29),(76,31),(77,33),(78,35),(79,37),(80,39),(81,41),(82,43),(83,45),(84,47),(85,49),(86,51),(84,52),(86,53)
(88,54),(87,52),(86,50),(85,48),(84,46),(83,44),(82,42),(81,40),(80,38),(79,36),(78,34),(77,32),(76,30),(74,29),(73,27)
(72,25),(71,23),(70,21),(69,19),(67,18),(65,17),(63,16),(61,15),(59,14),(57,13),(55,12),(53,11),(51,10),(49,9),(47,10)
(46,8),(48,9),(50,10),(52,11),(54,12),(56,13),(58,14),(60,15),(62,16),(64,17),(66,18),(68,19),(69,21),(70,23),(71,25)
(69,24),(68,22),(67,20),(65,19),(63,18),(61,17),(59,16),(57,15),(55,14),(53,13),(51,12),(49,11),(47,12),(48,10),(46,9)
(44,8),(42,9),(40,10),(38,11),(36,12),(34,13),(35,11),(33,12),(31,13),(29,14),(27,15),(26,17),(24,18),(22,19),(20,20)
(19,22),(18,24),(17,26),(16,28),(18,27),(17,25),(18,23),(19,25),(20,23),(21,21),(23,20),(25,19),(27,18),(28,16),(30,15)
(32,14),(31,16),(29,17),(28,19),(27,17),(25,18),(23,19),(21,20),(20,22),(19,24),(18,26),(16,27),(15,29),(14,31),(13,33)
(12,35),(11,37),(13,38),(11,39),(9,40),(8,42),(10,41),(9,43),(7,44),(6,46),(5,48),(4,50),(3,52),(5,51),(6,49)
(7,47),(8,45),(10,44),(9,42),(8,44),(7,46),(6,48),(5,50),(4,52),(3,54),(2,56),(3,58),(4,56),(5,54),(6,52)
(7,50),(8,48),(9,46),(10,48),(8,47),(7,49),(6,51),(5,53),(4,55),(3,57),(2,59),(1,61),(3,62),(4,60),(5,58)
(6,56),(4,57),(2,58),(3,60),(5,59),(6,61),(5,63),(3,64),(1,65),(3,66),(5,67),(3,68),(1,69),(3,70),(5,71)
(3,72),(1,73),(3,74),(5,75),(3,76),(1,77),(3,78),(5,79),(3,80),(1,81),(2,83),(3,85),(5,86),(7,87),(9,88)
(10,86),(8,85),(6,84),(5,82),(4,84),(3,82),(5,83),(6,85),(8,86),(10,87),(12,88),(11,86),(9,85),(7,84),(6,82)
(5,84),(4,82),(6,83),(7,85),(9,86),(11,87),(13,88),(14,86),(12,85),(10,84),(8,83),(7,81),(5,80),(3,81),(2,79)
(4,80),(6,81),(7,83),(9,84),(11,85),(13,86),(15,87),(17,88),(18,86),(16,85),(14,84),(15,86),(16,88),(14,87),(12,86)
(10,85),(8,84),(9,82),(11,83),(13,84),(15,85),(17,86),(19,87),(21,88),(22,86),(20,85),(18,84),(19,86),(20,88),(18,87)
(16,86),(14,85),(12,84),(10,83),(8,82),(7,80),(5,81),(4,79),(3,77),(2,75),(4,76),(5,78),(6,80),(7,82),(9,83)
(11,84),(13,85),(12,83),(10,82),(8,81),(7,79),(6,77),(4,78),(6,79),(5,77),(4,75),(3,73),(2,71),(4,72),(5,74)
(6,76),(7,78),(8,80),(10,81),(12,82),(14,83),(16,84),(18,85),(20,86),(22,87),(24,88),(23,86),(21,85),(19,84),(17,85)
(15,84),(13,83),(11,82),(9,81),(8,79),(6,78),(5,76),(4,74),(6,73),(7,75),(8,77),(9,79),(11,80),(13,81),(15,82)
(17,83),(19,82),(20,84),(21,86),(19,85),(17,84),(15,83),(13,82),(11,81),(9,80),(8,78),(7,76),(6,74),(5,72),(4,70)
(6,69),(4,68),(2,67),(3,69),(4,71),(5,73),(6,75),(7,77),(9,78),(10,80),(12,81),(14,82),(16,83),(15,81),(13,80)
(11,79),(10,77),(8,76),(7,74),(6,72),(5,70),(7,71),(8,73),(9,75),(11,76),(10,78),(9,76),(8,74),(7,72),(6,70)
(5,68),(4,66),(6,65),(4,64),(2,63),(4,62),(5,64),(3,65),(4,67),(5,69),(6,71),(7,73),(8,75),(9,77),(10,79)
(12,78),(14,79),(12,80),(14,81),(16,82),(18,83),(17,81),(15,80),(13,79),(11,78),(10,76),(9,74),(8,72),(7,70),(6,68)
(5,66),(7,67),(8,69),(9,71),(10,73),(11,75),(12,77),(14,78),(12,79),(14,80),(16,81),(18,82),(20,83),(22,84),(24,85)
(23,87),(25,88),(26,86),(28,85),(27,87),(29,88),(30,86),(32,85),(31,87),(33,88),(34,86),(36,85),(35,87),(37,88),(38,86)
(40,85),(39,87),(41,88),(42,86),(44,85),(43,87),(45,88),(46,86),(48,85),(47,87),(49,88),(50,86),(52,85),(51,87),(53,88)
(54,86),(56,85),(55,87),(57,88),(58,86),(60,85),(62,86),(61,88),(59,87),(57,86),(56,88),(55,86),(54,84),(53,86),(52,88)
(54,87),(55,85),(57,84),(56,86),(58,87),(60,88),(59,86),(57,85),(55,84),(53,85),(51,86),(50,84),(49,86),(48,88),(50,87)
(52,86),(54,85),(56,84),(58,85),(60,86),(62,87),(64,88),(63,86),(61,85),(59,84),(57,83),(55,82),(53,83),(51,84),(49,85)
(47,86),(46,84),(45,86),(44,88),(46,87),(48,86),(50,85),(52,84),(54,83),(56,82),(58,83),(59,85),(61,86),(63,87),(65,88)
(66,86),(64,85),(62,84),(60,83),(58,84),(56,83),(58,82),(56,81),(55,83),(53,84),(51,85),(52,83),(54,82),(52,81),(51,83)
(49,84),(47,85),(48,83),(50,82),(48,81),(49,83),(47,84),(45,85),(43,86),(42,84),(41,86),(40,88),(42,87),(44,86),(46,85)
(48,84),(50,83),(52,82),(54,81),(56,80),(57,82),(59,83),(61,84),(63,85),(65,86),(67,87),(69,88),(70,86),(68,85),(66,84)
(67,86),(68,88),(66,87),(64,86),(62,85),(60,84),(62,83),(64,84),(66,85),(68,86),(70,87),(72,88),(74,87),(76,86),(78,85)
(80,84),(82,83),(84,82),(85,80),(86,78),(87,76),(88,74),(86,75),(85,77),(84,79),(83,81),(81,82),(83,83),(84,81),(85,79)
(86,77),(84,76),(83,78),(82,80),(80,81),(82,82),(81,84),(79,83),(77,84),(79,85),(77,86),(75,87),(73,88),(74,86),(76,85)
(78,84),(80,83),(78,82),(76,83),(75,85),(73,86),(71,87),(72,85),(74,84),(75,82),(76,84),(78,83),(80,82),(82,81),(83,79)
(84,77),(85,75),(86,73),(84,72),(86,71),(88,70),(87,72),(86,74),(85,76),(84,78),(83,80),(81,81),(82,79),(83,77),(84,75)
(85,73),(83,74),(82,76),(81,78),(80,80),(79,82),(77,83),(75,84),(73,85),(71,86),(69,85),(71,84),(72,86),(74,85),(73,83)
(74,81),(75,83),(77,82),(79,81),(81,80),(82,78),(83,76),(84,74),(85,72),(86,70),(87,68),(88,66),(86,67),(85,69),(84,71)
(83,73),(82,75),(81,77),(80,79),(78,80),(76,81),(74,82),(73,84),(71,85),(69,86),(70,84),(72,83),(73,81),(74,83),(76,82)
(78,81),(79,79),(77,80),(75,81),(73,82),(72,84),(70,85),(71,83),(69,84),(67,85),(68,83),(70,82),(72,81),(74,80),(76,79)
(77,81),(79,80),(81,79),(82,77),(83,75),(84,73),(85,71),(86,69),(84,68),(83,70),(82,72),(81,74),(80,76),(79,78),(77,79)
(75,80),(73,79),(75,78),(76,80),(78,79),(80,78),(81,76),(82,74),(83,72),(84,70),(85,68),(86,66),(87,64),(88,62),(86,63)
(85,65),(84,67),(83,69),(82,71),(81,73),(80,75),(79,77),(77,78),(75,79),(73,80),(72,82),(70,83),(68,84),(69,82),(71,81)
(72,79),(74,78),(76,77),(78,78),(80,77),(78,76),(79,74),(81,75),(82,73),(83,71),(84,69),(85,67),(86,65),(84,64),(83,66)
(82,68),(81,70),(80,72),(78,73),(80,74),(79,76),(77,77),(78,75),(79,73),(81,72),(82,70),(83,68),(84,66),(85,64),(86,62)
(87,60),(88,58),(87,56),(86,58),(85,60),(84,62),(86,61),(85,63),(84,65),(83,67),(82,69),(81,71),(80,73),(79,75),(78,77)
(77,75),(75,76),(76,78),(74,79),(73,77),(71,78),(72,80),(71,82),(70,80),(68,81),(69,83),(67,84),(65,85),(66,83),(68,82)
(70,81),(71,79),(73,78),(75,77),(77,76),(78,74),(79,72),(80,70),(81,68),(82,66),(83,64),(81,65),(82,67),(81,69),(80,71)
(78,72),(77,74),(76,76),(74,77),(75,75),(76,73),(77,71),(79,70),(80,68),(81,66),(83,65),(84,63),(85,61),(86,59),(84,60)
(83,62),(82,64),(80,65),(81,67),(80,69),(79,71),(78,69),(79,67),(77,68),(79,69),(80,67),(78,68),(77,70),(76,72),(78,71)
(77,73),(76,75),(74,76),(75,74),(73,75),(72,77),(70,78),(71,80),(69,81),(67,82),(65,83),(63,84),(61,83),(63,82),(65,81)
(64,83),(66,82),(65,84),(67,83),(65,82),(63,83),(61,82),(63,81),(65,80),(67,81),(69,80),(67,79),(66,81),(64,82),(62,81)
(60,82),(58,81),(60,80),(59,82),(61,81),(63,80),(62,82),(64,81),(66,80),(68,79),(69,77),(70,79),(72,78),(71,76),(72,74)
(73,76),(71,77),(69,78),(68,80),(66,79),(64,80),(62,79),(64,78),(66,77),(68,78),(67,80),(69,79),(70,77),(72,76),(74,75)
(76,74),(74,73),(75,71),(77,72),(78,70),(79,68),(78,66),(79,64),(80,66),(82,65),(81,63),(82,61),(83,63),(84,61),(85,59)
(86,57),(85,55),(84,57),(83,59),(81,60),(83,61),(82,63),(80,62),(81,64),(82,62),(83,60),(84,58),(85,56),(86,54),(85,52)
(84,50),(83,48),(82,46),(81,44),(80,42),(79,40),(78,38),(77,36),(76,34),(75,32),(74,30),(73,28),(71,27),(70,25),(69,23)
(68,21),(66,20),(64,19),(62,18),(60,17),(59,15),(57,14),(55,13),(53,12),(51,11),(49,10),(47,9),(45,8),(43,9),(41,10)
(39,11),(37,12),(35,13),(33,14),(31,15),(29,16),(28,18),(26,19),(24,20),(22,21),(21,23),(20,21),(19,23),(18,25),(17,27)
(15,28),(14,30),(13,32),(12,34),(11,36),(10,38),(12,37),(13,35),(14,33),(15,31),(16,29),(18,28),(19,26),(20,24),(21,22)
(22,20),(24,19),(26,18),(28,17),(30,16),(32,15),(34,14),(36,13),(35,15),(37,14),(39,13),(40,11),(42,10),(44,9),(46,10)
(48,11),(50,12),(52,13),(54,14),(56,15),(58,16),(59,18),(60,16),(62,17),(64,18),(66,19),(68,20),(69,22),(70,24),(71,26)
(72,28),(73,30),(75,31),(76,33),(77,35),(78,37),(79,39),(80,41),(81,43),(82,45),(83,47),(84,49),(85,51),(84,53),(83,55)
(82,57),(84,56),(86,55),(85,57),(84,59),(82,58),(83,56),(84,54),(83,52),(85,53),(84,55),(83,57),(82,59),(81,61),(80,63)
(79,65),(78,67),(77,69),(76,71),(75,73),(73,74),(71,75),(69,76),(67,77),(65,78),(63,79),(61,80),(59,81),(57,80),(55,81)
(53,82),(54,80),(56,79),(57,81),(59,80),(61,79),(60,81),(58,80),(60,79),(62,80),(64,79),(66,78),(68,77),(70,76),(72,75)
(74,74),(75,72),(76,70),(74,71),(73,73),(71,74),(69,75),(67,76),(65,77),(67,78),(65,79),(63,78),(64,76),(62,77),(60,78)
(58,79),(59,77),(61,78),(59,79),(57,78),(55,79),(53,80),(51,81),(49,82),(47,83),(45,84),(43,85),(44,83),(46,82),(44,81)
(45,83),(43,84),(41,85),(39,86),(38,84),(37,86),(36,88),(38,87),(40,86),(42,85),(44,84),(46,83),(48,82),(50,81),(52,80)
(51,82),(53,81),(55,80),(57,79),(59,78),(61,77),(63,76),(62,78),(64,77),(66,76),(68,75),(70,74),(72,73),(74,72),(75,70)
(76,68),(77,66),(78,64),(79,66),(80,64),(81,62),(82,60),(83,58),(81,59),(80,61),(79,63),(78,65),(77,67),(76,69),(74,70)
(73,72),(71,73),(70,75),(68,76),(69,74),(67,75),(65,76),(63,77),(61,76),(63,75),(65,74),(67,73),(66,75),(68,74),(70,73)
(72,72),(73,70),(75,69),(76,67),(77,65),(78,63),(79,61),(80,59),(81,57),(82,55),(83,53),(84,51),(83,49),(82,51),(81,53)
(83,54),(82,56),(81,58),(80,60),(79,62),(77,63),(76,65),(75,67),(74,69),(73,71),(71,72),(69,73),(67,74),(65,75),(66,73)
(68,72),(70,71),(72,70),(73,68),(74,66),(75,68),(76,66),(77,64),(78,62),(79,60),(80,58),(81,56),(82,54),(80,55),(79,57)
(78,59),(77,61),(76,63),(75,65),(74,67),(73,69),(72,71),(70,72),(68,73),(66,74),(64,75),(62,76),(60,77),(58,78),(59,76)
(57,77),(55,78),(53,79),(51,80),(49,81),(47,82),(45,81),(43,82),(41,83),(39,84),(37,85),(35,86),(34,84),(33,86),(32,88)
(34,87),(36,86),(38,85),(40,84),(42,83),(44,82),(46,81),(48,80),(50,79),(52,78),(54,79),(56,78),(58,77),(60,76),(62,75)
(64,74),(65,72),(63,73),(61,74),(59,75),(57,76),(55,77),(53,78),(51,79),(49,80),(47,81),(45,82),(43,83),(41,84),(39,85)
(40,83),(42,82),(43,80),(41,81),(39,82),(37,83),(35,84),(33,85),(31,86),(30,84),(29,86),(28,88),(26,87),(24,86),(22,85)
(21,83),(23,84),(25,85),(27,86),(26,84),(25,86),(23,85),(21,84),(19,83),(17,82),(16,80),(18,81),(20,82),(22,83),(24,84)
(26,85),(28,86),(30,87),(29,85),(27,84),(25,83),(23,82),(21,81),(19,80),(17,79),(15,78),(13,77),(12,75),(11,77),(10,75)
(9,73),(8,71),(7,69),(6,67),(5,65),(4,63),(3,61),(5,62),(6,64),(7,66),(8,68),(9,70),(10,72),(11,74),(12,76)
(13,78),(15,79),(17,80),(19,81),(21,82),(23,83),(25,84),(27,85),(28,83),(26,82),(24,83),(22,82),(20,81),(18,80),(16,79)
(15,77),(13,76),(12,74),(14,75),(13,73),(11,72),(10,74),(9,72),(8,70),(7,68),(6,66),(8,67),(9,69),(10,71),(11,73)
(13,74),(14,76),(16,77),(18,78),(20,79),(22,80),(24,81),(23,79),(22,81),(20,80),(18,79),(16,78),(14,77),(13,75),(12,73)
(11,71),(10,69),(9,67),(8,65),(7,63),(9,64),(7,65),(6,63),(5,61),(4,59),(6,60),(7,62),(8,64),(9,66),(10,68)
(11,70),(12,72),(14,73),(15,75),(17,76),(19,77),(17,78),(19,79),(21,80),(23,81),(25,82),(27,83),(29,84),(31,85),(32,83)
(30,82),(31,84),(32,86),(30,85),(28,84),(26,83),(24,82),(25,80),(27,81),(29,82),(31,83),(33,84),(35,85),(37,84),(39,83)
(41,82),(43,81),(45,80),(47,79),(49,78),(50,80),(52,79),(54,78),(56,77),(58,76),(60,75),(62,74),(64,73),(66,72),(68,71)
(70,70),(69,72),(71,71),(72,69),(74,68),(75,66),(76,64),(77,62),(78,60),(79,58),(80,56),(81,54),(82,52),(83,50),(82,48)
(81,46),(80,44),(79,42),(78,40),(77,38),(76,36),(75,34),(74,32),(72,31),(73,29),(74,31),(75,33),(76,35),(77,37),(78,39)
(79,41),(80,43),(81,45),(82,47),(81,49),(80,47),(79,45),(78,43),(77,41),(76,39),(75,37),(74,35),(73,33),(71,32),(73,31)
(72,29),(70,28),(69,26),(68,24),(67,22),(65,21),(63,20),(61,19),(62,21),(63,19),(65,20),(67,21),(68,23),(69,25),(70,27)
(71,29),(69,28),(70,26),(71,28),(72,30),(73,32),(74,34),(75,36),(76,38),(77,40),(78,42),(79,44),(80,46),(81,48),(82,50)
(80,51),(79,53),(81,52),(83,51),(82,53),(81,55),(80,57),(79,59),(78,61),(76,62),(75,64),(73,65),(72,67),(71,69),(69,70)
(67,71),(68,69),(69,71),(71,70),(70,68),(71,66),(73,67),(74,65),(75,63),(76,61),(77,59),(78,57),(79,55),(80,53),(81,51)
(82,49),(81,47),(80,49),(79,51),(81,50),(80,52),(79,54),(78,56),(77,58),(76,60),(75,62),(74,64),(73,66),(72,68),(70,69)
(71,67),(72,65),(73,63),(74,61),(75,59),(77,60),(78,58),(79,56),(80,54),(78,55),(77,57),(76,59),(75,61),(74,63),(72,64)
(73,62),(74,60),(75,58),(76,56),(77,54),(78,52),(79,50),(80,48),(79,46),(78,48),(77,50),(79,49),(78,47),(77,45),(76,43)
(78,44),(80,45),(79,47),(77,46),(76,48),(78,49),(80,50),(79,52),(78,54),(77,56),(76,58),(75,60),(74,62),(73,64),(72,66)
(71,68),(69,69),(70,67),(71,65),(72,63),(73,61),(74,59),(75,57),(76,55),(77,53),(78,51),(77,49),(79,48),(78,50),(77,52)
(76,54),(78,53),(77,55),(76,57),(74,58),(75,56),(73,57),(74,55),(75,53),(76,51),(75,49),(77,48),(78,46),(76,47),(75,45)
(77,44),(79,43),(78,41),(77,39),(76,37),(75,35),(74,33),(72,34),(73,36),(74,38),(75,40),(76,42),(75,44),(77,43),(78,45)
(76,46),(74,47),(73,45),(75,46),(77,47),(76,45),(75,47),(76,49),(77,51),(76,53),(75,55),(74,57),(73,59),(72,61),(71,63)
(70,65),(69,67),(67,68),(68,70),(67,72),(66,70),(64,71),(65,73),(63,74),(61,75),(62,73),(64,72),(66,71),(67,69),(69,68)
(70,66),(71,64),(72,62),(73,60),(71,61),(72,59),(70,60),(71,62),(70,64),(69,66),(68,68),(67,70),(65,71),(63,72),(61,73)
(59,74),(57,75),(55,76),(53,77),(51,78),(49,79),(47,80),(45,79),(47,78),(46,80),(48,79),(50,78),(52,77),(54,76),(56,75)
(58,74),(60,73),(62,72),(63,70),(65,69),(66,67),(68,66),(69,64),(70,62),(71,60),(72,58),(73,56),(74,54),(75,52),(76,50)
(75,48),(74,50),(73,52),(75,51),(74,49),(73,47),(74,45),(76,44),(77,42),(76,40),(75,38),(74,36),(73,34),(72,32),(71,30)
(69,29),(68,27),(67,25),(66,23),(64,22),(66,21),(64,20),(62,19),(60,18),(58,17),(56,16),(58,15),(56,14),(54,13),(52,12)
(50,11),(49,13),(51,14),(53,15),(55,16),(57,17),(58,19),(59,17),(61,18),(60,20),(61,22),(62,20),(64,21),(66,22),(67,24)
(68,26),(66,25),(67,23),(68,25),(69,27),(70,29),(71,31),(72,33),(73,35),(74,37),(75,39),(76,41),(75,43),(74,41),(73,39)
(72,37),(71,35),(70,33),(69,31),(68,29),(70,30),(69,32),(71,33),(70,31),(68,30),(67,28),(66,26),(65,24),(63,23),(65,22)
(63,21),(61,20),(59,19),(57,18),(55,17),(57,16),(55,15),(53,14),(51,13),(49,12),(47,11),(45,10),(43,11),(41,12),(43,13)
(44,11),(46,12),(48,13),(50,14),(52,15),(54,16),(56,17),(58,18),(60,19),(59,21),(57,20),(56,18),(54,17),(55,19),(53,18)
(52,16),(54,15),(52,14),(50,13),(48,12),(46,11),(44,10),(42,11),(40,12),(38,13),(36,14),(34,15),(32,16),(30,17),(29,19)
(27,20),(25,21),(23,22),(22,24),(20,25),(19,27),(17,28),(16,30),(15,32),(14,34),(13,36),(12,38),(11,40),(10,42),(9,44)
(8,46),(7,48),(6,50),(5,52),(4,54),(3,56),(4,58),(5,60),(6,62),(7,64),(8,66),(9,68),(10,70),(12,71),(11,69)
(10,67),(9,65),(8,63),(7,61),(6,59),(5,57),(6,55),(7,53),(8,51),(9,49),(10,47),(9,45),(10,43),(11,41),(12,39)
(13,37),(14,35),(15,33),(16,31),(17,29),(19,28),(20,26),(21,24),(22,22),(24,21),(26,20),(25,22),(23,21),(25,20),(27,19)
(29,18),(31,17),(33,16),(32,18),(30,19),(28,20),(26,21),(24,22),(22,23),(21,25),(20,27),(19,29),(17,30),(16,32),(15,34)
(14,36),(16,35),(15,37),(14,39),(13,41),(11,42),(12,44),(10,45),(9,47),(8,49),(7,51),(6,53),(5,55),(6,57),(7,59)
(8,61),(9,63),(10,65),(11,67),(12,69),(13,71),(15,72),(14,74),(15,76),(16,74),(18,75),(17,77),(19,78),(21,79),(23,80)
(25,81),(27,82),(29,83),(28,81),(26,80),(24,79),(22,78),(20,77),(18,76),(16,75),(15,73),(13,72),(12,70),(11,68),(10,66)
(12,67),(13,69),(14,71),(16,72),(15,74),(16,76),(17,74),(19,75),(18,77),(20,78),(22,79),(24,80),(26,81),(28,82),(30,83)
(32,84),(34,85),(36,84),(34,83),(32,82),(30,81),(28,80),(26,79),(24,78),(22,77),(20,76),(21,78),(23,77),(21,76),(20,74)
(19,76),(17,75),(18,73),(17,71),(16,73),(14,72),(15,70),(14,68),(13,70),(12,68),(11,66),(10,64),(9,62),(8,60),(7,58)
(8,56),(7,54),(8,52),(9,50),(10,52),(9,54),(7,55),(5,56),(6,58),(7,60),(8,62),(10,63),(11,65),(13,66),(12,64)
(11,62),(9,61),(8,59),(7,57),(9,58),(10,60),(12,61),(10,62),(11,64),(12,66),(13,68),(14,70),(16,71),(17,73),(19,74)
(21,75),(23,76),(21,77),(23,78),(25,79),(27,80),(29,81),(31,82),(33,83),(35,82),(33,81),(31,80),(29,79),(27,78),(25,77)
(24,75),(22,76),(20,75),(18,74),(19,72),(21,73),(22,75),(24,76),(25,78),(27,79),(29,80),(31,81),(33,82),(35,83),(37,82)
(35,81),(36,83),(34,82),(32,81),(30,80),(28,79),(26,78),(24,77),(26,76),(28,77),(30,78),(32,79),(34,80),(36,81),(38,82)
(40,81),(38,80),(36,79),(37,81),(38,83),(36,82),(34,81),(32,80),(30,79),(28,78),(26,77),(25,75),(23,74),(25,73),(26,75)
(27,77),(25,76),(23,75),(21,74),(19,73),(17,72),(15,71),(14,69),(13,67),(12,65),(11,63),(10,61),(9,59),(8,57),(10,56)
(8,55),(6,54),(8,53),(9,55),(7,56),(8,58),(9,60),(11,59),(10,57),(11,55),(9,56),(8,54),(7,52),(8,50),(9,52)
(10,54),(12,53),(11,51),(10,53),(9,51),(10,49),(11,47),(9,48),(10,50),(12,49),(13,51),(11,50),(12,48),(11,46),(13,47)
(11,48),(10,46),(11,44),(12,42),(13,40),(14,38),(15,36),(16,34),(17,32),(18,30),(20,29),(21,27),(22,25),(23,23),(24,25)
(22,26),(23,24),(25,23),(27,22),(29,21),(31,20),(30,18),(32,17),(33,15),(35,14),(37,13),(39,12),(41,11),(43,10),(45,11)
(43,12),(41,13),(39,14),(37,15),(35,16),(33,17),(31,18),(30,20),(28,21),(26,22),(24,23),(26,24),(28,23),(27,21),(29,20)
(31,19),(33,18),(34,16),(36,15),(38,14),(40,13),(42,12),(44,13),(42,14),(40,15),(38,16),(36,17),(34,18),(32,19),(31,21)
(29,22),(27,23),(25,24),(23,25),(21,26),(20,28),(18,29),(17,31),(16,33),(15,35),(14,37),(13,39),(12,41),(11,43),(12,45)
(13,43),(14,41),(15,39),(16,37),(17,35),(18,33),(19,31),(21,30),(22,28),(23,26),(24,24),(26,23),(28,22),(30,21),(32,20)
(34,19),(35,17),(37,16),(39,15),(41,14),(43,15),(42,13),(44,12),(46,13),(48,14),(50,15),(51,17),(53,16),(51,15),(49,14)
(47,13),(45,12),(46,14),(48,15),(50,16),(52,17),(54,18),(56,19),(58,20),(60,21),(62,22),(64,23),(66,24),(67,26),(68,28)
(69,30),(70,32),(71,34),(72,36),(73,38),(74,40),(75,42),(74,44),(73,42),(75,41),(74,43),(73,41),(74,39),(73,37),(72,35)
(70,34),(71,36),(72,38),(73,40),(74,42),(72,43),(71,41),(72,39),(71,37),(70,35),(69,33),(68,31),(67,29),(66,27),(65,25)
(63,24),(65,23),(63,22),(61,21),(59,20),(57,19),(55,18),(53,17),(51,16),(49,15),(47,14),(45,13),(43,14),(41,15),(39,16)
(40,14),(38,15),(36,16),(34,17),(33,19),(35,18),(37,17),(36,19),(38,18),(40,17),(42,16),(44,15),(46,16),(45,14),(47,15)
(49,16),(50,18),(48,17),(46,18),(47,16),(45,15),(44,17),(42,18),(41,16),(39,17),(37,18),(35,19),(33,20),(32,22),(30,23)
(28,24),(26,25),(24,26),(22,27),(21,29),(19,30),(18,32),(17,34),(16,36),(15,38),(14,40),(13,42),(15,41),(14,43),(13,45)
(12,43),(11,45),(12,47),(11,49),(10,51),(9,53),(11,52),(12,50),(14,49),(15,51),(13,50),(12,52),(11,54),(12,56),(11,58)
(9,57),(10,55),(11,53),(12,51),(13,49),(14,51),(13,53),(12,55),(11,57),(10,59),(11,61),(12,63),(13,65),(14,67),(15,69)
(17,70),(18,72),(20,73),(22,74),(21,72),(19,71),(18,69),(16,70),(15,68),(14,66),(13,64),(12,62),(11,60),(10,58),(12,59)
(13,61),(14,63),(15,65),(16,67),(17,69),(18,71),(20,72),(22,73),(24,74),(23,72),(21,71),(19,70),(18,68),(16,69),(15,67)
(14,65),(13,63),(15,64),(16,66),(17,68),(18,70),(20,71),(22,72),(24,73),(26,74),(27,76),(29,77),(31,78),(33,79),(35,80)
(34,78),(33,80),(31,79),(29,78),(28,76),(30,77),(32,78),(34,79),(36,80),(38,81),(40,82),(42,81),(40,80),(38,79),(39,81)
(37,80),(35,79),(33,78),(31,77),(29,76),(27,75),(25,74),(23,73),(22,71),(20,70),(19,68),(17,67),(15,66),(16,68),(17,66)
(16,64),(15,62),(14,64),(13,62),(12,60),(13,58),(14,60),(16,61),(14,62),(13,60),(12,58),(11,56),(13,57),(14,59),(15,61)
(16,63),(17,65),(18,67),(19,69),(21,70),(23,71),(25,72),(27,73),(28,75),(30,76),(32,77),(31,75),(29,74),(28,72),(27,74)
(29,75),(31,76),(33,77),(35,78),(37,79),(39,80),(41,79),(39,78),(37,77),(35,76),(36,78),(34,77),(32,76),(30,75),(28,74)
(26,73),(24,72),(26,71),(24,70),(22,69),(20,68),(19,66),(18,64),(16,65),(15,63),(14,61),(13,59),(12,57),(13,55),(14,57)
(15,59),(17,60),(16,62),(17,64),(18,66),(20,67),(21,69),(23,70),(25,71),(27,72),(29,73),(31,74),(33,75),(32,73),(30,74)
(32,75),(34,76),(36,77),(38,78),(40,79),(42,80),(44,79),(46,78),(48,77),(50,76),(52,75),(51,77),(53,76),(54,74),(56,73)
(55,75),(54,77),(56,76),(58,75),(60,74),(61,72),(63,71),(65,70),(66,68),(68,67),(69,65),(70,63),(68,64),(67,66),(65,67)
(66,69),(64,70),(62,71),(60,72),(58,73),(56,74),(54,75),(52,76),(50,77),(48,78),(46,79),(44,80),(42,79),(44,78),(46,77)
(48,76),(50,75),(49,77),(51,76),(53,75),(55,74),(57,73),(59,72),(61,71),(62,69),(64,68),(65,66),(67,67),(68,65),(69,63)
(70,61),(72,60),(73,58),(74,56),(75,54),(76,52),(75,50),(74,52),(73,54),(72,56),(71,58),(69,59),(68,61),(67,63),(69,62)
(68,60),(70,59),(69,61),(68,63),(67,65),(66,63),(68,62),(67,64),(66,66),(65,68),(63,69),(61,70),(59,71),(57,72),(59,73)
(57,74),(58,72),(60,71),(62,70),(64,69),(63,67),(61,68),(60,70),(58,71),(56,72),(54,73),(52,74),(53,72),(55,73),(53,74)
(51,75),(49,76),(47,77),(45,78),(43,79),(41,80),(39,79),(37,78),(35,77),(33,76),(34,74),(36,75),(38,76),(40,77),(42,78)
(44,77),(46,76),(48,75),(50,74),(52,73),(54,72),(56,71),(58,70),(60,69),(62,68),(64,67),(65,65),(63,66),(61,67),(63,68)
(61,69),(59,70),(57,71),(55,72),(53,73),(51,74),(49,75),(47,76),(45,77),(43,78),(41,77),(43,76),(45,75),(47,74),(49,73)
(51,72),(53,71),(55,70),(57,69),(59,68),(60,66),(62,67),(64,66),(66,65),(64,64),(62,65),(63,63),(65,64),(66,62),(67,60)
(68,58),(69,60),(71,59),(70,57),(71,55),(72,57),(73,55),(74,53),(73,51),(72,53),(71,51),(73,50),(74,48),(72,49),(71,47)
(73,46),(72,48),(71,46),(72,44),(71,42),(73,43),(72,41),(71,39),(70,37),(69,35),(68,33),(67,31),(66,29),(67,27),(65,26)
(64,24),(62,23),(60,22),(58,21),(56,20),(54,19),(52,18),(50,17),(48,16),(46,15),(44,14),(43,16),(45,17),(47,18),(49,17)
(51,18),(53,19),(55,20),(57,21),(59,22),(61,23),(62,25),(64,26),(65,28),(66,30),(67,32),(68,34),(69,36),(70,38),(71,40)
(72,42),(73,44),(74,46),(73,48),(72,46),(71,44),(70,42),(69,40),(68,38),(70,39),(72,40),(71,38),(70,36),(69,34),(68,32)
(67,30),(66,28),(64,27),(63,25),(61,24),(59,23),(57,22),(55,21),(53,20),(51,19),(49,18),(47,17),(45,16),(43,17),(42,15)
(40,16),(38,17),(36,18),(38,19),(40,18),(42,17),(44,16),(46,17),(48,18),(50,19),(52,20),(54,21),(56,22),(58,23),(60,24)
(61,26),(62,24),(64,25),(65,27),(63,26),(64,28),(65,30),(66,32),(67,34),(68,36),(69,38),(70,40),(69,42),(71,43),(72,45)
(70,44),(69,46),(71,45),(72,47),(73,49),(74,51),(73,53),(72,55),(71,57),(69,58),(70,56),(71,54),(72,52),(71,50),(70,48)
(69,50),(71,49),(72,51),(70,52),(69,54),(71,53),(70,55),(72,54),(71,56),(70,58),(69,56),(70,54),(71,52),(72,50),(71,48)
(70,50),(69,52),(68,54),(70,53),(69,55),(68,57),(67,59),(66,61),(65,63),(67,62),(66,64),(64,65),(62,66),(63,64),(64,62)
(65,60),(67,61),(65,62),(66,60),(68,59),(69,57),(67,58),(68,56),(66,57),(65,59),(64,61),(62,62),(64,63),(63,65),(61,64)
(59,65),(60,67),(59,69),(57,70),(55,71),(56,69),(58,68),(59,66),(60,68),(61,66),(62,64),(60,65),(59,67),(58,69),(56,70)
(54,71),(52,72),(50,73),(48,74),(46,75),(44,76),(42,77),(40,78),(38,77),(36,76),(34,75),(32,74),(30,73),(29,71),(28,73)
(26,72),(24,71),(22,70),(20,69),(19,67),(18,65),(17,63),(19,64),(18,62),(20,63),(19,65),(18,63),(17,61),(15,60),(14,58)
(13,56),(12,54),(13,52),(14,54),(15,56),(16,58),(18,59),(16,60),(17,62),(19,61),(21,62),(19,63),(20,65),(21,67),(23,68)
(25,69),(27,70),(26,68),(25,70),(23,69),(21,68),(20,66),(22,67),(21,65),(23,66),(22,68),(24,69),(26,70),(28,71),(30,72)
(29,70),(27,71),(29,72),(31,73),(33,74),(35,75),(37,76),(39,77),(41,78),(43,77),(41,76),(39,75),(37,74),(35,73),(33,72)
(31,71),(30,69),(28,70),(26,69),(24,68),(26,67),(27,69),(25,68),(23,67),(21,66),(20,64),(19,62),(18,60),(16,59),(15,57)
(14,55),(15,53),(13,54),(14,56),(15,58),(17,57),(16,55),(18,56),(17,58),(16,56),(15,54),(14,52),(15,50),(14,48),(13,46)
(14,44),(15,42),(16,40),(17,38),(18,36),(19,34),(17,33),(18,31),(20,32),(22,31),(20,30),(21,28),(23,27),(22,29),(21,31)
(19,32),(18,34),(17,36),(16,38),(15,40),(14,42),(13,44),(12,46),(13,48),(14,50),(15,52),(16,54),(14,53),(15,55),(16,57)
(17,59),(18,61),(20,60),(19,58),(21,59),(19,60),(20,62),(21,64),(22,66),(24,67),(23,65),(22,63),(21,61),(20,59),(18,58)
(17,56),(19,57),(18,55),(17,53),(16,51),(15,49),(14,47),(15,45),(16,43),(17,41),(16,39),(17,37),(18,35),(19,33),(20,31)
(21,33),(20,35),(19,37),(18,39),(19,41),(17,40),(16,42),(15,44),(14,46),(15,48),(16,50),(17,52),(18,54),(16,53),(17,55)
(18,57),(19,59),(20,61),(21,63),(22,65),(24,66),(23,64),(22,62),(21,60),(20,58),(19,56),(21,57),(22,59),(23,61),(24,63)
(22,64),(24,65),(25,67),(27,68),(26,66),(28,67),(29,69),(30,71),(32,72),(34,73),(36,74),(38,75),(40,76),(42,75),(40,74)
(39,76),(37,75),(35,74),(33,73),(31,72),(32,70),(34,71),(36,72),(38,73),(40,72),(39,74),(41,75),(43,74),(42,76),(40,75)
(38,74),(36,73),(34,72),(32,71),(30,70),(28,69),(27,67),(25,66),(24,64),(23,62),(22,60),(21,58),(20,56),(19,54),(18,52)
(17,54),(16,52),(17,50),(16,48),(15,46),(16,44),(14,45),(15,47),(16,49),(17,51),(18,53),(19,55),(20,57),(22,58),(23,60)
(24,62),(22,61),(23,63),(25,64),(27,65),(26,63),(25,65),(27,66),(28,68),(29,66),(30,68),(31,70),(33,71),(35,72),(37,73)
(39,72),(41,73),(42,71),(43,73),(44,75),(42,74),(40,73),(38,72),(36,71),(34,70),(32,69),(31,67),(29,68),(31,69),(33,70)
(35,71),(37,72),(39,73),(41,74),(43,75),(45,76),(47,75),(45,74),(47,73),(49,74),(51,73),(49,72),(51,71),(53,70),(55,69)
(57,68),(58,66),(56,67),(54,68),(52,69),(54,70),(52,71),(50,72),(48,73),(46,74),(44,73),(42,72),(40,71),(38,70),(36,69)
(37,71),(35,70),(33,69),(31,68),(29,67),(28,65),(26,64),(25,62),(24,60),(23,58),(22,56),(20,55),(19,53),(18,51),(17,49)
(16,47),(17,45),(18,43),(19,45),(17,46),(18,48),(19,50),(20,52),(21,54),(23,55),(21,56),(20,54),(19,52),(18,50),(17,48)
(16,46),(18,47),(19,49),(20,51),(21,53),(22,55),(23,57),(24,59),(25,61),(27,62),(25,63),(26,65),(28,64),(30,65),(28,66)
(30,67),(32,68),(34,69),(36,70),(38,71),(40,70),(41,72),(39,71),(37,70),(35,69),(33,68),(32,66),(34,67),(36,68),(38,69)
(37,67),(35,68),(37,69),(39,70),(41,71),(42,73),(44,74),(46,73),(44,72),(43,70),(41,69),(39,68),(41,67),(40,69),(38,68)
(36,67),(34,68),(32,67),(30,66),(29,64),(27,63),(26,61),(25,59),(24,61),(23,59),(22,57),(21,55),(20,53),(19,51),(18,49)
(17,47),(16,45),(15,43),(17,42),(18,44),(19,46),(20,48),(21,50),(22,52),(23,54),(24,56),(25,58),(26,60),(28,61),(26,62)
(27,64),(29,63),(31,64),(29,65),(31,66),(33,67),(35,66),(33,65),(32,63),(31,65),(33,66),(35,67),(37,68),(39,69),(41,70)
(43,71),(45,72),(47,71),(49,70),(48,72),(50,71),(52,70),(54,69),(56,68),(58,67),(57,65),(59,64),(61,65),(62,63),(60,64)
(58,65),(57,67),(55,68),(53,69),(51,70),(49,71),(47,72),(45,73),(43,72),(45,71),(47,70),(46,72),(48,71),(50,70),(48,69)
(46,70),(44,71),(42,70),(44,69),(42,68),(40,67),(38,66),(36,65),(34,66),(32,65),(30,64),(28,63),(30,62),(29,60),(28,62)
(30,63),(32,64),(34,65),(36,66),(38,67),(40,68),(42,69),(44,70),(46,71),(48,70),(50,69),(52,68),(54,67),(56,66),(57,64)
(59,63),(61,62),(63,61),(64,59),(65,61),(66,59),(67,57),(68,55),(69,53),(70,51),(68,52),(67,54),(66,56),(65,58),(64,60)
(63,62),(61,63),(62,61),(63,59),(64,57),(66,58),(67,56),(65,57),(66,55),(67,53),(68,51),(69,49),(70,47),(69,45),(70,43)
(69,41),(68,43),(67,41),(68,39),(69,37),(68,35),(67,33),(66,31),(65,29),(63,28),(62,26),(60,25),(61,27),(59,26),(61,25)
(60,23),(58,24),(56,23),(58,22),(56,21),(54,20),(52,19),(50,20),(48,19),(46,20),(45,18),(47,19),(49,20),(51,21),(53,22)
(55,23),(57,24),(59,25),(60,27),(62,28),(64,29),(63,27),(62,29),(64,30),(65,32),(66,34),(67,36),(65,35),(66,33),(65,31)
(63,30),(64,32),(65,34),(67,35),(68,37),(69,39),(70,41),(68,40),(67,38),(66,36),(64,35),(65,33),(64,31),(63,29),(62,27)
(61,29),(62,31),(63,33),(61,32),(63,31),(64,33),(62,32),(61,30),(60,28),(58,27),(60,26),(59,24),(57,25),(55,24),(57,23)
(55,22),(53,21),(51,20),(49,19),(48,21),(50,22),(52,21),(54,22),(52,23),(54,24),(56,25),(58,26),(59,28),(60,30),(61,28)
(62,30),(63,32),(62,34),(63,36),(64,34),(66,35),(67,37),(65,36),(66,38),(67,40),(68,42),(69,44),(70,46),(69,48),(68,50)
(70,49),(69,51),(68,53),(67,55),(65,56),(64,58),(63,60),(61,61),(60,63),(58,64),(57,66),(55,67),(53,68),(51,69),(49,68)
(47,69),(45,70),(43,69),(41,68),(39,67),(37,66),(35,65),(33,64),(31,63),(29,62),(27,61),(25,60),(27,59),(26,57),(24,58)
(23,56),(22,54),(21,52),(20,50),(19,48),(18,46),(17,44),(18,42),(16,41),(17,39),(18,37),(19,35),(20,33),(22,32),(23,30)
(24,28),(25,26),(27,25),(29,24),(30,22),(32,21),(34,20),(33,22),(31,23),(30,25),(29,23),(27,24),(25,25),(24,27),(23,29)
(25,28),(26,26),(28,25),(27,27),(29,26),(30,24),(31,22),(33,21),(35,20),(37,19),(39,18),(41,17),(43,18),(41,19),(39,20)
(37,21),(35,22),(36,20),(34,21),(33,23),(31,24),(29,25),(27,26),(25,27),(23,28),(22,30),(21,32),(20,34),(19,36),(18,38)
(19,40),(20,38),(21,36),(22,34),(23,32),(24,30),(26,29),(25,31),(24,29),(23,31),(22,33),(21,35),(20,37),(19,39),(18,41)
(17,43),(18,45),(19,47),(20,49),(21,51),(22,53),(24,54),(23,52),(22,50),(21,48),(20,46),(19,44),(20,42),(21,40),(22,38)
(20,39),(18,40),(19,38),(20,36),(21,34),(23,33),(24,31),(25,29),(26,27),(28,26),(27,28),(26,30),(25,32),(24,34),(22,35)
(21,37),(23,36),(25,35),(24,33),(23,35),(22,37),(21,39),(20,41),(19,43),(20,45),(21,47),(22,49),(23,51),(24,53),(25,55)
(24,57),(26,58),(27,60),(29,61),(31,62),(33,63),(35,64),(37,65),(39,66),(38,64),(40,65),(42,66),(43,68),(45,69),(44,67)
(46,68),(48,67),(49,69),(51,68),(53,67),(55,66),(56,64),(58,63),(60,62),(61,60),(62,58),(63,56),(65,55),(66,53),(67,51)
(68,49),(69,47),(70,45),(69,43),(68,41),(67,39),(66,37),(64,36),(63,34),(61,33),(60,31),(59,29),(57,28),(59,27),(58,25)
(56,26),(54,25),(56,24),(54,23),(52,22),(50,21),(48,20),(46,19),(44,18),(42,19),(44,20),(46,21),(45,19),(47,20),(49,21)
(51,22),(53,23),(51,24),(49,23),(47,22),(45,21),(44,19),(42,20),(41,18),(39,19),(37,20),(35,21),(34,23),(32,24),(31,26)
(29,27),(28,29),(26,28),(25,30),(24,32),(23,34),(22,36),(21,38),(20,40),(19,42),(20,44),(21,42),(22,40),(23,38),(24,36)
(25,34),(26,32),(27,30),(28,28),(30,27),(31,25),(32,23),(34,22),(36,21),(38,20),(40,19),(39,21),(41,20),(43,19),(45,20)
(47,21),(49,22),(51,23),(53,24),(55,25),(57,26),(55,27),(53,26),(52,24),(50,23),(48,22),(46,23),(48,24),(50,25),(52,26)
(54,27),(53,25),(55,26),(57,27),(58,29),(56,28),(57,30),(58,28),(60,29),(59,31),(60,33),(61,31),(62,33),(63,35),(64,37)
(65,39),(66,41),(67,43),(68,45),(67,47),(66,49),(68,48),(67,50),(66,52),(65,54),(64,56),(63,58),(62,60),(60,61),(58,62)
(56,63),(55,65),(53,66),(51,67),(52,65),(54,66),(56,65),(54,64),(55,62),(57,63),(59,62),(57,61),(59,60),(61,59),(62,57)
(63,55),(64,53),(66,54),(67,52),(65,51),(64,49),(66,50),(67,48),(68,46),(67,44),(66,42),(65,40),(64,38),(66,39),(65,37)
(63,38),(62,36),(61,34),(60,32),(59,30),(58,32),(59,34),(61,35),(62,37),(63,39),(65,38),(66,40),(67,42),(68,44),(67,46)
(66,48),(68,47),(67,49),(66,51),(65,53),(64,55),(63,57),(62,59),(60,60),(61,58),(62,56),(63,54),(64,52),(65,50),(63,51)
(65,52),(64,54),(62,53),(61,55),(60,57),(59,59),(58,61),(56,62),(55,64),(53,65),(52,67),(50,68),(51,66),(49,67),(47,68)
(45,67),(46,69),(48,68),(50,67),(52,66),(54,65),(53,63),(51,64),(50,66),(48,65),(47,67),(45,68),(46,66),(44,65),(43,67)
(41,66),(39,65),(37,64),(35,63),(33,62),(34,64),(36,63),(34,62),(32,61),(30,60),(28,59),(27,57),(25,56),(26,54),(24,55)
(25,57),(26,59),(28,60),(27,58),(26,56),(25,54),(23,53),(22,51),(21,49),(20,47),(21,45),(20,43),(21,41),(22,39),(23,37)
(24,35),(25,33),(26,31),(27,29),(28,27),(30,26),(32,25),(34,24),(36,23),(38,22),(40,21),(42,22),(43,20),(41,21),(43,22)
(45,23),(44,21),(46,22),(48,23),(50,24),(52,25),(54,26),(56,27),(57,29),(55,28),(53,27),(51,26),(49,25),(47,24),(45,25)
(44,23),(43,21),(45,22),(47,23),(49,24),(51,25),(52,27),(50,26),(48,25),(46,24),(47,26),(49,27),(51,28),(53,29),(55,30)
(54,28),(56,29),(58,30),(59,32),(57,31),(58,33),(60,34),(62,35),(63,37),(64,39),(65,41),(66,43),(67,45),(66,47),(65,49)
(64,51),(63,53),(62,55),(61,57),(60,59),(59,61),(57,62),(55,63),(53,64),(51,65),(49,66),(50,64),(52,63),(54,62),(56,61)
(58,60),(59,58),(60,56),(61,54),(62,52),(63,50),(64,48),(65,46),(66,44),(65,42),(64,40),(62,39),(63,41),(64,43),(65,45)
(64,47),(66,46),(65,48),(64,50),(63,52),(62,54),(61,56),(60,58),(58,59),(56,60),(54,61),(52,62),(54,63),(52,64),(50,65)
(48,66),(46,67),(44,68),(42,67),(40,66),(38,65),(36,64),(34,63),(32,62),(30,61),(29,59),(28,57),(27,55),(26,53),(24,52)
(23,50),(22,48),(21,46),(22,44),(23,46),(24,48),(22,47),(23,49),(24,51),(25,53),(26,55),(28,56),(29,58),(31,59),(33,60)
(31,61),(30,59),(28,58),(27,56),(29,57),(28,55),(27,53),(25,52),(24,50),(23,48),(22,46),(21,44),(22,42),(23,40),(24,38)
(25,36),(26,34),(27,32),(28,30),(29,28),(31,27),(33,26),(35,25),(33,24),(35,23),(37,22),(36,24),(34,25),(32,26),(31,28)
(29,29),(28,31),(27,33),(26,35),(25,37),(24,39),(23,41),(22,43),(23,45),(24,47),(25,49),(26,51),(28,52),(27,54),(26,52)
(25,50),(27,51),(28,53),(29,55),(30,57),(32,58),(31,60),(33,61),(35,62),(37,63),(39,64),(41,65),(43,66),(42,64),(40,63)
(38,62),(36,61),(34,60),(32,59),(30,58),(29,56),(28,54),(27,52),(25,51),(24,49),(23,47),(22,45),(21,43),(22,41),(23,39)
(24,37),(26,36),(25,38),(24,40),(23,42),(24,44),(25,46),(26,48),(27,50),(29,51),(30,53),(31,55),(29,54),(30,56),(31,58)
(32,60),(34,61),(36,62),(38,63),(40,64),(42,65),(44,66),(46,65),(48,64),(47,66),(49,65),(50,63),(51,61),(53,62),(51,63)
(49,64),(47,65),(45,66),(43,65),(41,64),(39,63),(37,62),(35,61),(34,59),(36,60),(38,61),(40,62),(42,63),(44,64),(46,63)
(45,65),(47,64),(49,63),(51,62),(53,61),(55,60),(57,59),(58,57),(59,55),(60,53),(61,51),(62,49),(63,47),(64,45),(65,47)
(66,45),(65,43),(64,41),(63,43),(65,44),(64,42),(63,40),(62,38),(61,36),(59,35),(60,37),(61,39),(62,41),(60,40),(61,38)
(60,36),(59,38),(61,37),(60,35),(59,33),(58,31),(56,30),(54,29),(52,28),(50,27),(48,26),(46,25),(44,24),(42,23),(44,22)
(42,21),(40,20),(38,21),(36,22),(38,23),(40,22),(39,24),(37,23),(39,22),(41,23),(43,24),(41,25),(40,23),(38,24),(36,25)
(34,26),(35,24),(33,25),(32,27),(30,28),(29,30),(27,31),(26,33),(28,32),(27,34),(29,33),(30,31),(31,29),(33,28),(35,27)
(37,26),(39,25),(37,24),(39,23),(41,22),(43,23),(41,24),(43,25),(45,24),(47,25),(49,26),(51,27),(53,28),(55,29),(56,31)
(54,30),(52,29),(50,28),(48,27),(46,26),(44,25),(42,24),(40,25),(38,26),(36,27),(37,25),(35,26),(33,27),(32,29),(30,30)
(29,32),(28,34),(27,36),(26,38),(25,40),(24,42),(23,44),(24,46),(25,48),(26,50),(28,49),(27,47),(26,49),(25,47),(24,45)
(23,43),(24,41),(25,39),(26,37),(27,35),(28,33),(29,31),(30,29),(32,28),(34,27),(36,26),(38,25),(40,24),(42,25),(40,26)
(38,27),(36,28),(34,29),(32,30),(31,32),(30,34),(28,35),(27,37),(26,39),(25,41),(24,43),(25,45),(26,47),(27,49),(28,51)
(29,53),(30,55),(31,57),(33,58),(35,59),(37,60),(39,61),(41,62),(43,63),(45,64),(47,63),(49,62),(47,61),(48,63),(46,64)
(45,62),(43,61),(44,63),(46,62),(48,61),(50,62),(52,61),(54,60),(56,59),(55,61),(57,60),(58,58),(59,56),(60,54),(61,52)
(62,50),(63,48),(64,46),(63,44),(62,42),(61,40),(60,38),(59,36),(58,34),(57,32),(55,31),(53,30),(51,29),(49,28),(47,27)
(45,26),(43,27),(41,26),(39,27),(37,28),(35,29),(33,30),(34,28),(36,29),(37,27),(39,26),(38,28),(40,27),(42,26),(44,27)
(46,28),(48,29),(50,30),(52,31),(54,32),(56,33),(57,35),(58,37),(59,39),(60,41),(62,40),(63,42),(64,44),(63,46),(62,48)
(61,50),(63,49),(62,51),(61,53),(60,55),(59,57),(57,58),(55,59),(53,60),(54,58),(56,57),(58,56),(59,54),(60,52),(58,53)
(57,55),(55,56),(56,58),(54,59),(52,60),(50,61),(48,62),(49,60),(51,59),(53,58),(55,57),(57,56),(58,54),(59,52),(60,50)
(61,48),(62,46),(61,44),(63,45),(62,47),(61,49),(60,51),(59,53),(58,55),(57,57),(55,58),(53,59),(51,60),(49,61),(47,62)
(45,63),(43,64),(41,63),(39,62),(37,61),(35,60),(33,59),(32,57),(34,58),(36,59),(38,60),(40,61),(42,62),(44,61),(46,60)
(48,59),(50,60),(52,59),(53,57),(51,58),(49,59),(47,60),(45,61),(43,62),(41,61),(39,60),(37,59),(35,58),(33,57),(31,56)
(30,54),(29,52),(28,50),(27,48),(26,46),(25,44),(26,42),(27,40),(28,38),(29,36),(31,35),(29,34),(30,32),(31,30),(33,29)
(35,28),(34,30),(32,31),(31,33),(30,35),(28,36),(27,38),(26,40),(25,42),(26,44),(27,46),(28,48),(29,50),(30,52),(31,54)
(32,56),(34,57),(36,58),(38,59),(40,60),(42,61),(44,62),(46,61),(48,60),(50,59),(52,58),(54,57),(56,56),(57,54),(58,52)
(59,50),(60,48),(61,46),(62,44),(61,42),(59,43),(60,45),(61,43),(62,45),(61,47),(60,49),(59,51),(57,52),(56,54),(54,55)
(52,56),(50,57),(48,58),(46,59),(44,60),(42,59),(40,58),(41,60),(39,59),(37,58),(35,57),(33,56),(32,54),(31,52),(30,50)
(29,48),(28,46),(26,45),(25,43),(27,44),(28,42),(26,41),(27,39),(28,37),(29,35),(30,33),(31,31),(32,33),(33,31),(35,30)
(37,29),(39,28),(41,27),(43,26),(45,27),(47,28),(49,29),(51,30),(53,31),(55,32),(57,33),(58,35),(59,37),(60,39),(61,41)
(62,43),(61,45),(60,47),(59,49),(58,51),(57,53),(56,55),(54,56),(52,57),(50,58),(51,56),(53,55),(55,54),(56,52),(57,50)
(58,48),(59,46),(60,44),(59,42),(58,40),(57,38),(58,36),(57,34),(56,32),(54,31),(52,30),(50,29),(48,28),(46,27),(44,26)
(42,27),(40,28),(38,29),(36,30),(34,31),(32,32),(31,34),(30,36),(29,38),(28,40),(27,42),(28,44),(26,43),(27,41),(28,39)
(29,37),(31,36),(32,34),(33,32),(35,31),(37,30),(39,29),(41,28),(43,29),(45,28),(47,29),(49,30),(51,31),(53,32),(55,33)
(56,35),(57,37),(58,39),(59,41),(60,43),(59,45),(58,47),(60,46),(59,48),(58,50),(56,51),(55,53),(53,54),(55,55),(56,53)
(57,51),(58,49),(59,47),(58,45),(57,47),(56,49),(55,51),(54,53),(52,54),(53,56),(51,57),(49,58),(47,59),(45,60),(43,59)
(45,58),(47,57),(49,56),(51,55),(52,53),(54,54),(55,52),(56,50),(57,48),(58,46),(59,44),(60,42),(59,40),(58,38),(57,36)
(56,34),(54,33),(52,32),(50,31),(48,30),(46,29),(44,28),(42,29),(40,30),(38,31),(36,32),(34,33),(33,35),(32,37),(30,38)
(29,40),(31,39),(30,37),(29,39),(28,41),(27,43),(28,45),(29,47),(30,49),(31,51),(32,53),(33,55),(35,56),(37,57),(39,58)
(41,59),(43,60),(45,59),(47,58),(49,57),(50,55),(48,56),(46,57),(44,58),(42,57),(44,56),(43,58),(42,60),(40,59),(38,58)
(36,57),(34,56),(32,55),(31,53),(30,51),(29,49),(28,47),(27,45),(28,43),(29,41),(30,39),(31,37),(32,35),(33,33),(35,32)
(37,31),(39,30),(41,29),(43,28),(45,29),(47,30),(49,31),(51,32),(53,33),(55,34),(56,36),(54,35),(52,34),(50,33),(48,32)
(46,31),(44,30),(42,31),(40,32),(41,30),(42,28),(40,29),(38,30),(36,31),(34,32),(33,34),(32,36),(31,38),(30,40),(29,42)
(30,44),(29,46),(30,48),(31,50),(32,52),(33,54),(35,55),(37,56),(39,57),(41,58),(43,57),(44,59),(42,58),(40,57),(38,56)
(36,55),(34,54),(33,52),(32,50),(31,48),(30,46),(29,44),(30,42),(31,40),(32,38),(33,36),(34,34),(36,33),(38,32),(40,31)
(42,30),(44,29),(46,30),(48,31),(50,32),(52,33),(54,34),(55,36),(56,38),(57,40),(58,42),(57,44),(56,46),(55,48),(57,49)
(55,50),(54,52),(53,50),(55,49),(56,47),(57,45),(58,43),(57,41),(56,39),(55,37),(53,36),(55,35),(56,37),(57,39),(58,41)
(57,43),(56,41),(55,39),(54,37),(53,35),(51,34),(49,33),(47,32),(45,31),(43,30),(41,31),(39,32),(37,33),(35,34),(34,36)
(33,38),(32,40),(30,41),(29,43),(31,42),(33,41),(32,39),(31,41),(30,43),(29,45),(30,47),(31,49),(32,51),(33,53),(34,55)
(36,56),(38,57),(40,56),(38,55),(36,54),(34,53),(33,51),(32,49),(31,47),(30,45),(31,43),(32,41),(33,39),(34,37),(35,35)
(37,34),(35,33),(37,32),(39,31),(38,33),(36,34),(34,35),(33,37),(35,36),(34,38),(33,40),(32,42),(31,44),(32,46),(33,48)
(34,50),(35,52),(37,53),(35,54),(34,52),(33,50),(32,48),(31,46),(32,44),(33,42),(34,40),(35,38),(36,36),(38,35),(39,33)
(41,32),(43,31),(45,30),(47,31),(49,32),(51,33),(53,34),(54,36),(55,38),(56,40),(57,42),(58,44),(57,46),(56,48),(55,46)
(56,44),(55,42),(54,40),(53,38),(52,36),(50,35),(48,34),(46,33),(44,32),(42,33),(40,34),(39,36),(37,35),(39,34),(41,33)
(43,32),(45,33),(44,31),(42,32),(40,33),(38,34),(36,35),(37,37),(36,39),(35,37),(34,39),(35,41),(34,43),(33,45),(32,43)
(31,45),(32,47),(33,49),(34,51),(35,53),(37,54),(39,55),(41,56),(43,55),(44,57),(46,58),(45,56),(47,55),(48,57),(50,56)
(52,55),(53,53),(54,51),(52,52),(51,54),(49,55),(47,56),(45,57),(46,55),(48,54),(50,53),(51,51),(53,52),(54,50),(52,51)
(51,53),(49,54),(50,52),(48,53),(50,54),(48,55),(46,56),(45,54),(47,53),(49,52),(50,50),(51,52),(53,51),(54,49),(55,47)
(56,45),(55,43),(54,45),(53,47),(52,49),(54,48),(53,46),(55,45),(56,43),(54,44),(53,42),(55,41),(54,39),(53,37),(52,35)
(50,34),(48,33),(46,32),(44,33),(42,34),(40,35),(38,36),(36,37),(35,39),(34,41),(33,43),(32,45),(33,47),(34,49),(35,51)
(36,53),(37,55),(39,56),(41,57),(43,56),(41,55),(39,54),(38,52),(36,51),(35,49),(34,47),(35,45),(33,46),(34,48),(35,50)
(36,52),(38,53),(40,54),(42,55),(44,54),(42,53),(40,52),(41,54),(42,56),(40,55),(38,54),(37,52),(39,53),(38,51),(36,50)
(35,48),(34,46),(33,44),(34,42),(35,40),(36,38),(37,36),(39,35),(41,34),(43,33),(45,32),(47,33),(49,34),(51,35),(52,37)
(54,38),(55,40),(56,42),(55,44),(54,42),(53,40),(52,38),(51,36),(49,35),(47,34),(45,35),(43,34),(41,35),(40,37),(38,38)
(37,40),(36,42),(35,44),(36,46),(34,45),(35,47),(36,49),(37,51),(39,52),(41,53),(43,54),(45,55),(47,54),(49,53),(48,51)
(46,52),(44,53),(46,54),(44,55),(42,54),(40,53),(42,52),(40,51),(38,50),(37,48),(39,49),(37,50),(36,48),(35,46),(34,44)
(35,42),(36,40),(37,38),(39,37),(41,36),(43,35),(45,34),(47,35),(49,36),(51,37),(52,39),(53,41),(54,43),(52,44),(51,42)
(52,40),(54,41),(53,39),(51,38),(50,36),(48,35),(46,34),(44,35),(42,36),(44,37),(46,36),(48,37),(50,38),(51,40),(52,42)
(53,44),(54,46),(53,48),(52,50),(50,51),(48,52),(46,53),(44,52),(42,51),(43,53),(41,52),(39,51),(38,49),(40,50),(39,48)
(37,49),(36,47),(37,45),(36,43),(37,41),(38,39),(40,38),(38,37),(40,36),(42,35),(44,34),(46,35),(48,36),(50,37),(51,39)
(52,41),(53,43),(52,45),(51,47),(50,49),(52,48),(54,47),(53,49),(51,50),(49,51),(47,52),(45,53),(43,52),(41,51),(39,50)
(38,48),(37,46),(36,44),(38,43),(39,41),(37,42),(35,43),(36,41),(37,39),(39,38),(38,40),(40,39),(41,37),(43,36),(42,38)
(41,40),(39,39),(41,38),(43,37),(45,36),(47,37),(49,38),(50,40),(48,39),(49,37),(47,36),(46,38),(44,39),(45,37),(47,38)
(49,39),(50,41),(51,43),(50,45),(52,46),(51,48),(49,49),(47,50),(45,51),(43,50),(41,49),(40,47),(38,46),(36,45),(37,47)
(38,45),(37,43),(38,41),(40,40),(42,39),(44,38),(42,37),(44,36),(46,37),(48,38),(50,39),(51,41),(52,43),(53,45),(52,47)
(51,49),(49,50),(47,51),(45,52),(43,51),(41,50),(40,48),(38,47),(39,45),(37,44),(38,42),(39,40),(41,39),(43,38),(45,39)
(47,40),(49,41),(50,43),(51,45),(50,47),(48,48),(49,46),(50,48),(51,46),(50,44),(49,42),(48,40),(46,39),(44,40),(45,38)
(43,39),(42,41),(40,42),(39,44),(40,46),(41,48),(39,47),(40,49),(42,50),(44,51),(46,50),(48,49),(49,47),(47,48),(48,50)
(46,51),(45,49),(43,48),(44,50),(42,49),(41,47),(39,46),(38,44),(39,42),(41,41),(43,40),(45,41),(47,42),(46,40),(48,41)
(47,39),(49,40),(50,42),(51,44),(49,43),(48,45),(50,46),(49,48),(47,49),(45,50),(43,49),(45,48),(47,47),(46,49),(44,48)
(42,47),(41,45),(40,43),(42,42),(40,41),(39,43),(40,45),(41,43),(43,42),(42,40),(44,41),(46,42),(45,40),(47,41),(48,43)
(49,45),(48,47),(46,48),(44,49),(42,48),(41,46),(40,44),(41,42),(43,41),(42,43),(44,42),(46,41),(48,42),(49,44),(48,46)
(46,47),(47,45),(46,43),(48,44),(47,46),(45,47),(43,46),(42,44),(44,43),(46,44),(45,42),(47,43),(46,45),(44,44),(45,46)
(43,47),(42,45),(44,46),(43,44),(45,43),(47,44),(45,45),(44,47),(42,46),(41,44),(43,45),(45,44),(43,43),(44,45),(46,46)]
