
==< Knight's tour on a 21x21 chessboard starting at (10,8) >==

Execution time: 0.014 s

Path:
(10,8),(9,6),(8,4),(7,2),(6,0),(4,1),(2,0),(0,1),(1,3),(0,5),(1,7),(0,9),(1,11),(0,13),(1,15),(0,17)
(1,19),(3,20),(5,19),(7,20),(9,19),(11,20),(13,19),(15,20),(17,19),(19,20),(20,18),(18,19),(20,20),(19,18),(18,20)
(20,19),(19,17),(20,15),(19,13),(20,11),(19,9),(20,7),(19,5),(20,3),(19,1),(17,0),(15,1),(13,0),(11,1),(9,0)
(7,1),(5,0),(3,1),(1,0),(0,2),(2,1),(0,0),(1,2),(0,4),(2,3),(1,1),(3,0),(2,2),(0,3),(1,5)
(0,7),(1,9),(0,11),(1,13),(0,15),(1,17),(0,19),(2,20),(3,18),(4,20),(2,19),(0,20),(1,18),(0,16),(2,17)
(0,18),(1,20),(3,19),(5,20),(4,18),(6,19),(8,20),(10,19),(12,20),(14,19),(16,20),(17,18),(19,19),(20,17),(18,16)
(19,14),(20,16),(18,17),(19,15),(20,13),(19,11),(20,9),(19,7),(20,5),(19,3),(20,1),(18,0),(17,2),(16,0),(18,1)
(20,0),(19,2),(20,4),(18,3),(20,2),(19,0),(17,1),(15,0),(16,2),(14,1),(12,0),(10,1),(8,0),(9,2),(10,0)
(8,1),(6,2),(7,0),(5,1),(3,2),(4,0),(6,1),(4,2),(3,4),(5,3),(7,4),(8,2),(6,3),(4,4),(5,2)
(3,3),(1,4),(0,6),(2,5),(4,6),(2,7),(0,8),(1,6),(2,4),(4,3),(3,5),(5,4),(7,3),(6,5),(8,6)
(9,4),(7,5),(8,3),(9,1),(11,0),(10,2),(12,1),(14,0),(16,1),(18,2),(19,4),(20,6),(18,5),(17,3),(15,2)
(13,1),(11,2),(9,3),(10,5),(11,3),(13,2),(15,3),(17,4),(18,6),(19,8),(20,10),(19,12),(20,14),(19,16),(18,18)
(17,20),(16,18),(17,16),(18,14),(17,12),(18,10),(17,8),(16,6),(18,7),(20,8),(19,6),(18,4),(16,3),(14,2),(15,4)
(17,5),(16,7),(18,8),(19,10),(20,12),(18,13),(17,15),(16,17),(15,19),(13,20),(12,18),(14,17),(16,16),(18,15),(17,17)
(16,19),(14,20),(15,18),(13,17),(12,19),(10,20),(11,18),(9,17),(8,19),(6,20),(7,18),(5,17),(4,19),(2,18),(3,16)
(2,14),(1,16),(0,14),(1,12),(0,10),(1,8),(2,6),(4,5),(6,4),(5,6),(3,7),(2,9),(4,8),(3,6),(5,5)
(6,7),(8,8),(7,6),(5,7),(3,8),(2,10),(3,12),(4,10),(2,11),(0,12),(1,14),(2,16),(4,17),(6,18),(7,16)
(8,18),(9,20),(7,19),(5,18),(3,17),(2,15),(4,16),(6,17),(5,15),(3,14),(2,12),(1,10),(2,8),(3,10),(4,12)
(2,13),(3,15),(5,16),(4,14),(6,15),(7,17),(9,18),(11,19),(13,18),(15,17),(16,15),(17,13),(18,11),(17,9),(16,11)
(18,12),(17,14),(15,15),(16,13),(17,11),(18,9),(17,7),(16,5),(14,4),(12,3),(10,4),(8,5),(6,6),(4,7),(3,9)
(5,8),(7,7),(6,9),(5,11),(4,13),(3,11),(4,9),(6,8),(5,10),(7,9),(8,7),(9,5),(10,3),(12,2),(14,3)
(16,4),(17,6),(15,5),(13,4),(11,5),(10,7),(12,6),(11,4),(13,3),(14,5),(12,4),(13,6),(15,7),(16,9),(15,11)
(17,10),(16,8),(15,6),(13,5),(14,7),(15,9),(13,8),(14,6),(12,5),(10,6),(12,7),(14,8),(15,10),(16,12),(15,14)
(14,16),(12,17),(14,18),(15,16),(16,14),(14,15),(15,13),(13,14),(12,16),(10,17),(8,16),(10,15),(11,17),(13,16),(14,14)
(15,12),(16,10),(15,8),(14,10),(13,12),(12,14),(14,13),(13,15),(11,16),(10,18),(8,17),(6,16),(4,15),(3,13),(5,14)
(7,15),(9,16),(11,15),(9,14),(10,16),(12,15),(11,13),(12,11),(14,12),(12,13),(10,14),(8,15),(6,14),(5,12),(7,13)
(6,11),(5,13),(4,11),(5,9),(7,8),(6,10),(7,12),(8,14),(6,13),(7,11),(8,9),(9,7),(11,6),(13,7),(14,9)
(12,8),(13,10),(11,9),(9,8),(11,7),(12,9),(13,11),(11,12),(13,13),(14,11),(13,9),(11,8),(12,10),(10,9),(8,10)
(9,12),(10,10),(8,11),(6,12),(7,14),(9,13),(11,14),(9,15),(8,13),(10,12),(9,10),(11,11),(10,13),(8,12),(7,10)
(9,11),(11,10),(9,9),(10,11),(12,12)]

	-------------------------------------------------------------------------------------------------------------------------------
	|  52 |   7 |  50 |  59 |  54 |   9 | 138 |  61 | 142 |  11 | 230 |  63 | 250 |  13 | 228 |  65 |  74 |  15 |  76 |  67 |  72 |
	-------------------------------------------------------------------------------------------------------------------------------
	|  49 |  56 |  53 |   8 | 137 |  60 | 143 |  10 | 231 |  62 | 267 |  12 | 229 |  64 | 251 |  14 | 227 |  66 |  73 |  16 |  77 |
	-------------------------------------------------------------------------------------------------------------------------------
	|   6 |  51 |  58 |  55 | 144 | 139 | 232 | 141 | 268 | 237 | 246 | 249 | 266 | 271 | 226 | 261 | 252 |  75 | 224 |  71 |  68 |
	-------------------------------------------------------------------------------------------------------------------------------
	|  57 |  48 | 125 | 136 | 129 | 146 | 239 | 236 | 245 | 300 | 269 | 306 | 247 | 374 | 265 | 272 | 225 | 260 |  69 |  78 |  17 |
	-------------------------------------------------------------------------------------------------------------------------------
	| 126 |   5 | 128 | 145 | 134 | 233 | 140 | 299 | 238 | 307 | 248 | 393 | 270 | 305 | 274 | 373 | 262 | 253 |  80 | 223 |  70 |
	-------------------------------------------------------------------------------------------------------------------------------
	|  47 | 124 | 135 | 130 | 147 | 240 | 235 | 244 | 301 | 394 | 309 | 304 | 389 | 392 | 375 | 264 | 273 | 222 | 259 |  18 |  79 |
	-------------------------------------------------------------------------------------------------------------------------------
	|   4 | 127 | 122 | 133 | 234 | 149 | 298 | 241 | 308 | 303 | 396 | 391 | 424 | 399 | 388 | 275 | 372 | 263 | 254 |  81 | 220 |
	-------------------------------------------------------------------------------------------------------------------------------
	| 123 |  46 |   3 | 148 | 131 | 152 | 243 | 302 | 395 | 310 | 435 | 400 | 397 | 390 | 425 | 376 | 255 | 276 | 221 | 258 |  19 |
	-------------------------------------------------------------------------------------------------------------------------------
	| 118 | 121 | 132 | 153 |   2 | 297 | 150 | 311 | 242 | 401 | 420 | 423 | 434 | 429 | 398 | 387 | 356 | 371 | 256 | 219 |  82 |
	-------------------------------------------------------------------------------------------------------------------------------
	|  45 | 154 | 119 | 168 | 151 | 312 |   1 | 402 | 409 | 438 | 431 | 436 | 421 | 426 | 379 | 428 | 377 | 218 | 277 |  20 | 257 |
	-------------------------------------------------------------------------------------------------------------------------------
	| 120 | 117 | 156 | 313 | 296 | 169 | 340 | 321 |  ♞ | 419 | 422 | 439 | 430 | 433 | 386 | 357 | 380 | 355 | 370 |  83 | 216 |
	-------------------------------------------------------------------------------------------------------------------------------
	| 155 |  44 | 167 | 170 | 323 | 320 | 403 | 410 | 417 | 408 | 437 | 432 | 413 | 382 | 427 | 378 | 369 | 358 | 217 | 278 |  21 |
	-------------------------------------------------------------------------------------------------------------------------------
	| 116 | 157 | 314 | 295 | 326 | 339 | 322 | 341 | 406 | 411 | 418 | 383 | 440 | 385 | 366 | 381 | 354 | 347 | 206 | 215 |  84 |
	-------------------------------------------------------------------------------------------------------------------------------
	|  43 | 166 | 171 | 324 | 319 | 334 | 327 | 404 | 337 | 416 | 407 | 412 | 365 | 414 | 353 | 368 | 359 | 214 | 279 |  22 | 205 |
	-------------------------------------------------------------------------------------------------------------------------------
	| 158 | 115 | 194 | 315 | 294 | 325 | 338 | 335 | 342 | 405 | 364 | 415 | 384 | 367 | 360 | 351 | 346 | 207 | 348 |  85 | 212 |
	-------------------------------------------------------------------------------------------------------------------------------
	| 113 |  42 | 165 | 172 | 195 | 318 | 333 | 328 | 363 | 336 | 343 | 330 | 361 | 352 | 345 | 288 | 349 | 280 | 213 | 204 |  23 |
	-------------------------------------------------------------------------------------------------------------------------------
	| 104 | 159 | 114 | 193 | 316 | 293 | 188 | 197 | 332 | 329 | 362 | 285 | 344 | 289 | 350 | 281 | 208 | 203 | 182 | 211 |  86 |
	-------------------------------------------------------------------------------------------------------------------------------
	|  41 | 112 | 103 | 164 | 173 | 196 | 317 | 292 | 187 | 284 | 331 | 290 | 185 | 282 | 287 | 202 | 183 | 210 |  87 |  24 | 181 |
	-------------------------------------------------------------------------------------------------------------------------------
	| 102 | 105 | 160 | 109 | 192 | 163 | 174 | 189 | 198 | 291 | 186 | 283 | 286 | 201 | 184 | 209 |  90 |  93 | 180 |  27 |  30 |
	-------------------------------------------------------------------------------------------------------------------------------
	| 111 |  40 | 107 | 100 | 161 |  38 | 191 |  98 | 175 |  36 | 199 |  96 | 177 |  34 |  91 |  94 | 179 |  32 |  29 |  88 |  25 |
	-------------------------------------------------------------------------------------------------------------------------------
	| 106 | 101 | 110 |  39 | 108 |  99 | 162 |  37 | 190 |  97 | 176 |  35 | 200 |  95 | 178 |  33 |  92 |  89 |  26 |  31 |  28 |
	-------------------------------------------------------------------------------------------------------------------------------

